2026-05-17T18:38:37Z 200
2026-05-17T18:38:42Z 200
2026-05-17T18:38:47Z 200
2026-05-17T18:38:52Z 200
2026-05-17T18:38:57Z 200
2026-05-17T18:39:02Z 200
2026-05-17T18:39:07Z 200
2026-05-17T18:39:12Z 200
2026-05-17T18:39:17Z 200
2026-05-17T18:39:22Z 200
2026-05-17T18:39:27Z 200
2026-05-17T18:39:32Z 200
2026-05-17T18:39:37Z 200
2026-05-17T18:39:42Z 200
2026-05-17T18:39:47Z 200
2026-05-17T18:39:53Z 200
2026-05-17T18:39:58Z 200
2026-05-17T18:40:03Z 200
2026-05-17T18:40:08Z 200
2026-05-17T18:40:13Z 200
2026-05-17T18:40:18Z 200
2026-05-17T18:40:23Z 200
2026-05-17T18:40:28Z 200
2026-05-17T18:40:33Z 200
2026-05-17T18:40:38Z 200
2026-05-17T18:40:43Z 200
2026-05-17T18:40:48Z 200
2026-05-17T18:40:53Z 200
2026-05-17T18:40:58Z 200
2026-05-17T18:41:03Z 200
2026-05-17T18:41:08Z 200
2026-05-17T18:41:13Z 200
2026-05-17T18:41:18Z 200
2026-05-17T18:41:23Z 200
2026-05-17T18:41:28Z 200
2026-05-17T18:41:33Z 200
2026-05-17T18:41:38Z 200
2026-05-17T18:41:43Z 200
2026-05-17T18:41:48Z 200
2026-05-17T18:41:53Z 200
2026-05-17T18:41:58Z 200
2026-05-17T18:42:03Z 200
2026-05-17T18:42:08Z 200
2026-05-17T18:42:13Z 200
2026-05-17T18:42:18Z 200
2026-05-17T18:42:23Z 200
2026-05-17T18:42:28Z 200
2026-05-17T18:42:33Z 200
2026-05-17T18:42:38Z 200
2026-05-17T18:42:43Z 200
2026-05-17T18:42:48Z 200
2026-05-17T18:42:53Z 200
2026-05-17T18:42:58Z 200
2026-05-17T18:43:03Z 200
2026-05-17T18:43:08Z 200
2026-05-17T18:43:13Z 200
2026-05-17T18:43:18Z 200
2026-05-17T18:43:23Z 200
2026-05-17T18:43:28Z 200
2026-05-17T18:43:33Z 200
2026-05-17T18:43:38Z 200
2026-05-17T18:43:43Z 200
2026-05-17T18:43:48Z 200
2026-05-17T18:43:53Z 200
2026-05-17T18:43:58Z 200
2026-05-17T18:44:03Z 200
2026-05-17T18:44:08Z 200
2026-05-17T18:44:13Z 200
2026-05-17T18:44:18Z 200
2026-05-17T18:44:23Z 200
2026-05-17T18:44:28Z 200
2026-05-17T18:44:33Z 200
