2026-05-17T18:38:37Z
               total        used        free      shared  buff/cache   available
Mem:            7937         520         345          59        7071        7050
Swap:           4095           1        4094

2026-05-17T18:38:47Z
               total        used        free      shared  buff/cache   available
Mem:            7937         532         333          60        7072        7038
Swap:           4095           1        4094

2026-05-17T18:38:57Z
               total        used        free      shared  buff/cache   available
Mem:            7937         534         330          60        7072        7035
Swap:           4095           1        4094

2026-05-17T18:39:07Z
               total        used        free      shared  buff/cache   available
Mem:            7937         543         322          60        7072        7027
Swap:           4095           1        4094

2026-05-17T18:39:17Z
               total        used        free      shared  buff/cache   available
Mem:            7937         532         332          60        7073        7038
Swap:           4095           1        4094

2026-05-17T18:39:27Z
               total        used        free      shared  buff/cache   available
Mem:            7937         535         329          60        7073        7035
Swap:           4095           1        4094

2026-05-17T18:39:37Z
               total        used        free      shared  buff/cache   available
Mem:            7937         532         331          60        7073        7037
Swap:           4095           1        4094

2026-05-17T18:39:47Z
               total        used        free      shared  buff/cache   available
Mem:            7937         534         329          61        7074        7035
Swap:           4095           1        4094

2026-05-17T18:39:57Z
               total        used        free      shared  buff/cache   available
Mem:            7937         527         336          61        7074        7042
Swap:           4095           1        4094

2026-05-17T18:40:07Z
               total        used        free      shared  buff/cache   available
Mem:            7937         528         334          61        7074        7041
Swap:           4095           1        4094

2026-05-17T18:40:17Z
               total        used        free      shared  buff/cache   available
Mem:            7937         531         330          61        7075        7037
Swap:           4095           1        4094

2026-05-17T18:40:27Z
               total        used        free      shared  buff/cache   available
Mem:            7937         533         328          61        7075        7035
Swap:           4095           1        4094

2026-05-17T18:40:37Z
               total        used        free      shared  buff/cache   available
Mem:            7937         531         330          62        7076        7037
Swap:           4095           1        4094

2026-05-17T18:40:47Z
               total        used        free      shared  buff/cache   available
Mem:            7937         540         320          62        7076        7028
Swap:           4095           1        4094

2026-05-17T18:40:57Z
               total        used        free      shared  buff/cache   available
Mem:            7937         536         324          62        7077        7032
Swap:           4095           1        4094

2026-05-17T18:41:07Z
               total        used        free      shared  buff/cache   available
Mem:            7937         544         315          62        7077        7023
Swap:           4095           1        4094

2026-05-17T18:41:17Z
               total        used        free      shared  buff/cache   available
Mem:            7937         533         325          63        7078        7033
Swap:           4095           1        4094

2026-05-17T18:41:27Z
               total        used        free      shared  buff/cache   available
Mem:            7937         535         323          63        7078        7031
Swap:           4095           1        4094

2026-05-17T18:41:37Z
               total        used        free      shared  buff/cache   available
Mem:            7937         536         321          63        7079        7030
Swap:           4095           1        4094

2026-05-17T18:41:47Z
               total        used        free      shared  buff/cache   available
Mem:            7937         534         323          64        7080        7032
Swap:           4095           1        4094

2026-05-17T18:41:57Z
               total        used        free      shared  buff/cache   available
Mem:            7937         538         318          64        7081        7027
Swap:           4095           1        4094

2026-05-17T18:42:07Z
               total        used        free      shared  buff/cache   available
Mem:            7937         536         319          65        7082        7029
Swap:           4095           1        4094

2026-05-17T18:42:17Z
               total        used        free      shared  buff/cache   available
Mem:            7937         543         311          65        7082        7022
Swap:           4095           1        4094

2026-05-17T18:42:27Z
               total        used        free      shared  buff/cache   available
Mem:            7937         540         313          65        7083        7024
Swap:           4095           1        4094

2026-05-17T18:42:37Z
               total        used        free      shared  buff/cache   available
Mem:            7937         540         313          66        7084        7024
Swap:           4095           1        4094

2026-05-17T18:42:47Z
               total        used        free      shared  buff/cache   available
Mem:            7937         543         309          66        7084        7020
Swap:           4095           1        4094

2026-05-17T18:42:57Z
               total        used        free      shared  buff/cache   available
Mem:            7937         540         312          66        7085        7023
Swap:           4095           1        4094

2026-05-17T18:43:07Z
               total        used        free      shared  buff/cache   available
Mem:            7937         541         309          67        7086        7022
Swap:           4095           1        4094

2026-05-17T18:43:17Z
               total        used        free      shared  buff/cache   available
Mem:            7937         539         312          67        7086        7024
Swap:           4095           1        4094

2026-05-17T18:43:27Z
               total        used        free      shared  buff/cache   available
Mem:            7937         546         303          67        7087        7016
Swap:           4095           1        4094

2026-05-17T18:43:37Z
               total        used        free      shared  buff/cache   available
Mem:            7937         543         307          67        7087        7020
Swap:           4095           1        4094

2026-05-17T18:43:47Z
               total        used        free      shared  buff/cache   available
Mem:            7937         543         305          67        7088        7019
Swap:           4095           1        4094

2026-05-17T18:43:57Z
               total        used        free      shared  buff/cache   available
Mem:            7937         535         314          68        7088        7027
Swap:           4095           1        4094

2026-05-17T18:44:07Z
               total        used        free      shared  buff/cache   available
Mem:            7937         536         312          68        7088        7026
Swap:           4095           1        4094

2026-05-17T18:44:17Z
               total        used        free      shared  buff/cache   available
Mem:            7937         538         311          68        7088        7024
Swap:           4095           1        4094

2026-05-17T18:44:27Z
               total        used        free      shared  buff/cache   available
Mem:            7937         531         318          68        7088        7031
Swap:           4095           1        4094

