Linux 5.15.0-119-generic (team-08) 	05/17/26 	_x86_64_	(2 CPU)

avg-cpu:  %user   %nice %system %iowait  %steal   %idle
           0.11    0.01    0.09    0.02    0.00   99.77

Device            r/s     rkB/s   rrqm/s  %rrqm r_await rareq-sz     w/s     wkB/s   wrqm/s  %wrqm w_await wareq-sz     d/s     dkB/s   drqm/s  %drqm d_await dareq-sz     f/s f_await  aqu-sz  %util
dm-0             0.01      0.38     0.00   0.00    8.06    47.43    2.47     18.58     0.00   0.00    4.80     7.51    0.00     25.64     0.00   0.00    0.74 15271.04    0.00    0.00    0.01   0.14
fd0              0.00      0.00     0.00   0.00   13.61     4.00    0.00      0.00     0.00   0.00    0.00     0.00    0.00      0.00     0.00   0.00    0.00     0.00    0.00    0.00    0.00   0.00
loop0            0.00      0.00     0.00   0.00    6.41     9.27    0.00      0.00     0.00   0.00    0.00     0.00    0.00      0.00     0.00   0.00    0.00     0.00    0.00    0.00    0.00   0.00
loop1            0.00      0.01     0.00   0.00    1.95    29.34    0.00      0.00     0.00   0.00    0.00     0.00    0.00      0.00     0.00   0.00    0.00     0.00    0.00    0.00    0.00   0.00
loop2            0.00      0.00     0.00   0.00    3.50    11.94    0.00      0.00     0.00   0.00    0.00     0.00    0.00      0.00     0.00   0.00    0.00     0.00    0.00    0.00    0.00   0.00
loop3            0.00      0.00     0.00   0.00    0.01     8.61    0.00      0.00     0.00   0.00    0.00     0.00    0.00      0.00     0.00   0.00    0.00     0.00    0.00    0.00    0.00   0.00
loop4            0.00      0.00     0.00   0.00    0.01    10.81    0.00      0.00     0.00   0.00    0.00     0.00    0.00      0.00     0.00   0.00    0.00     0.00    0.00    0.00    0.00   0.00
loop5            0.00      0.01     0.00   0.00    0.03    34.49    0.00      0.00     0.00   0.00    0.00     0.00    0.00      0.00     0.00   0.00    0.00     0.00    0.00    0.00    0.00   0.00
loop6            0.00      0.00     0.00   0.00    0.01    12.67    0.00      0.00     0.00   0.00    0.00     0.00    0.00      0.00     0.00   0.00    0.00     0.00    0.00    0.00    0.00   0.00
loop7            0.00      0.00     0.00   0.00    0.00     1.00    0.00      0.00     0.00   0.00    0.00     0.00    0.00      0.00     0.00   0.00    0.00     0.00    0.00    0.00    0.00   0.00
sda              0.01      0.51     0.00  10.19    6.54    56.72    1.93     18.96     0.55  22.23    4.46     9.83    0.00     26.54     0.00  23.74    0.62 20162.18    0.00    0.00    0.01   0.14
sr0              0.00      0.00     0.00   0.00    1.21     0.20    0.00      0.00     0.00   0.00    0.00     0.00    0.00      0.00     0.00   0.00    0.00     0.00    0.00    0.00    0.00   0.00


avg-cpu:  %user   %nice %system %iowait  %steal   %idle
           3.65    0.00    4.67    0.51    0.00   91.17

Device            r/s     rkB/s   rrqm/s  %rrqm r_await rareq-sz     w/s     wkB/s   wrqm/s  %wrqm w_await wareq-sz     d/s     dkB/s   drqm/s  %drqm d_await dareq-sz     f/s f_await  aqu-sz  %util
dm-0             0.00      0.00     0.00   0.00    0.00     0.00   72.60    890.40     0.00   0.00    0.14    12.26    0.00      0.00     0.00   0.00    0.00     0.00    0.00    0.00    0.01  19.52
sda              0.00      0.00     0.00   0.00    0.00     0.00   65.20    890.40     7.40  10.19    0.28    13.66    0.00      0.00     0.00   0.00    0.00     0.00    0.00    0.00    0.02  19.52


avg-cpu:  %user   %nice %system %iowait  %steal   %idle
           4.97    0.00    6.84    0.83    0.00   87.36

Device            r/s     rkB/s   rrqm/s  %rrqm r_await rareq-sz     w/s     wkB/s   wrqm/s  %wrqm w_await wareq-sz     d/s     dkB/s   drqm/s  %drqm d_await dareq-sz     f/s f_await  aqu-sz  %util
dm-0             0.00      0.00     0.00   0.00    0.00     0.00  108.00   1316.80     0.00   0.00    0.25    12.19    0.00      0.00     0.00   0.00    0.00     0.00    0.00    0.00    0.03  33.60
sda              0.00      0.00     0.00   0.00    0.00     0.00  105.60   1316.80     2.40   2.22    0.27    12.47    0.00      0.00     0.00   0.00    0.00     0.00    0.00    0.00    0.03  33.68


avg-cpu:  %user   %nice %system %iowait  %steal   %idle
           4.84    0.00    6.86    0.81    0.00   87.49

Device            r/s     rkB/s   rrqm/s  %rrqm r_await rareq-sz     w/s     wkB/s   wrqm/s  %wrqm w_await wareq-sz     d/s     dkB/s   drqm/s  %drqm d_await dareq-sz     f/s f_await  aqu-sz  %util
dm-0             0.00      0.00     0.00   0.00    0.00     0.00  112.80   1278.40     0.00   0.00    0.35    11.33    0.00      0.00     0.00   0.00    0.00     0.00    0.00    0.00    0.04  32.88
sda              0.00      0.00     0.00   0.00    0.00     0.00  109.00   1278.40     3.80   3.37    0.27    11.73    0.00      0.00     0.00   0.00    0.00     0.00    0.00    0.00    0.03  32.88


avg-cpu:  %user   %nice %system %iowait  %steal   %idle
           4.18    0.00    5.30    0.81    0.00   89.71

Device            r/s     rkB/s   rrqm/s  %rrqm r_await rareq-sz     w/s     wkB/s   wrqm/s  %wrqm w_await wareq-sz     d/s     dkB/s   drqm/s  %drqm d_await dareq-sz     f/s f_await  aqu-sz  %util
dm-0             0.00      0.00     0.00   0.00    0.00     0.00  145.40   1271.20     0.00   0.00    0.17     8.74    0.00      0.00     0.00   0.00    0.00     0.00    0.00    0.00    0.02  30.96
sda              0.00      0.00     0.00   0.00    0.00     0.00  112.80   1271.20    32.60  22.42    0.26    11.27    0.00      0.00     0.00   0.00    0.00     0.00    0.00    0.00    0.03  31.04


avg-cpu:  %user   %nice %system %iowait  %steal   %idle
           4.23    0.00    4.64    0.93    0.00   90.21

Device            r/s     rkB/s   rrqm/s  %rrqm r_await rareq-sz     w/s     wkB/s   wrqm/s  %wrqm w_await wareq-sz     d/s     dkB/s   drqm/s  %drqm d_await dareq-sz     f/s f_await  aqu-sz  %util
dm-0             0.00      0.00     0.00   0.00    0.00     0.00  114.40   1208.80     0.00   0.00    0.31    10.57    0.00      0.00     0.00   0.00    0.00     0.00    0.00    0.00    0.04  34.96
sda              0.00      0.00     0.00   0.00    0.00     0.00  107.80   1208.80     6.60   5.77    0.29    11.21    0.00      0.00     0.00   0.00    0.00     0.00    0.00    0.00    0.03  34.88


avg-cpu:  %user   %nice %system %iowait  %steal   %idle
           5.86    0.00    6.75    0.79    0.00   86.59

Device            r/s     rkB/s   rrqm/s  %rrqm r_await rareq-sz     w/s     wkB/s   wrqm/s  %wrqm w_await wareq-sz     d/s     dkB/s   drqm/s  %drqm d_await dareq-sz     f/s f_await  aqu-sz  %util
dm-0             0.00      0.00     0.00   0.00    0.00     0.00  107.80   1100.00     0.00   0.00    0.28    10.20    0.00      0.00     0.00   0.00    0.00     0.00    0.00    0.00    0.03  33.20
sda              0.00      0.00     0.00   0.00    0.00     0.00  105.40   1100.00     2.40   2.23    0.26    10.44    0.00      0.00     0.00   0.00    0.00     0.00    0.00    0.00    0.03  33.12


avg-cpu:  %user   %nice %system %iowait  %steal   %idle
           4.04    0.00    4.14    0.83    0.00   90.99

Device            r/s     rkB/s   rrqm/s  %rrqm r_await rareq-sz     w/s     wkB/s   wrqm/s  %wrqm w_await wareq-sz     d/s     dkB/s   drqm/s  %drqm d_await dareq-sz     f/s f_await  aqu-sz  %util
dm-0             0.00      0.00     0.00   0.00    0.00     0.00  117.60   1192.80     0.00   0.00    0.17    10.14    0.00      0.00     0.00   0.00    0.00     0.00    0.00    0.00    0.02  33.52
sda              0.00      0.00     0.00   0.00    0.00     0.00  111.20   1192.80     6.40   5.44    0.26    10.73    0.00      0.00     0.00   0.00    0.00     0.00    0.00    0.00    0.03  33.60


avg-cpu:  %user   %nice %system %iowait  %steal   %idle
           5.79    0.00    6.10    0.71    0.00   87.40

Device            r/s     rkB/s   rrqm/s  %rrqm r_await rareq-sz     w/s     wkB/s   wrqm/s  %wrqm w_await wareq-sz     d/s     dkB/s   drqm/s  %drqm d_await dareq-sz     f/s f_await  aqu-sz  %util
dm-0             0.00      0.00     0.00   0.00    0.00     0.00  108.60   1112.80     0.00   0.00    0.35    10.25    0.00      0.00     0.00   0.00    0.00     0.00    0.00    0.00    0.04  33.92
sda              0.00      0.00     0.00   0.00    0.00     0.00  104.80   1112.80     3.80   3.50    0.25    10.62    0.00      0.00     0.00   0.00    0.00     0.00    0.00    0.00    0.03  33.92


avg-cpu:  %user   %nice %system %iowait  %steal   %idle
           6.00    0.00    8.46    0.79    0.00   84.76

Device            r/s     rkB/s   rrqm/s  %rrqm r_await rareq-sz     w/s     wkB/s   wrqm/s  %wrqm w_await wareq-sz     d/s     dkB/s   drqm/s  %drqm d_await dareq-sz     f/s f_await  aqu-sz  %util
dm-0             0.00      0.00     0.00   0.00    0.00     0.00  110.00   1223.20     0.00   0.00    0.14    11.12    0.00      0.00     0.00   0.00    0.00     0.00    0.00    0.00    0.02  33.44
sda              0.00      0.00     0.00   0.00    0.00     0.00  106.20   1223.20     3.80   3.45    0.27    11.52    0.00      0.00     0.00   0.00    0.00     0.00    0.00    0.00    0.03  33.36


avg-cpu:  %user   %nice %system %iowait  %steal   %idle
           3.23    0.00    4.48    0.94    0.00   91.35

Device            r/s     rkB/s   rrqm/s  %rrqm r_await rareq-sz     w/s     wkB/s   wrqm/s  %wrqm w_await wareq-sz     d/s     dkB/s   drqm/s  %drqm d_await dareq-sz     f/s f_await  aqu-sz  %util
dm-0             0.00      0.00     0.00   0.00    0.00     0.00  112.60   1140.00     0.00   0.00    0.32    10.12    0.00      0.00     0.00   0.00    0.00     0.00    0.00    0.00    0.04  34.24
sda              0.00      0.00     0.00   0.00    0.00     0.00  108.40   1140.00     4.20   3.73    0.29    10.52    0.00      0.00     0.00   0.00    0.00     0.00    0.00    0.00    0.03  34.24


avg-cpu:  %user   %nice %system %iowait  %steal   %idle
           4.96    0.00    4.96    1.01    0.00   89.07

Device            r/s     rkB/s   rrqm/s  %rrqm r_await rareq-sz     w/s     wkB/s   wrqm/s  %wrqm w_await wareq-sz     d/s     dkB/s   drqm/s  %drqm d_await dareq-sz     f/s f_await  aqu-sz  %util
dm-0             0.00      0.00     0.00   0.00    0.00     0.00  109.60   1070.40     0.00   0.00    0.43     9.77    0.00      0.00     0.00   0.00    0.00     0.00    0.00    0.00    0.05  34.08
sda              0.00      0.00     0.00   0.00    0.00     0.00  106.20   1070.40     3.40   3.10    0.32    10.08    0.00      0.00     0.00   0.00    0.00     0.00    0.00    0.00    0.03  34.00


avg-cpu:  %user   %nice %system %iowait  %steal   %idle
           5.06    0.00    6.95    0.89    0.00   87.09

Device            r/s     rkB/s   rrqm/s  %rrqm r_await rareq-sz     w/s     wkB/s   wrqm/s  %wrqm w_await wareq-sz     d/s     dkB/s   drqm/s  %drqm d_await dareq-sz     f/s f_await  aqu-sz  %util
dm-0             0.00      0.00     0.00   0.00    0.00     0.00  119.80   1125.60     0.00   0.00    0.17     9.40    0.00      0.00     0.00   0.00    0.00     0.00    0.00    0.00    0.02  32.00
sda              0.00      0.00     0.00   0.00    0.00     0.00  111.20   1125.60     8.60   7.18    0.28    10.12    0.00      0.00     0.00   0.00    0.00     0.00    0.00    0.00    0.03  32.08


avg-cpu:  %user   %nice %system %iowait  %steal   %idle
           4.77    0.00    4.46    1.04    0.00   89.74

Device            r/s     rkB/s   rrqm/s  %rrqm r_await rareq-sz     w/s     wkB/s   wrqm/s  %wrqm w_await wareq-sz     d/s     dkB/s   drqm/s  %drqm d_await dareq-sz     f/s f_await  aqu-sz  %util
dm-0             0.00      0.00     0.00   0.00    0.00     0.00  110.80    980.80     0.00   0.00    0.35     8.85    0.00      0.00     0.00   0.00    0.00     0.00    0.00    0.00    0.04  34.96
sda              0.00      0.00     0.00   0.00    0.00     0.00  106.80    980.80     4.00   3.61    0.30     9.18    0.00      0.00     0.00   0.00    0.00     0.00    0.00    0.00    0.03  34.96


avg-cpu:  %user   %nice %system %iowait  %steal   %idle
           4.55    0.00    6.48    0.91    0.00   88.06

Device            r/s     rkB/s   rrqm/s  %rrqm r_await rareq-sz     w/s     wkB/s   wrqm/s  %wrqm w_await wareq-sz     d/s     dkB/s   drqm/s  %drqm d_await dareq-sz     f/s f_await  aqu-sz  %util
dm-0             0.00      0.00     0.00   0.00    0.00     0.00  113.80    977.60     0.00   0.00    0.27     8.59    0.00      0.00     0.00   0.00    0.00     0.00    0.00    0.00    0.03  33.12
sda              0.00      0.00     0.00   0.00    0.00     0.00  109.80    977.60     4.00   3.51    0.30     8.90    0.00      0.00     0.00   0.00    0.00     0.00    0.00    0.00    0.03  33.20


avg-cpu:  %user   %nice %system %iowait  %steal   %idle
           4.86    0.00    6.41    0.83    0.00   87.90

Device            r/s     rkB/s   rrqm/s  %rrqm r_await rareq-sz     w/s     wkB/s   wrqm/s  %wrqm w_await wareq-sz     d/s     dkB/s   drqm/s  %drqm d_await dareq-sz     f/s f_await  aqu-sz  %util
dm-0             0.00      0.00     0.00   0.00    0.00     0.00  107.60    960.80     0.00   0.00    0.23     8.93    0.00      0.00     0.00   0.00    0.00     0.00    0.00    0.00    0.02  32.96
sda              0.00      0.00     0.00   0.00    0.00     0.00  104.80    960.80     2.80   2.60    0.29     9.17    0.00      0.00     0.00   0.00    0.00     0.00    0.00    0.00    0.03  32.96


avg-cpu:  %user   %nice %system %iowait  %steal   %idle
           5.05    0.00    7.00    1.03    0.00   86.92

Device            r/s     rkB/s   rrqm/s  %rrqm r_await rareq-sz     w/s     wkB/s   wrqm/s  %wrqm w_await wareq-sz     d/s     dkB/s   drqm/s  %drqm d_await dareq-sz     f/s f_await  aqu-sz  %util
dm-0             0.00      0.00     0.00   0.00    0.00     0.00  147.40   1176.00     0.00   0.00    0.23     7.98    0.00      0.00     0.00   0.00    0.00     0.00    0.00    0.00    0.03  33.04
sda              0.00      0.00     0.00   0.00    0.00     0.00  115.20   1176.00    32.20  21.85    0.30    10.21    0.00      0.00     0.00   0.00    0.00     0.00    0.00    0.00    0.03  32.88


avg-cpu:  %user   %nice %system %iowait  %steal   %idle
           8.11    0.00   10.35    0.78    0.00   80.76

Device            r/s     rkB/s   rrqm/s  %rrqm r_await rareq-sz     w/s     wkB/s   wrqm/s  %wrqm w_await wareq-sz     d/s     dkB/s   drqm/s  %drqm d_await dareq-sz     f/s f_await  aqu-sz  %util
dm-0             0.00      0.00     0.00   0.00    0.00     0.00  112.60    965.60     0.00   0.00    0.43     8.58    0.00      0.00     0.00   0.00    0.00     0.00    0.00    0.00    0.05  30.72
sda              0.00      0.00     0.00   0.00    0.00     0.00  105.00    965.60     7.60   6.75    0.30     9.20    0.00      0.00     0.00   0.00    0.00     0.00    0.00    0.00    0.03  30.64


avg-cpu:  %user   %nice %system %iowait  %steal   %idle
           3.37    0.00    4.32    0.95    0.00   91.37

Device            r/s     rkB/s   rrqm/s  %rrqm r_await rareq-sz     w/s     wkB/s   wrqm/s  %wrqm w_await wareq-sz     d/s     dkB/s   drqm/s  %drqm d_await dareq-sz     f/s f_await  aqu-sz  %util
dm-0             0.00      0.00     0.00   0.00    0.00     0.00  118.40   1496.00     0.00   0.00    0.20    12.64    0.00      0.00     0.00   0.00    0.00     0.00    0.00    0.00    0.02  32.64
sda              0.00      0.00     0.00   0.00    0.00     0.00  108.20   1496.00    10.20   8.61    0.31    13.83    0.00      0.00     0.00   0.00    0.00     0.00    0.00    0.00    0.03  32.80


avg-cpu:  %user   %nice %system %iowait  %steal   %idle
           5.56    0.00    8.19    0.81    0.00   85.44

Device            r/s     rkB/s   rrqm/s  %rrqm r_await rareq-sz     w/s     wkB/s   wrqm/s  %wrqm w_await wareq-sz     d/s     dkB/s   drqm/s  %drqm d_await dareq-sz     f/s f_await  aqu-sz  %util
dm-0             0.00      0.00     0.00   0.00    0.00     0.00  108.60   1400.00     0.00   0.00    0.42    12.89    0.00      0.00     0.00   0.00    0.00     0.00    0.00    0.00    0.05  33.60
sda              0.00      0.00     0.00   0.00    0.00     0.00  105.40   1398.40     3.00   2.77    0.29    13.27    0.00      0.00     0.00   0.00    0.00     0.00    0.00    0.00    0.03  33.60


avg-cpu:  %user   %nice %system %iowait  %steal   %idle
           6.64    0.00    7.75    0.80    0.00   84.81

Device            r/s     rkB/s   rrqm/s  %rrqm r_await rareq-sz     w/s     wkB/s   wrqm/s  %wrqm w_await wareq-sz     d/s     dkB/s   drqm/s  %drqm d_await dareq-sz     f/s f_await  aqu-sz  %util
dm-0             0.00      0.00     0.00   0.00    0.00     0.00  109.20   1280.80     0.00   0.00    0.19    11.73    0.00      0.00     0.00   0.00    0.00     0.00    0.00    0.00    0.02  32.08
sda              0.00      0.00     0.00   0.00    0.00     0.00  106.20   1282.40     3.20   2.93    0.27    12.08    0.00      0.00     0.00   0.00    0.00     0.00    0.00    0.00    0.03  32.00


avg-cpu:  %user   %nice %system %iowait  %steal   %idle
           4.48    0.00    4.59    0.94    0.00   89.99

Device            r/s     rkB/s   rrqm/s  %rrqm r_await rareq-sz     w/s     wkB/s   wrqm/s  %wrqm w_await wareq-sz     d/s     dkB/s   drqm/s  %drqm d_await dareq-sz     f/s f_await  aqu-sz  %util
dm-0             0.00      0.00     0.00   0.00    0.00     0.00  106.60   1136.80     0.00   0.00    0.39    10.66    0.00      0.00     0.00   0.00    0.00     0.00    0.00    0.00    0.04  34.00
sda              0.00      0.00     0.00   0.00    0.00     0.00  104.20   1136.80     2.40   2.25    0.28    10.91    0.00      0.00     0.00   0.00    0.00     0.00    0.00    0.00    0.03  34.00


avg-cpu:  %user   %nice %system %iowait  %steal   %idle
           7.52    0.00    8.02    0.80    0.00   83.67

Device            r/s     rkB/s   rrqm/s  %rrqm r_await rareq-sz     w/s     wkB/s   wrqm/s  %wrqm w_await wareq-sz     d/s     dkB/s   drqm/s  %drqm d_await dareq-sz     f/s f_await  aqu-sz  %util
dm-0             0.00      0.00     0.00   0.00    0.00     0.00  109.00   1180.00     0.00   0.00    0.44    10.83    0.00      0.00     0.00   0.00    0.00     0.00    0.00    0.00    0.05  32.80
sda              0.00      0.00     0.00   0.00    0.00     0.00  106.20   1180.00     2.80   2.57    0.30    11.11    0.00      0.00     0.00   0.00    0.00     0.00    0.00    0.00    0.03  32.64


avg-cpu:  %user   %nice %system %iowait  %steal   %idle
           5.84    0.00    7.81    0.89    0.00   85.46

Device            r/s     rkB/s   rrqm/s  %rrqm r_await rareq-sz     w/s     wkB/s   wrqm/s  %wrqm w_await wareq-sz     d/s     dkB/s   drqm/s  %drqm d_await dareq-sz     f/s f_await  aqu-sz  %util
dm-0             0.00      0.00     0.00   0.00    0.00     0.00  116.80   1198.40     0.00   0.00    0.14    10.26    0.00      0.00     0.00   0.00    0.00     0.00    0.00    0.00    0.02  32.32
sda              0.00      0.00     0.00   0.00    0.00     0.00  111.40   1198.40     5.40   4.62    0.28    10.76    0.00      0.00     0.00   0.00    0.00     0.00    0.00    0.00    0.03  32.32


avg-cpu:  %user   %nice %system %iowait  %steal   %idle
           4.39    0.00    4.39    0.73    0.00   90.49

Device            r/s     rkB/s   rrqm/s  %rrqm r_await rareq-sz     w/s     wkB/s   wrqm/s  %wrqm w_await wareq-sz     d/s     dkB/s   drqm/s  %drqm d_await dareq-sz     f/s f_await  aqu-sz  %util
dm-0             0.00      0.00     0.00   0.00    0.00     0.00  111.80   1119.20     0.00   0.00    0.33    10.01    0.00      0.00     0.00   0.00    0.00     0.00    0.00    0.00    0.04  35.20
sda              0.00      0.00     0.00   0.00    0.00     0.00  107.60   1119.20     4.20   3.76    0.27    10.40    0.00      0.00     0.00   0.00    0.00     0.00    0.00    0.00    0.03  35.20


avg-cpu:  %user   %nice %system %iowait  %steal   %idle
           6.14    0.00    8.13    0.79    0.00   84.94

Device            r/s     rkB/s   rrqm/s  %rrqm r_await rareq-sz     w/s     wkB/s   wrqm/s  %wrqm w_await wareq-sz     d/s     dkB/s   drqm/s  %drqm d_await dareq-sz     f/s f_await  aqu-sz  %util
dm-0             0.00      0.00     0.00   0.00    0.00     0.00  111.60   1108.80     0.00   0.00    0.29     9.94    0.00      0.00     0.00   0.00    0.00     0.00    0.00    0.00    0.03  30.80
sda              0.00      0.00     0.00   0.00    0.00     0.00  107.00   1108.80     4.60   4.12    0.27    10.36    0.00      0.00     0.00   0.00    0.00     0.00    0.00    0.00    0.03  30.72


avg-cpu:  %user   %nice %system %iowait  %steal   %idle
           8.82    0.00    9.44    0.62    0.00   81.13

Device            r/s     rkB/s   rrqm/s  %rrqm r_await rareq-sz     w/s     wkB/s   wrqm/s  %wrqm w_await wareq-sz     d/s     dkB/s   drqm/s  %drqm d_await dareq-sz     f/s f_await  aqu-sz  %util
dm-0             0.00      0.00     0.00   0.00    0.00     0.00  119.00   1152.00     0.00   0.00    0.17     9.68    0.00      0.00     0.00   0.00    0.00     0.00    0.00    0.00    0.02  31.76
sda              0.00      0.00     0.00   0.00    0.00     0.00  115.20   1152.00     3.80   3.19    0.26    10.00    0.00      0.00     0.00   0.00    0.00     0.00    0.00    0.00    0.03  31.76


avg-cpu:  %user   %nice %system %iowait  %steal   %idle
           7.11    0.00    8.81    1.00    0.00   83.08

Device            r/s     rkB/s   rrqm/s  %rrqm r_await rareq-sz     w/s     wkB/s   wrqm/s  %wrqm w_await wareq-sz     d/s     dkB/s   drqm/s  %drqm d_await dareq-sz     f/s f_await  aqu-sz  %util
dm-0             0.00      0.00     0.00   0.00    0.00     0.00  136.60   1305.60     0.00   0.00    0.54     9.56    0.00      0.00     0.00   0.00    0.00     0.00    0.00    0.00    0.07  39.44
sda              0.00      0.00     0.00   0.00    0.00     0.00  132.60   1305.60     4.00   2.93    0.28     9.85    0.00      0.00     0.00   0.00    0.00     0.00    0.00    0.00    0.04  39.44


avg-cpu:  %user   %nice %system %iowait  %steal   %idle
           7.85    0.00    9.54    0.89    0.00   81.71

Device            r/s     rkB/s   rrqm/s  %rrqm r_await rareq-sz     w/s     wkB/s   wrqm/s  %wrqm w_await wareq-sz     d/s     dkB/s   drqm/s  %drqm d_await dareq-sz     f/s f_await  aqu-sz  %util
dm-0             0.00      0.00     0.00   0.00    0.00     0.00  172.60   1412.80     0.00   0.00    0.19     8.19    0.00      0.00     0.00   0.00    0.00     0.00    0.00    0.00    0.03  39.92
sda              0.00      0.00     0.00   0.00    0.00     0.00  139.60   1412.80    33.00  19.12    0.25    10.12    0.00      0.00     0.00   0.00    0.00     0.00    0.00    0.00    0.04  39.84


avg-cpu:  %user   %nice %system %iowait  %steal   %idle
           6.30    0.00    8.19    0.95    0.00   84.56

Device            r/s     rkB/s   rrqm/s  %rrqm r_await rareq-sz     w/s     wkB/s   wrqm/s  %wrqm w_await wareq-sz     d/s     dkB/s   drqm/s  %drqm d_await dareq-sz     f/s f_await  aqu-sz  %util
dm-0             0.00      0.00     0.00   0.00    0.00     0.00  146.80   1513.60     0.00   0.00    0.17    10.31    0.00      0.00     0.00   0.00    0.00     0.00    0.00    0.00    0.03  43.44
sda              0.00      0.00     0.00   0.00    0.00     0.00  143.00   1513.60     3.80   2.59    0.26    10.58    0.00      0.00     0.00   0.00    0.00     0.00    0.00    0.00    0.04  43.44


avg-cpu:  %user   %nice %system %iowait  %steal   %idle
           8.95    0.00   10.64    0.99    0.00   79.42

Device            r/s     rkB/s   rrqm/s  %rrqm r_await rareq-sz     w/s     wkB/s   wrqm/s  %wrqm w_await wareq-sz     d/s     dkB/s   drqm/s  %drqm d_await dareq-sz     f/s f_await  aqu-sz  %util
dm-0             0.00      0.00     0.00   0.00    0.00     0.00  159.40   1436.00     0.00   0.00    0.34     9.01    0.00      0.00     0.00   0.00    0.00     0.00    0.00    0.00    0.05  47.44
sda              0.00      0.00     0.00   0.00    0.00     0.00  152.80   1436.00     6.60   4.14    0.26     9.40    0.00      0.00     0.00   0.00    0.00     0.00    0.00    0.00    0.04  47.36


avg-cpu:  %user   %nice %system %iowait  %steal   %idle
           7.90    0.00   11.96    1.01    0.00   79.13

Device            r/s     rkB/s   rrqm/s  %rrqm r_await rareq-sz     w/s     wkB/s   wrqm/s  %wrqm w_await wareq-sz     d/s     dkB/s   drqm/s  %drqm d_await dareq-sz     f/s f_await  aqu-sz  %util
dm-0             0.00      0.00     0.00   0.00    0.00     0.00  172.20   1586.40     0.00   0.00    0.12     9.21    0.00      0.00     0.00   0.00    0.00     0.00    0.00    0.00    0.02  51.60
sda              0.00      0.00     0.00   0.00    0.00     0.00  166.20   1586.40     6.00   3.48    0.25     9.55    0.00      0.00     0.00   0.00    0.00     0.00    0.00    0.00    0.04  51.60


avg-cpu:  %user   %nice %system %iowait  %steal   %idle
           7.47    0.00   12.18    1.13    0.00   79.22

Device            r/s     rkB/s   rrqm/s  %rrqm r_await rareq-sz     w/s     wkB/s   wrqm/s  %wrqm w_await wareq-sz     d/s     dkB/s   drqm/s  %drqm d_await dareq-sz     f/s f_await  aqu-sz  %util
dm-0             0.00      0.00     0.00   0.00    0.00     0.00  179.20   1634.40     0.00   0.00    0.34     9.12    0.00      0.00     0.00   0.00    0.00     0.00    0.00    0.00    0.06  55.60
sda              0.00      0.00     0.00   0.00    0.00     0.00  175.80   1634.40     3.40   1.90    0.27     9.30    0.00      0.00     0.00   0.00    0.00     0.00    0.00    0.00    0.05  55.60


avg-cpu:  %user   %nice %system %iowait  %steal   %idle
           9.66    0.00   12.05    1.20    0.00   77.09

Device            r/s     rkB/s   rrqm/s  %rrqm r_await rareq-sz     w/s     wkB/s   wrqm/s  %wrqm w_await wareq-sz     d/s     dkB/s   drqm/s  %drqm d_await dareq-sz     f/s f_await  aqu-sz  %util
dm-0             0.00      0.00     0.00   0.00    0.00     0.00  183.40   1647.20     0.00   0.00    0.29     8.98    0.00      0.00     0.00   0.00    0.00     0.00    0.00    0.00    0.05  58.40
sda              0.00      0.00     0.00   0.00    0.00     0.00  180.00   1647.20     3.40   1.85    0.26     9.15    0.00      0.00     0.00   0.00    0.00     0.00    0.00    0.00    0.05  58.24


avg-cpu:  %user   %nice %system %iowait  %steal   %idle
          10.79    0.00   16.65    0.94    0.00   71.62

Device            r/s     rkB/s   rrqm/s  %rrqm r_await rareq-sz     w/s     wkB/s   wrqm/s  %wrqm w_await wareq-sz     d/s     dkB/s   drqm/s  %drqm d_await dareq-sz     f/s f_await  aqu-sz  %util
dm-0             0.00      0.00     0.00   0.00    0.00     0.00  190.40   1740.00     0.00   0.00    0.19     9.14    0.00      0.00     0.00   0.00    0.00     0.00    0.00    0.00    0.04  53.68
sda              0.00      0.00     0.00   0.00    0.00     0.00  187.20   1740.00     3.20   1.68    0.26     9.29    0.00      0.00     0.00   0.00    0.00     0.00    0.00    0.00    0.05  53.68


avg-cpu:  %user   %nice %system %iowait  %steal   %idle
          12.67    0.00   18.26    1.10    0.00   67.96

Device            r/s     rkB/s   rrqm/s  %rrqm r_await rareq-sz     w/s     wkB/s   wrqm/s  %wrqm w_await wareq-sz     d/s     dkB/s   drqm/s  %drqm d_await dareq-sz     f/s f_await  aqu-sz  %util
dm-0             0.00      0.00     0.00   0.00    0.00     0.00  195.20   1932.80     0.00   0.00    0.47     9.90    0.00      0.00     0.00   0.00    0.00     0.00    0.00    0.00    0.09  61.52
sda              0.00      0.00     0.00   0.00    0.00     0.00  194.00   1932.80     1.40   0.72    0.27     9.96    0.00      0.00     0.00   0.00    0.00     0.00    0.00    0.00    0.05  61.44


avg-cpu:  %user   %nice %system %iowait  %steal   %idle
          11.82    0.00   18.36    1.27    0.00   68.55

Device            r/s     rkB/s   rrqm/s  %rrqm r_await rareq-sz     w/s     wkB/s   wrqm/s  %wrqm w_await wareq-sz     d/s     dkB/s   drqm/s  %drqm d_await dareq-sz     f/s f_await  aqu-sz  %util
dm-0             0.00      0.00     0.00   0.00    0.00     0.00  212.20   1895.20     0.00   0.00    0.26     8.93    0.00      0.00     0.00   0.00    0.00     0.00    0.00    0.00    0.06  61.36
sda              0.00      0.00     0.00   0.00    0.00     0.00  208.60   1895.20     3.60   1.70    0.27     9.09    0.00      0.00     0.00   0.00    0.00     0.00    0.00    0.00    0.06  61.20


avg-cpu:  %user   %nice %system %iowait  %steal   %idle
          12.96    0.00   19.23    1.04    0.00   66.77

Device            r/s     rkB/s   rrqm/s  %rrqm r_await rareq-sz     w/s     wkB/s   wrqm/s  %wrqm w_await wareq-sz     d/s     dkB/s   drqm/s  %drqm d_await dareq-sz     f/s f_await  aqu-sz  %util
dm-0             0.00      0.00     0.00   0.00    0.00     0.00  212.60   1913.60     0.00   0.00    0.29     9.00    0.00      0.00     0.00   0.00    0.00     0.00    0.00    0.00    0.06  62.32
sda              0.00      0.00     0.00   0.00    0.00     0.00  209.60   1913.60     3.00   1.41    0.26     9.13    0.00      0.00     0.00   0.00    0.00     0.00    0.00    0.00    0.05  62.24


avg-cpu:  %user   %nice %system %iowait  %steal   %idle
          13.38    0.00   19.92    1.01    0.00   65.69

Device            r/s     rkB/s   rrqm/s  %rrqm r_await rareq-sz     w/s     wkB/s   wrqm/s  %wrqm w_await wareq-sz     d/s     dkB/s   drqm/s  %drqm d_await dareq-sz     f/s f_await  aqu-sz  %util
dm-0             0.00      0.00     0.00   0.00    0.00     0.00  212.80   1889.60     0.00   0.00    0.42     8.88    0.00      0.00     0.00   0.00    0.00     0.00    0.00    0.00    0.09  61.04
sda              0.00      0.00     0.00   0.00    0.00     0.00  208.20   1889.60     4.60   2.16    0.26     9.08    0.00      0.00     0.00   0.00    0.00     0.00    0.00    0.00    0.05  60.88


avg-cpu:  %user   %nice %system %iowait  %steal   %idle
          13.48    0.00   19.25    1.11    0.00   66.16

Device            r/s     rkB/s   rrqm/s  %rrqm r_await rareq-sz     w/s     wkB/s   wrqm/s  %wrqm w_await wareq-sz     d/s     dkB/s   drqm/s  %drqm d_await dareq-sz     f/s f_await  aqu-sz  %util
dm-0             0.00      0.00     0.00   0.00    0.00     0.00  205.80   1812.80     0.00   0.00    0.19     8.81    0.00      0.00     0.00   0.00    0.00     0.00    0.00    0.00    0.04  58.24
sda              0.00      0.00     0.00   0.00    0.00     0.00  202.60   1812.80     3.20   1.55    0.26     8.95    0.00      0.00     0.00   0.00    0.00     0.00    0.00    0.00    0.05  58.32


avg-cpu:  %user   %nice %system %iowait  %steal   %idle
          10.48    0.00   16.14    1.15    0.00   72.22

Device            r/s     rkB/s   rrqm/s  %rrqm r_await rareq-sz     w/s     wkB/s   wrqm/s  %wrqm w_await wareq-sz     d/s     dkB/s   drqm/s  %drqm d_await dareq-sz     f/s f_await  aqu-sz  %util
dm-0             0.00      0.00     0.00   0.00    0.00     0.00  235.80   1951.20     0.00   0.00    0.26     8.27    0.00      0.00     0.00   0.00    0.00     0.00    0.00    0.00    0.06  60.00
sda              0.00      0.00     0.00   0.00    0.00     0.00  203.00   1951.20    32.80  13.91    0.27     9.61    0.00      0.00     0.00   0.00    0.00     0.00    0.00    0.00    0.05  60.00


avg-cpu:  %user   %nice %system %iowait  %steal   %idle
          12.72    0.00   16.47    1.08    0.00   69.72

Device            r/s     rkB/s   rrqm/s  %rrqm r_await rareq-sz     w/s     wkB/s   wrqm/s  %wrqm w_await wareq-sz     d/s     dkB/s   drqm/s  %drqm d_await dareq-sz     f/s f_await  aqu-sz  %util
dm-0             0.00      0.00     0.00   0.00    0.00     0.00  199.20   2020.80     0.00   0.00    0.44    10.14    0.00      0.00     0.00   0.00    0.00     0.00    0.00    0.00    0.09  62.00
sda              0.00      0.00     0.00   0.00    0.00     0.00  194.00   2020.80     5.40   2.71    0.26    10.42    0.00      0.00     0.00   0.00    0.00     0.00    0.00    0.00    0.05  62.00


avg-cpu:  %user   %nice %system %iowait  %steal   %idle
           9.32    0.00   13.11    1.23    0.00   76.33

Device            r/s     rkB/s   rrqm/s  %rrqm r_await rareq-sz     w/s     wkB/s   wrqm/s  %wrqm w_await wareq-sz     d/s     dkB/s   drqm/s  %drqm d_await dareq-sz     f/s f_await  aqu-sz  %util
dm-0             0.00      0.00     0.00   0.00    0.00     0.00  193.40   1711.20     0.00   0.00    0.08     8.85    0.00      0.00     0.00   0.00    0.00     0.00    0.00    0.00    0.02  58.24
sda              0.00      0.00     0.00   0.00    0.00     0.00  189.40   1711.20     4.00   2.07    0.26     9.03    0.00      0.00     0.00   0.00    0.00     0.00    0.00    0.00    0.05  58.24


avg-cpu:  %user   %nice %system %iowait  %steal   %idle
          10.73    0.00   14.86    1.34    0.00   73.07

Device            r/s     rkB/s   rrqm/s  %rrqm r_await rareq-sz     w/s     wkB/s   wrqm/s  %wrqm w_await wareq-sz     d/s     dkB/s   drqm/s  %drqm d_await dareq-sz     f/s f_await  aqu-sz  %util
dm-0             0.00      0.00     0.00   0.00    0.00     0.00  190.40   1728.00     0.00   0.00    0.32     9.08    0.00      0.00     0.00   0.00    0.00     0.00    0.00    0.00    0.06  58.88
sda              0.00      0.00     0.00   0.00    0.00     0.00  183.80   1728.00     6.60   3.47    0.29     9.40    0.00      0.00     0.00   0.00    0.00     0.00    0.00    0.00    0.05  58.88


avg-cpu:  %user   %nice %system %iowait  %steal   %idle
          11.04    0.00   14.97    1.15    0.00   72.84

Device            r/s     rkB/s   rrqm/s  %rrqm r_await rareq-sz     w/s     wkB/s   wrqm/s  %wrqm w_await wareq-sz     d/s     dkB/s   drqm/s  %drqm d_await dareq-sz     f/s f_await  aqu-sz  %util
dm-0             0.00      0.00     0.00   0.00    0.00     0.00  184.20   1612.80     0.00   0.00    0.34     8.76    0.00      0.00     0.00   0.00    0.00     0.00    0.00    0.00    0.06  58.40
sda              0.00      0.00     0.00   0.00    0.00     0.00  180.20   1612.80     4.00   2.17    0.26     8.95    0.00      0.00     0.00   0.00    0.00     0.00    0.00    0.00    0.05  58.32


avg-cpu:  %user   %nice %system %iowait  %steal   %idle
           7.77    0.00   11.97    1.16    0.00   79.10

Device            r/s     rkB/s   rrqm/s  %rrqm r_await rareq-sz     w/s     wkB/s   wrqm/s  %wrqm w_await wareq-sz     d/s     dkB/s   drqm/s  %drqm d_await dareq-sz     f/s f_await  aqu-sz  %util
dm-0             0.00      0.00     0.00   0.00    0.00     0.00  177.60   1619.20     0.00   0.00    0.17     9.12    0.00      0.00     0.00   0.00    0.00     0.00    0.00    0.00    0.03  55.12
sda              0.00      0.00     0.00   0.00    0.00     0.00  175.20   1619.20     2.40   1.35    0.25     9.24    0.00      0.00     0.00   0.00    0.00     0.00    0.00    0.00    0.04  55.20


avg-cpu:  %user   %nice %system %iowait  %steal   %idle
          11.40    0.00   14.30    1.10    0.00   73.20

Device            r/s     rkB/s   rrqm/s  %rrqm r_await rareq-sz     w/s     wkB/s   wrqm/s  %wrqm w_await wareq-sz     d/s     dkB/s   drqm/s  %drqm d_await dareq-sz     f/s f_await  aqu-sz  %util
dm-0             0.00      0.00     0.00   0.00    0.00     0.00  181.60   1558.40     0.00   0.00    0.49     8.58    0.00      0.00     0.00   0.00    0.00     0.00    0.00    0.00    0.09  54.72
sda              0.00      0.00     0.00   0.00    0.00     0.00  174.40   1558.40     7.20   3.96    0.30     8.94    0.00      0.00     0.00   0.00    0.00     0.00    0.00    0.00    0.05  54.48


avg-cpu:  %user   %nice %system %iowait  %steal   %idle
           8.75    0.00   11.27    1.11    0.00   78.87

Device            r/s     rkB/s   rrqm/s  %rrqm r_await rareq-sz     w/s     wkB/s   wrqm/s  %wrqm w_await wareq-sz     d/s     dkB/s   drqm/s  %drqm d_await dareq-sz     f/s f_await  aqu-sz  %util
dm-0             0.00      0.00     0.00   0.00    0.00     0.00  178.40   1734.40     0.00   0.00    0.15     9.72    0.00      0.00     0.00   0.00    0.00     0.00    0.00    0.00    0.03  54.32
sda              0.00      0.00     0.00   0.00    0.00     0.00  175.40   1734.40     3.20   1.79    0.27     9.89    0.00      0.00     0.00   0.00    0.00     0.00    0.00    0.00    0.05  54.40


avg-cpu:  %user   %nice %system %iowait  %steal   %idle
           4.57    0.00    8.18    1.28    0.00   85.97

Device            r/s     rkB/s   rrqm/s  %rrqm r_await rareq-sz     w/s     wkB/s   wrqm/s  %wrqm w_await wareq-sz     d/s     dkB/s   drqm/s  %drqm d_await dareq-sz     f/s f_await  aqu-sz  %util
dm-0             0.00      0.00     0.00   0.00    0.00     0.00  169.60   1562.40     0.00   0.00    0.17     9.21    0.00      0.00     0.00   0.00    0.00     0.00    0.00    0.00    0.03  53.84
sda              0.00      0.00     0.00   0.00    0.00     0.00  165.60   1562.40     4.00   2.36    0.25     9.43    0.00      0.00     0.00   0.00    0.00     0.00    0.00    0.00    0.04  53.84


avg-cpu:  %user   %nice %system %iowait  %steal   %idle
           8.20    0.00   10.77    0.99    0.00   80.04

Device            r/s     rkB/s   rrqm/s  %rrqm r_await rareq-sz     w/s     wkB/s   wrqm/s  %wrqm w_await wareq-sz     d/s     dkB/s   drqm/s  %drqm d_await dareq-sz     f/s f_await  aqu-sz  %util
dm-0             0.00      0.00     0.00   0.00    0.00     0.00  163.60   1444.00     0.00   0.00    0.42     8.83    0.00      0.00     0.00   0.00    0.00     0.00    0.00    0.00    0.07  53.36
sda              0.00      0.00     0.00   0.00    0.00     0.00  161.00   1444.00     2.60   1.59    0.25     8.97    0.00      0.00     0.00   0.00    0.00     0.00    0.00    0.00    0.04  53.28


avg-cpu:  %user   %nice %system %iowait  %steal   %idle
          10.62    0.00   12.50    0.99    0.00   75.89

Device            r/s     rkB/s   rrqm/s  %rrqm r_await rareq-sz     w/s     wkB/s   wrqm/s  %wrqm w_await wareq-sz     d/s     dkB/s   drqm/s  %drqm d_await dareq-sz     f/s f_await  aqu-sz  %util
dm-0             0.00      0.00     0.00   0.00    0.00     0.00  156.20   1432.80     0.00   0.00    0.14     9.17    0.00      0.00     0.00   0.00    0.00     0.00    0.00    0.00    0.02  48.48
sda              0.00      0.00     0.00   0.00    0.00     0.00  154.00   1432.80     2.20   1.41    0.25     9.30    0.00      0.00     0.00   0.00    0.00     0.00    0.00    0.00    0.04  48.48


avg-cpu:  %user   %nice %system %iowait  %steal   %idle
           5.40    0.00    7.72    1.06    0.00   85.82

Device            r/s     rkB/s   rrqm/s  %rrqm r_await rareq-sz     w/s     wkB/s   wrqm/s  %wrqm w_await wareq-sz     d/s     dkB/s   drqm/s  %drqm d_await dareq-sz     f/s f_await  aqu-sz  %util
dm-0             0.00      0.00     0.00   0.00    0.00     0.00  163.60   1386.40     0.00   0.00    0.22     8.47    0.00      0.00     0.00   0.00    0.00     0.00    0.00    0.00    0.04  48.56
sda              0.00      0.00     0.00   0.00    0.00     0.00  159.40   1386.40     4.20   2.57    0.27     8.70    0.00      0.00     0.00   0.00    0.00     0.00    0.00    0.00    0.04  48.56


avg-cpu:  %user   %nice %system %iowait  %steal   %idle
           5.76    0.00    6.46    1.11    0.00   86.67

Device            r/s     rkB/s   rrqm/s  %rrqm r_await rareq-sz     w/s     wkB/s   wrqm/s  %wrqm w_await wareq-sz     d/s     dkB/s   drqm/s  %drqm d_await dareq-sz     f/s f_await  aqu-sz  %util
dm-0             0.00      0.00     0.00   0.00    0.00     0.00  184.40   1497.60     0.00   0.00    0.31     8.12    0.00      0.00     0.00   0.00    0.00     0.00    0.00    0.00    0.06  46.08
sda              0.00      0.00     0.00   0.00    0.00     0.00  151.80   1497.60    32.60  17.68    0.26     9.87    0.00      0.00     0.00   0.00    0.00     0.00    0.00    0.00    0.04  46.16


avg-cpu:  %user   %nice %system %iowait  %steal   %idle
           5.31    0.00    6.97    1.14    0.00   86.58

Device            r/s     rkB/s   rrqm/s  %rrqm r_await rareq-sz     w/s     wkB/s   wrqm/s  %wrqm w_await wareq-sz     d/s     dkB/s   drqm/s  %drqm d_await dareq-sz     f/s f_await  aqu-sz  %util
dm-0             0.00      0.00     0.00   0.00    0.00     0.00  145.80   1400.80     0.00   0.00    0.19     9.61    0.00      0.00     0.00   0.00    0.00     0.00    0.00    0.00    0.03  42.96
sda              0.00      0.00     0.00   0.00    0.00     0.00  140.80   1400.80     5.20   3.56    0.28     9.95    0.00      0.00     0.00   0.00    0.00     0.00    0.00    0.00    0.04  42.96


avg-cpu:  %user   %nice %system %iowait  %steal   %idle
           5.08    0.00    7.05    0.83    0.00   87.03

Device            r/s     rkB/s   rrqm/s  %rrqm r_await rareq-sz     w/s     wkB/s   wrqm/s  %wrqm w_await wareq-sz     d/s     dkB/s   drqm/s  %drqm d_await dareq-sz     f/s f_await  aqu-sz  %util
dm-0             0.00      0.00     0.00   0.00    0.00     0.00  139.20   1285.60     0.00   0.00    0.27     9.24    0.00      0.00     0.00   0.00    0.00     0.00    0.00    0.00    0.04  41.20
sda              0.00      0.00     0.00   0.00    0.00     0.00  136.20   1285.60     3.00   2.16    0.24     9.44    0.00      0.00     0.00   0.00    0.00     0.00    0.00    0.00    0.03  41.28


avg-cpu:  %user   %nice %system %iowait  %steal   %idle
           7.21    0.00    8.12    0.90    0.00   83.77

Device            r/s     rkB/s   rrqm/s  %rrqm r_await rareq-sz     w/s     wkB/s   wrqm/s  %wrqm w_await wareq-sz     d/s     dkB/s   drqm/s  %drqm d_await dareq-sz     f/s f_await  aqu-sz  %util
dm-0             0.00      0.00     0.00   0.00    0.00     0.00  143.60   1282.40     0.00   0.00    0.27     8.93    0.00      0.00     0.00   0.00    0.00     0.00    0.00    0.00    0.04  39.36
sda              0.00      0.00     0.00   0.00    0.00     0.00  137.80   1282.40     5.80   4.04    0.27     9.31    0.00      0.00     0.00   0.00    0.00     0.00    0.00    0.00    0.04  39.28


avg-cpu:  %user   %nice %system %iowait  %steal   %idle
           4.17    0.00    5.01    0.83    0.00   89.99

Device            r/s     rkB/s   rrqm/s  %rrqm r_await rareq-sz     w/s     wkB/s   wrqm/s  %wrqm w_await wareq-sz     d/s     dkB/s   drqm/s  %drqm d_await dareq-sz     f/s f_await  aqu-sz  %util
dm-0             0.00      0.00     0.00   0.00    0.00     0.00  131.60   1164.00     0.00   0.00    0.17     8.84    0.00      0.00     0.00   0.00    0.00     0.00    0.00    0.00    0.02  36.32
sda              0.00      0.00     0.00   0.00    0.00     0.00  126.40   1164.00     5.20   3.95    0.25     9.21    0.00      0.00     0.00   0.00    0.00     0.00    0.00    0.00    0.03  36.40


avg-cpu:  %user   %nice %system %iowait  %steal   %idle
           5.25    0.00    6.69    0.82    0.00   87.23

Device            r/s     rkB/s   rrqm/s  %rrqm r_await rareq-sz     w/s     wkB/s   wrqm/s  %wrqm w_await wareq-sz     d/s     dkB/s   drqm/s  %drqm d_await dareq-sz     f/s f_await  aqu-sz  %util
dm-0             0.00      0.00     0.00   0.00    0.00     0.00  125.00   1108.80     0.00   0.00    0.31     8.87    0.00      0.00     0.00   0.00    0.00     0.00    0.00    0.00    0.04  35.28
sda              0.00      0.00     0.00   0.00    0.00     0.00  122.80   1108.80     2.20   1.76    0.25     9.03    0.00      0.00     0.00   0.00    0.00     0.00    0.00    0.00    0.03  35.44


avg-cpu:  %user   %nice %system %iowait  %steal   %idle
           5.96    0.00    8.04    0.79    0.00   85.20

Device            r/s     rkB/s   rrqm/s  %rrqm r_await rareq-sz     w/s     wkB/s   wrqm/s  %wrqm w_await wareq-sz     d/s     dkB/s   drqm/s  %drqm d_await dareq-sz     f/s f_await  aqu-sz  %util
dm-0             0.00      0.00     0.00   0.00    0.00     0.00  120.60   1115.20     0.00   0.00    0.18     9.25    0.00      0.00     0.00   0.00    0.00     0.00    0.00    0.00    0.02  32.88
sda              0.00      0.00     0.00   0.00    0.00     0.00  117.60   1115.20     3.00   2.49    0.26     9.48    0.00      0.00     0.00   0.00    0.00     0.00    0.00    0.00    0.03  32.88


avg-cpu:  %user   %nice %system %iowait  %steal   %idle
           5.64    0.00    6.77    0.82    0.00   86.77

Device            r/s     rkB/s   rrqm/s  %rrqm r_await rareq-sz     w/s     wkB/s   wrqm/s  %wrqm w_await wareq-sz     d/s     dkB/s   drqm/s  %drqm d_await dareq-sz     f/s f_await  aqu-sz  %util
dm-0             0.00      0.00     0.00   0.00    0.00     0.00  130.40   1236.80     0.00   0.00    0.21     9.48    0.00      0.00     0.00   0.00    0.00     0.00    0.00    0.00    0.03  33.92
sda              0.00      0.00     0.00   0.00    0.00     0.00  126.40   1236.80     4.20   3.22    0.31     9.78    0.00      0.00     0.00   0.00    0.00     0.00    0.00    0.00    0.04  33.84


avg-cpu:  %user   %nice %system %iowait  %steal   %idle
           4.86    0.00    6.38    0.71    0.00   88.04

Device            r/s     rkB/s   rrqm/s  %rrqm r_await rareq-sz     w/s     wkB/s   wrqm/s  %wrqm w_await wareq-sz     d/s     dkB/s   drqm/s  %drqm d_await dareq-sz     f/s f_await  aqu-sz  %util
dm-0             0.00      0.00     0.00   0.00    0.00     0.00  113.80   1045.60     0.00   0.00    0.35     9.19    0.00      0.00     0.00   0.00    0.00     0.00    0.00    0.00    0.04  33.12
sda              0.00      0.00     0.00   0.00    0.00     0.00  110.00   1045.60     3.80   3.34    0.25     9.51    0.00      0.00     0.00   0.00    0.00     0.00    0.00    0.00    0.03  33.20


avg-cpu:  %user   %nice %system %iowait  %steal   %idle
           5.74    0.00    7.12    0.89    0.00   86.25

Device            r/s     rkB/s   rrqm/s  %rrqm r_await rareq-sz     w/s     wkB/s   wrqm/s  %wrqm w_await wareq-sz     d/s     dkB/s   drqm/s  %drqm d_await dareq-sz     f/s f_await  aqu-sz  %util
dm-0             0.00      0.00     0.00   0.00    0.00     0.00  120.20   1067.20     0.00   0.00    0.21     8.88    0.00      0.00     0.00   0.00    0.00     0.00    0.00    0.00    0.03  32.24
sda              0.00      0.00     0.00   0.00    0.00     0.00  107.80   1067.20    12.40  10.32    0.27     9.90    0.00      0.00     0.00   0.00    0.00     0.00    0.00    0.00    0.03  32.16


avg-cpu:  %user   %nice %system %iowait  %steal   %idle
           1.80    0.00    1.59    0.74    0.00   95.87

Device            r/s     rkB/s   rrqm/s  %rrqm r_await rareq-sz     w/s     wkB/s   wrqm/s  %wrqm w_await wareq-sz     d/s     dkB/s   drqm/s  %drqm d_await dareq-sz     f/s f_await  aqu-sz  %util
dm-0             0.00      0.00     0.00   0.00    0.00     0.00   93.00    762.40     0.00   0.00    0.12     8.20    0.00      0.00     0.00   0.00    0.00     0.00    0.00    0.00    0.01  33.76
sda              0.00      0.00     0.00   0.00    0.00     0.00   88.40    760.80     4.40   4.74    0.26     8.61    0.00      0.00     0.00   0.00    0.00     0.00    0.00    0.00    0.02  33.84


avg-cpu:  %user   %nice %system %iowait  %steal   %idle
           3.85    0.00    3.85    0.71    0.00   91.60

Device            r/s     rkB/s   rrqm/s  %rrqm r_await rareq-sz     w/s     wkB/s   wrqm/s  %wrqm w_await wareq-sz     d/s     dkB/s   drqm/s  %drqm d_await dareq-sz     f/s f_await  aqu-sz  %util
dm-0             0.00      0.00     0.00   0.00    0.00     0.00   90.60    682.40     0.00   0.00    0.37     7.53    0.00      0.00     0.00   0.00    0.00     0.00    0.00    0.00    0.03  29.44
sda              0.00      0.00     0.00   0.00    0.00     0.00   86.00    684.00     4.80   5.29    0.29     7.95    0.00      0.00     0.00   0.00    0.00     0.00    0.00    0.00    0.03  29.44


avg-cpu:  %user   %nice %system %iowait  %steal   %idle
           2.88    0.00    4.17    0.60    0.00   92.36

Device            r/s     rkB/s   rrqm/s  %rrqm r_await rareq-sz     w/s     wkB/s   wrqm/s  %wrqm w_await wareq-sz     d/s     dkB/s   drqm/s  %drqm d_await dareq-sz     f/s f_await  aqu-sz  %util
dm-0             0.00      0.00     0.00   0.00    0.00     0.00   94.00    612.00     0.00   0.00    0.05     6.51    0.00      0.00     0.00   0.00    0.00     0.00    0.00    0.00    0.00  20.72
sda              0.00      0.00     0.00   0.00    0.00     0.00   63.80    612.00    30.20  32.13    0.28     9.59    0.00      0.00     0.00   0.00    0.00     0.00    0.00    0.00    0.02  20.72


avg-cpu:  %user   %nice %system %iowait  %steal   %idle
           1.84    0.00    1.54    0.41    0.00   96.21

Device            r/s     rkB/s   rrqm/s  %rrqm r_await rareq-sz     w/s     wkB/s   wrqm/s  %wrqm w_await wareq-sz     d/s     dkB/s   drqm/s  %drqm d_await dareq-sz     f/s f_await  aqu-sz  %util
dm-0             0.00      0.00     0.00   0.00    0.00     0.00   51.20    373.60     0.00   0.00    0.22     7.30    0.00      0.00     0.00   0.00    0.00     0.00    0.00    0.00    0.01  14.80
sda              0.00      0.00     0.00   0.00    0.00     0.00   46.20    373.60     5.00   9.77    0.34     8.09    0.00      0.00     0.00   0.00    0.00     0.00    0.00    0.00    0.02  14.80


avg-cpu:  %user   %nice %system %iowait  %steal   %idle
           1.40    0.00    1.50    0.20    0.00   96.90

Device            r/s     rkB/s   rrqm/s  %rrqm r_await rareq-sz     w/s     wkB/s   wrqm/s  %wrqm w_await wareq-sz     d/s     dkB/s   drqm/s  %drqm d_await dareq-sz     f/s f_await  aqu-sz  %util
dm-0             0.00      0.00     0.00   0.00    0.00     0.00   30.60    212.00     0.00   0.00    0.29     6.93    0.00      0.00     0.00   0.00    0.00     0.00    0.00    0.00    0.01   8.64
sda              0.00      0.00     0.00   0.00    0.00     0.00   25.80    212.00     4.80  15.69    0.33     8.22    0.00      0.00     0.00   0.00    0.00     0.00    0.00    0.00    0.01   8.64


avg-cpu:  %user   %nice %system %iowait  %steal   %idle
           1.20    0.00    1.51    0.10    0.00   97.19

Device            r/s     rkB/s   rrqm/s  %rrqm r_await rareq-sz     w/s     wkB/s   wrqm/s  %wrqm w_await wareq-sz     d/s     dkB/s   drqm/s  %drqm d_await dareq-sz     f/s f_await  aqu-sz  %util
dm-0             0.00      0.00     0.00   0.00    0.00     0.00    5.80     72.00     0.00   0.00    0.14    12.41    0.00      0.00     0.00   0.00    0.00     0.00    0.00    0.00    0.00   1.20
sda              0.00      0.00     0.00   0.00    0.00     0.00    3.40     72.00     2.40  41.38    0.29    21.18    0.00      0.00     0.00   0.00    0.00     0.00    0.00    0.00    0.00   1.12


avg-cpu:  %user   %nice %system %iowait  %steal   %idle
           0.90    0.00    0.50    0.00    0.00   98.60

Device            r/s     rkB/s   rrqm/s  %rrqm r_await rareq-sz     w/s     wkB/s   wrqm/s  %wrqm w_await wareq-sz     d/s     dkB/s   drqm/s  %drqm d_await dareq-sz     f/s f_await  aqu-sz  %util
dm-0             0.00      0.00     0.00   0.00    0.00     0.00   10.20     64.00     0.00   0.00    0.08     6.27    0.00      0.00     0.00   0.00    0.00     0.00    0.00    0.00    0.00   0.40
sda              0.00      0.00     0.00   0.00    0.00     0.00    4.80     64.00     5.40  52.94    0.42    13.33    0.00      0.00     0.00   0.00    0.00     0.00    0.00    0.00    0.00   0.40


avg-cpu:  %user   %nice %system %iowait  %steal   %idle
           1.50    0.00    1.00    0.00    0.00   97.50

Device            r/s     rkB/s   rrqm/s  %rrqm r_await rareq-sz     w/s     wkB/s   wrqm/s  %wrqm w_await wareq-sz     d/s     dkB/s   drqm/s  %drqm d_await dareq-sz     f/s f_await  aqu-sz  %util
dm-0             0.00      0.00     0.00   0.00    0.00     0.00    3.80     22.40     0.00   0.00    0.00     5.89    0.00      0.00     0.00   0.00    0.00     0.00    0.00    0.00    0.00   0.24
sda              0.00      0.00     0.00   0.00    0.00     0.00    1.60     22.40     2.20  57.89    0.38    14.00    0.00      0.00     0.00   0.00    0.00     0.00    0.00    0.00    0.00   0.24


avg-cpu:  %user   %nice %system %iowait  %steal   %idle
           1.00    0.00    0.70    0.00    0.00   98.29

Device            r/s     rkB/s   rrqm/s  %rrqm r_await rareq-sz     w/s     wkB/s   wrqm/s  %wrqm w_await wareq-sz     d/s     dkB/s   drqm/s  %drqm d_await dareq-sz     f/s f_await  aqu-sz  %util
dm-0             0.00      0.00     0.00   0.00    0.00     0.00    7.40     36.00     0.00   0.00    0.00     4.86    0.00      0.00     0.00   0.00    0.00     0.00    0.00    0.00    0.00   0.32
sda              0.00      0.00     0.00   0.00    0.00     0.00    2.60     36.00     4.80  64.86    0.54    13.85    0.00      0.00     0.00   0.00    0.00     0.00    0.00    0.00    0.00   0.32


avg-cpu:  %user   %nice %system %iowait  %steal   %idle
           1.40    0.00    1.30    0.00    0.00   97.29

Device            r/s     rkB/s   rrqm/s  %rrqm r_await rareq-sz     w/s     wkB/s   wrqm/s  %wrqm w_await wareq-sz     d/s     dkB/s   drqm/s  %drqm d_await dareq-sz     f/s f_await  aqu-sz  %util
dm-0             0.00      0.00     0.00   0.00    0.00     0.00    1.60      6.40     0.00   0.00    0.00     4.00    0.00      0.00     0.00   0.00    0.00     0.00    0.00    0.00    0.00   0.08
sda              0.00      0.00     0.00   0.00    0.00     0.00    1.60      6.40     0.00   0.00    0.62     4.00    0.00      0.00     0.00   0.00    0.00     0.00    0.00    0.00    0.00   0.08


avg-cpu:  %user   %nice %system %iowait  %steal   %idle
           0.90    0.00    0.30    0.00    0.00   98.80

Device            r/s     rkB/s   rrqm/s  %rrqm r_await rareq-sz     w/s     wkB/s   wrqm/s  %wrqm w_await wareq-sz     d/s     dkB/s   drqm/s  %drqm d_await dareq-sz     f/s f_await  aqu-sz  %util
dm-0             0.00      0.00     0.00   0.00    0.00     0.00    3.40     13.60     0.00   0.00    0.00     4.00    0.00      0.00     0.00   0.00    0.00     0.00    0.00    0.00    0.00   0.16
sda              0.00      0.00     0.00   0.00    0.00     0.00    1.80     13.60     1.60  47.06    0.44     7.56    0.00      0.00     0.00   0.00    0.00     0.00    0.00    0.00    0.00   0.16


