2026-05-17T18:38:37Z
 state  | count 
--------+-------
 idle   |     6
 active |     1
(2 rows)


2026-05-17T18:38:47Z
 state  | count 
--------+-------
 idle   |     6
 active |     1
(2 rows)


2026-05-17T18:38:57Z
 state  | count 
--------+-------
 idle   |     6
 active |     1
(2 rows)


2026-05-17T18:39:08Z
 state  | count 
--------+-------
 idle   |     6
 active |     1
(2 rows)


2026-05-17T18:39:18Z
 state  | count 
--------+-------
 idle   |     6
 active |     1
(2 rows)


2026-05-17T18:39:28Z
 state  | count 
--------+-------
 idle   |     6
 active |     1
(2 rows)


2026-05-17T18:39:38Z
 state  | count 
--------+-------
 idle   |     5
 active |     2
(2 rows)


2026-05-17T18:39:48Z
 state  | count 
--------+-------
 idle   |     6
 active |     1
(2 rows)


2026-05-17T18:39:58Z
 state  | count 
--------+-------
 idle   |     6
 active |     1
(2 rows)


2026-05-17T18:40:08Z
 state  | count 
--------+-------
 idle   |     6
 active |     1
(2 rows)


2026-05-17T18:40:18Z
 state  | count 
--------+-------
 idle   |     6
 active |     1
(2 rows)


2026-05-17T18:40:28Z
 state  | count 
--------+-------
 idle   |     6
 active |     1
(2 rows)


2026-05-17T18:40:39Z
 state  | count 
--------+-------
 idle   |     6
 active |     1
(2 rows)


2026-05-17T18:40:49Z
 state  | count 
--------+-------
 idle   |     6
 active |     1
(2 rows)


2026-05-17T18:40:59Z
 state  | count 
--------+-------
 idle   |     6
 active |     1
(2 rows)


2026-05-17T18:41:09Z
 state  | count 
--------+-------
 idle   |     6
 active |     1
(2 rows)


2026-05-17T18:41:19Z
 state  | count 
--------+-------
 idle   |     6
 active |     1
(2 rows)


2026-05-17T18:41:29Z
 state  | count 
--------+-------
 idle   |     6
 active |     1
(2 rows)


2026-05-17T18:41:39Z
 state  | count 
--------+-------
 idle   |     9
 active |     1
(2 rows)


2026-05-17T18:41:49Z
 state  | count 
--------+-------
 idle   |     7
 active |     1
(2 rows)


2026-05-17T18:42:00Z
 state  | count 
--------+-------
 idle   |     6
 active |     1
(2 rows)


2026-05-17T18:42:10Z
 state  | count 
--------+-------
 idle   |     6
 active |     1
(2 rows)


2026-05-17T18:42:20Z
 state  | count 
--------+-------
 idle   |     6
 active |     1
(2 rows)


2026-05-17T18:42:30Z
 state  | count 
--------+-------
 idle   |     6
 active |     1
(2 rows)


2026-05-17T18:42:40Z
 state  | count 
--------+-------
 idle   |     6
 active |     1
(2 rows)


2026-05-17T18:42:50Z
 state  | count 
--------+-------
 idle   |     6
 active |     1
(2 rows)


2026-05-17T18:43:00Z
 state  | count 
--------+-------
 idle   |     6
 active |     1
(2 rows)


2026-05-17T18:43:10Z
 state  | count 
--------+-------
 idle   |     6
 active |     1
(2 rows)


2026-05-17T18:43:21Z
 state  | count 
--------+-------
 idle   |     6
 active |     1
(2 rows)


2026-05-17T18:43:31Z
 state  | count 
--------+-------
 idle   |     7
 active |     1
(2 rows)


2026-05-17T18:43:41Z
 state  | count 
--------+-------
 idle   |     6
 active |     1
(2 rows)


2026-05-17T18:43:51Z
 state  | count 
--------+-------
 idle   |     6
 active |     1
(2 rows)


2026-05-17T18:44:01Z
 state  | count 
--------+-------
 idle   |     6
 active |     1
(2 rows)


2026-05-17T18:44:11Z
 state  | count 
--------+-------
 idle   |     6
 active |     1
(2 rows)


2026-05-17T18:44:21Z
 state  | count 
--------+-------
 idle   |     6
 active |     1
(2 rows)


2026-05-17T18:44:31Z
 state  | count 
--------+-------
 idle   |     6
 active |     1
(2 rows)


