procs -----------memory---------- ---swap-- -----io---- -system-- ------cpu-----
 r  b   swpd   free   buff  cache   si   so    bi    bo   in   cs us sy id wa st
 5  0   1280 358912 432308 6809044    0    0     0     9    5    3  0  0 100  0  0
 0  0   1280 344576 432308 6809256    0    0     0   890 3571 7719  4  5 91  1  0
 0  0   1280 341504 432308 6809464    0    0     0  1317 5324 11763  5  7 87  1  0
 4  0   1280 342760 432308 6809728    0    0     0  1278 5322 11622  5  7 87  1  0
 0  0   1280 337824 432308 6809964    0    0     0  1271 5227 10776  4  5 90  1  0
 0  0   1280 341948 432308 6810156    0    0     0  1209 5068 11297  4  5 90  1  0
 1  0   1280 329756 432308 6810360    0    0     0  1100 5244 11212  6  7 87  1  0
 0  0   1280 340648 432308 6810508    0    0     0  1193 5151 10898  4  4 91  1  0
 8  0   1280 340160 432308 6810684    0    0     0  1114 5120 11265  6  6 87  1  0
 2  0   1280 338724 432308 6810880    0    0     0  1226 5246 11806  6  9 85  1  0
 0  0   1280 336928 432308 6811128    0    0     0  1135 5083 11052  3  4 91  1  0
 3  0   1280 342516 432308 6811324    0    0     0  1070 5206 10792  5  5 89  1  0
 3  0   1280 341012 432308 6811260    0    0     0  1126 5294 11200  5  7 87  1  0
 0  0   1280 335524 432308 6811468    0    0     0   981 5399 11781  5  4 90  1  0
 0  0   1280 337860 432308 6811648    0    0     0   978 5065 11056  5  6 88  1  0
 0  0   1280 333076 432308 6811844    0    0     0   961 5325 11779  5  7 88  1  0
 1  0   1280 344356 432308 6812076    0    0     0  1176 5321 11712  5  7 87  1  0
 0  0   1280 334768 432308 6812184    0    0     0   966 5465 11988  8 10 81  1  0
 0  0   1280 342724 432308 6812376    0    0     0  1502 5206 10684  3  4 91  1  0
 4  0   1280 348168 432308 6812572    0    0     0  1394 5323 12050  6  8 86  1  0
 0  0   1280 338824 432308 6812876    0    0     0  1281 5378 12047  7  8 85  1  0
procs -----------memory---------- ---swap-- -----io---- -system-- ------cpu-----
 r  b   swpd   free   buff  cache   si   so    bi    bo   in   cs us sy id wa st
 0  0   1280 338888 432312 6813052    0    0     0  1137 4924 11109  4  5 90  1  0
 3  0   1280 336244 432312 6813348    0    0     0  1180 5400 11825  8  8 84  1  0
 0  0   1280 345476 432312 6813528    0    0     0  1198 5282 11497  6  8 86  1  0
 0  0   1280 341240 432312 6813672    0    0     0  1119 5077 11075  4  4 90  1  0
 0  0   1280 340040 432312 6813900    0    0     0  1112 5435 11725  6  8 85  1  0
 0  0   1280 329220 432312 6814160    0    0     0  1150 5821 13037  9  9 81  1  0
 0  0   1280 329244 432312 6814372    0    0     0  1306 5848 13035  7  9 83  1  0
 0  0   1280 332328 432312 6814676    0    0     0  1413 5937 13448  8 10 82  1  0
 0  0   1280 339500 432312 6814916    0    0     0  1519 6535 14875  6  8 85  1  0
 0  0   1280 323488 432312 6815144    0    0     0  1429 6743 14943  9 11 79  1  0
 0  0   1280 337276 432312 6815444    0    0     0  1588 7273 16170  8 12 79  1  0
 0  0   1280 333592 432312 6815788    0    0     0  1634 7243 16297  7 12 79  1  0
 3  1   1280 327400 432312 6816036    0    0     0  1647 7719 17251 10 12 77  1  0
 0  0   1280 331168 432312 6816440    0    0     0  1742 8565 19059 11 17 72  1  0
 0  0   1280 331044 432312 6816928    0    0     0  1931 8693 19990 13 18 68  1  0
 0  0   1280 328716 432312 6817336    0    0     0  1895 8833 19921 12 18 69  1  0
 6  0   1280 322924 432312 6817724    0    0     0  1915 9742 21920 13 19 67  1  0
 0  0   1280 331064 432312 6818132    0    0     0  1888 9203 20869 13 20 66  1  0
 6  0   1280 326120 432312 6818540    0    0     0  1814 9566 21331 14 19 66  1  0
 0  0   1280 326048 432312 6818888    0    0     0  1950 8747 19712 10 16 72  1  0
 0  0   1280 319072 432312 6819284    0    0     0  2022 8564 19303 13 16 70  1  0
procs -----------memory---------- ---swap-- -----io---- -system-- ------cpu-----
 r  b   swpd   free   buff  cache   si   so    bi    bo   in   cs us sy id wa st
 0  0   1280 327160 432312 6819672    0    0     0  1711 8132 17848  9 13 76  1  0
 5  0   1280 330908 432312 6820100    0    0     0  1728 8517 19018 11 15 73  1  0
 1  0   1280 319748 432316 6820412    0    0     0  1613 7927 17553 11 15 73  1  0
 4  0   1280 328452 432316 6820836    0    0     0  1618 7804 17168  8 12 79  1  0
 0  0   1280 320960 432316 6821288    0    0     0  1557 7642 17326 11 14 73  1  0
 0  0   1280 320816 432316 6821580    0    0     0  1736 7348 16501  9 11 79  1  0
 0  0   1280 321364 432316 6821920    0    0     0  1561 7053 15538  5  8 86  1  0
 0  0   1280 321148 432316 6822232    0    0     0  1447 6914 15135  8 11 80  1  0
 0  0   1280 316116 432316 6822576    0    0     0  1430 6864 15596 11 13 76  1  0
 4  0   1280 316144 432316 6822904    0    0     0  1390 6757 14837  5  8 86  1  0
 0  0   1280 320000 432316 6823284    0    0     0  1498 6144 12819  6  6 87  1  0
 0  0   1280 317296 432316 6823592    0    0     0  1401 6338 14005  5  7 87  1  0
 0  0   1280 317128 432316 6823800    0    0     0  1282 6070 13651  5  7 87  1  0
 0  0   1280 323880 432316 6824160    0    0     0  1282 6152 13504  7  8 84  1  0
 0  0   1280 319724 432316 6824368    0    0     0  1166 5600 12125  4  5 90  1  0
 3  0   1280 312884 432316 6824680    0    0     0  1110 5744 12706  5  7 87  1  0
 3  0   1280 311264 432316 6825032    0    0     0  1114 5566 12103  6  8 85  1  0
 0  0   1280 316556 432316 6825324    0    0     0  1235 5621 11627  6  7 87  1  0
 0  0   1280 314404 432316 6825632    0    0     0  1052 5171 11335  5  6 88  1  0
 1  0   1280 299448 432316 6825928    0    0     0  1070 5139 10932  6  7 86  1  0
 0  0   1280 313140 432316 6826040    0    0     0   754 4105 8795  2  2 96  1  0
procs -----------memory---------- ---swap-- -----io---- -system-- ------cpu-----
 r  b   swpd   free   buff  cache   si   so    bi    bo   in   cs us sy id wa st
 0  0   1280 313140 432316 6826192    0    0     0   682 3875 8275  4  4 92  1  0
 0  0   1280 321396 432316 6826348    0    0     0   610 3174 6499  3  4 92  1  0
 0  0   1280 313264 432316 6826412    0    0     0   375 2456 5130  2  2 96  0  0
 0  0   1280 320116 432316 6826464    0    0     0   210 1413 2847  1  1 97  0  0
 0  0   1280 321152 432316 6826452    0    0     0    72 1102 2073  1  2 97  0  0
 0  0   1280 318680 432316 6826452    0    0     0    64  630 1321  1  1 99  0  0
 0  0   1280 312944 432316 6826452    0    0     0    22  692 1434  2  1 98  0  0
 0  0   1280 325848 432316 6826452    0    0     0    36  598 1254  1  1 98  0  0
 0  0   1280 322112 432316 6826456    0    0     0    14  873 1893  1  1 97  0  0
 2  0   1280 320648 432316 6826464    0    0     0     6  433  847  1  0 99  0  0
