2026-05-17T17:52:50Z 200
2026-05-17T17:52:55Z 200
2026-05-17T17:53:00Z 200
2026-05-17T17:53:05Z 200
2026-05-17T17:53:10Z 200
2026-05-17T17:53:15Z 200
2026-05-17T17:53:20Z 200
2026-05-17T17:53:25Z 200
2026-05-17T17:53:30Z 200
2026-05-17T17:53:35Z 200
2026-05-17T17:53:40Z 200
2026-05-17T17:53:45Z 200
2026-05-17T17:53:50Z 200
2026-05-17T17:53:55Z 200
2026-05-17T17:54:00Z 200
2026-05-17T17:54:05Z 200
2026-05-17T17:54:10Z 200
2026-05-17T17:54:15Z 200
2026-05-17T17:54:20Z 200
2026-05-17T17:54:25Z 200
