2026-05-17T17:52:50Z
               total        used        free      shared  buff/cache   available
Mem:            7937         525         412          33        6999        7072
Swap:           4095           1        4094

2026-05-17T17:53:00Z
               total        used        free      shared  buff/cache   available
Mem:            7937         519         418          33        6999        7078
Swap:           4095           1        4094

2026-05-17T17:53:10Z
               total        used        free      shared  buff/cache   available
Mem:            7937         526         412          33        6999        7071
Swap:           4095           1        4094

2026-05-17T17:53:20Z
               total        used        free      shared  buff/cache   available
Mem:            7937         529         409          33        6999        7069
Swap:           4095           1        4094

2026-05-17T17:53:30Z
               total        used        free      shared  buff/cache   available
Mem:            7937         522         415          33        6999        7075
Swap:           4095           1        4094

2026-05-17T17:53:40Z
               total        used        free      shared  buff/cache   available
Mem:            7937         527         410          33        6999        7070
Swap:           4095           1        4094

2026-05-17T17:53:50Z
               total        used        free      shared  buff/cache   available
Mem:            7937         517         420          33        6999        7080
Swap:           4095           1        4094

2026-05-17T17:54:00Z
               total        used        free      shared  buff/cache   available
Mem:            7937         525         412          33        7000        7072
Swap:           4095           1        4094

2026-05-17T17:54:10Z
               total        used        free      shared  buff/cache   available
Mem:            7937         526         410          33        7000        7071
Swap:           4095           1        4094

2026-05-17T17:54:20Z
               total        used        free      shared  buff/cache   available
Mem:            7937         525         412          33        7000        7072
Swap:           4095           1        4094

