Linux 5.15.0-119-generic (team-08) 	05/17/26 	_x86_64_	(2 CPU)

avg-cpu:  %user   %nice %system %iowait  %steal   %idle
           0.10    0.01    0.09    0.02    0.00   99.78

Device            r/s     rkB/s   rrqm/s  %rrqm r_await rareq-sz     w/s     wkB/s   wrqm/s  %wrqm w_await wareq-sz     d/s     dkB/s   drqm/s  %drqm d_await dareq-sz     f/s f_await  aqu-sz  %util
dm-0             0.01      0.38     0.00   0.00    8.07    47.43    2.43     18.22     0.00   0.00    4.88     7.48    0.00     25.66     0.00   0.00    0.74 15271.04    0.00    0.00    0.01   0.12
fd0              0.00      0.00     0.00   0.00   13.61     4.00    0.00      0.00     0.00   0.00    0.00     0.00    0.00      0.00     0.00   0.00    0.00     0.00    0.00    0.00    0.00   0.00
loop0            0.00      0.00     0.00   0.00    6.41     9.27    0.00      0.00     0.00   0.00    0.00     0.00    0.00      0.00     0.00   0.00    0.00     0.00    0.00    0.00    0.00   0.00
loop1            0.00      0.01     0.00   0.00    1.95    29.34    0.00      0.00     0.00   0.00    0.00     0.00    0.00      0.00     0.00   0.00    0.00     0.00    0.00    0.00    0.00   0.00
loop2            0.00      0.00     0.00   0.00    3.50    11.94    0.00      0.00     0.00   0.00    0.00     0.00    0.00      0.00     0.00   0.00    0.00     0.00    0.00    0.00    0.00   0.00
loop3            0.00      0.00     0.00   0.00    0.01     8.61    0.00      0.00     0.00   0.00    0.00     0.00    0.00      0.00     0.00   0.00    0.00     0.00    0.00    0.00    0.00   0.00
loop4            0.00      0.00     0.00   0.00    0.01    10.81    0.00      0.00     0.00   0.00    0.00     0.00    0.00      0.00     0.00   0.00    0.00     0.00    0.00    0.00    0.00   0.00
loop5            0.00      0.01     0.00   0.00    0.03    34.49    0.00      0.00     0.00   0.00    0.00     0.00    0.00      0.00     0.00   0.00    0.00     0.00    0.00    0.00    0.00   0.00
loop6            0.00      0.00     0.00   0.00    0.01    12.67    0.00      0.00     0.00   0.00    0.00     0.00    0.00      0.00     0.00   0.00    0.00     0.00    0.00    0.00    0.00   0.00
loop7            0.00      0.00     0.00   0.00    0.00     1.00    0.00      0.00     0.00   0.00    0.00     0.00    0.00      0.00     0.00   0.00    0.00     0.00    0.00    0.00    0.00   0.00
sda              0.01      0.51     0.00  10.19    6.55    56.73    1.89     18.60     0.55  22.45    4.54     9.83    0.00     26.56     0.00  23.74    0.62 20162.18    0.00    0.00    0.01   0.13
sr0              0.00      0.00     0.00   0.00    1.21     0.20    0.00      0.00     0.00   0.00    0.00     0.00    0.00      0.00     0.00   0.00    0.00     0.00    0.00    0.00    0.00   0.00


avg-cpu:  %user   %nice %system %iowait  %steal   %idle
           1.40    0.00    1.30    0.00    0.00   97.29

Device            r/s     rkB/s   rrqm/s  %rrqm r_await rareq-sz     w/s     wkB/s   wrqm/s  %wrqm w_await wareq-sz     d/s     dkB/s   drqm/s  %drqm d_await dareq-sz     f/s f_await  aqu-sz  %util
dm-0             0.00      0.00     0.00   0.00    0.00     0.00    5.80    122.40     0.00   0.00    0.00    21.10    0.00      0.00     0.00   0.00    0.00     0.00    0.00    0.00    0.00   0.32
sda              0.00      0.00     0.00   0.00    0.00     0.00    1.40    122.40     4.40  75.86    0.43    87.43    0.00      0.00     0.00   0.00    0.00     0.00    0.00    0.00    0.00   0.32


avg-cpu:  %user   %nice %system %iowait  %steal   %idle
           0.90    0.00    0.60    0.10    0.00   98.39

Device            r/s     rkB/s   rrqm/s  %rrqm r_await rareq-sz     w/s     wkB/s   wrqm/s  %wrqm w_await wareq-sz     d/s     dkB/s   drqm/s  %drqm d_await dareq-sz     f/s f_await  aqu-sz  %util
dm-0             0.00      0.00     0.00   0.00    0.00     0.00   51.20    255.20     0.00   0.00    0.48     4.98    0.00      0.00     0.00   0.00    0.00     0.00    0.00    0.00    0.02   0.72
sda              0.00      0.00     0.00   0.00    0.00     0.00   12.80    255.20    38.40  75.00    0.39    19.94    0.00      0.00     0.00   0.00    0.00     0.00    0.00    0.00    0.01   0.72


avg-cpu:  %user   %nice %system %iowait  %steal   %idle
           1.42    0.00    1.21    0.00    0.00   97.37

Device            r/s     rkB/s   rrqm/s  %rrqm r_await rareq-sz     w/s     wkB/s   wrqm/s  %wrqm w_await wareq-sz     d/s     dkB/s   drqm/s  %drqm d_await dareq-sz     f/s f_await  aqu-sz  %util
dm-0             0.00      0.00     0.00   0.00    0.00     0.00    4.40    118.40     0.00   0.00    0.00    26.91    0.00      0.00     0.00   0.00    0.00     0.00    0.00    0.00    0.00   0.32
sda              0.00      0.00     0.00   0.00    0.00     0.00    1.40    118.40     3.00  68.18    0.57    84.57    0.00      0.00     0.00   0.00    0.00     0.00    0.00    0.00    0.00   0.32


avg-cpu:  %user   %nice %system %iowait  %steal   %idle
           1.67    0.00    2.17    0.00    0.00   96.16

Device            r/s     rkB/s   rrqm/s  %rrqm r_await rareq-sz     w/s     wkB/s   wrqm/s  %wrqm w_await wareq-sz     d/s     dkB/s   drqm/s  %drqm d_await dareq-sz     f/s f_await  aqu-sz  %util
dm-0             0.00      0.00     0.00   0.00    0.00     0.00    4.20    117.60     0.00   0.00    0.19    28.00    0.00      0.00     0.00   0.00    0.00     0.00    0.00    0.00    0.00   0.48
sda              0.00      0.00     0.00   0.00    0.00     0.00    1.80    117.60     2.40  57.14    0.44    65.33    0.00      0.00     0.00   0.00    0.00     0.00    0.00    0.00    0.00   0.48


avg-cpu:  %user   %nice %system %iowait  %steal   %idle
           1.93    0.00    0.81    0.00    0.00   97.26

Device            r/s     rkB/s   rrqm/s  %rrqm r_await rareq-sz     w/s     wkB/s   wrqm/s  %wrqm w_await wareq-sz     d/s     dkB/s   drqm/s  %drqm d_await dareq-sz     f/s f_await  aqu-sz  %util
dm-0             0.00      0.00     0.00   0.00    0.00     0.00    6.80     77.60     0.00   0.00    0.00    11.41    0.00      0.00     0.00   0.00    0.00     0.00    0.00    0.00    0.00   0.32
sda              0.00      0.00     0.00   0.00    0.00     0.00    2.80     77.60     4.00  58.82    0.36    27.71    0.00      0.00     0.00   0.00    0.00     0.00    0.00    0.00    0.00   0.32


avg-cpu:  %user   %nice %system %iowait  %steal   %idle
           1.20    0.00    1.30    0.00    0.00   97.50

Device            r/s     rkB/s   rrqm/s  %rrqm r_await rareq-sz     w/s     wkB/s   wrqm/s  %wrqm w_await wareq-sz     d/s     dkB/s   drqm/s  %drqm d_await dareq-sz     f/s f_await  aqu-sz  %util
dm-0             0.00      0.00     0.00   0.00    0.00     0.00    3.80    115.20     0.00   0.00    0.00    30.32    0.00      0.00     0.00   0.00    0.00     0.00    0.00    0.00    0.00   0.40
sda              0.00      0.00     0.00   0.00    0.00     0.00    1.60    115.20     2.20  57.89    0.50    72.00    0.00      0.00     0.00   0.00    0.00     0.00    0.00    0.00    0.00   0.40


avg-cpu:  %user   %nice %system %iowait  %steal   %idle
           2.18    0.00    1.99    0.20    0.00   95.63

Device            r/s     rkB/s   rrqm/s  %rrqm r_await rareq-sz     w/s     wkB/s   wrqm/s  %wrqm w_await wareq-sz     d/s     dkB/s   drqm/s  %drqm d_await dareq-sz     f/s f_await  aqu-sz  %util
dm-0             0.40     14.40     0.00   0.00    0.00    36.00   14.00    181.60     0.00   0.00    0.80    12.97    0.00      0.00     0.00   0.00    0.00     0.00    0.00    0.00    0.01   4.80
sda              0.40     14.40     0.00   0.00    1.00    36.00   11.80    181.60     2.20  15.71    0.32    15.39    0.00      0.00     0.00   0.00    0.00     0.00    0.00    0.00    0.00   4.80


avg-cpu:  %user   %nice %system %iowait  %steal   %idle
           1.20    0.00    1.00    0.30    0.00   97.49

Device            r/s     rkB/s   rrqm/s  %rrqm r_await rareq-sz     w/s     wkB/s   wrqm/s  %wrqm w_await wareq-sz     d/s     dkB/s   drqm/s  %drqm d_await dareq-sz     f/s f_await  aqu-sz  %util
dm-0             0.00      0.00     0.00   0.00    0.00     0.00   30.60    351.20     0.00   0.00    0.10    11.48    0.00      0.00     0.00   0.00    0.00     0.00    0.00    0.00    0.00  10.00
sda              0.00      0.00     0.00   0.00    0.00     0.00   26.40    351.20     4.20  13.73    0.34    13.30    0.00      0.00     0.00   0.00    0.00     0.00    0.00    0.00    0.01  10.00


avg-cpu:  %user   %nice %system %iowait  %steal   %idle
           2.10    0.00    1.80    0.30    0.00   95.81

Device            r/s     rkB/s   rrqm/s  %rrqm r_await rareq-sz     w/s     wkB/s   wrqm/s  %wrqm w_await wareq-sz     d/s     dkB/s   drqm/s  %drqm d_await dareq-sz     f/s f_await  aqu-sz  %util
dm-0             0.00      0.00     0.00   0.00    0.00     0.00   27.20    277.60     0.00   0.00    0.38    10.21    0.00      0.00     0.00   0.00    0.00     0.00    0.00    0.00    0.01  10.32
sda              0.00      0.00     0.00   0.00    0.00     0.00   24.00    277.60     3.20  11.76    0.31    11.57    0.00      0.00     0.00   0.00    0.00     0.00    0.00    0.00    0.01  10.32


avg-cpu:  %user   %nice %system %iowait  %steal   %idle
           1.01    0.00    0.70    0.40    0.00   97.89

Device            r/s     rkB/s   rrqm/s  %rrqm r_await rareq-sz     w/s     wkB/s   wrqm/s  %wrqm w_await wareq-sz     d/s     dkB/s   drqm/s  %drqm d_await dareq-sz     f/s f_await  aqu-sz  %util
dm-0             0.00      0.00     0.00   0.00    0.00     0.00   34.80    291.20     0.00   0.00    0.14     8.37    0.00      0.00     0.00   0.00    0.00     0.00    0.00    0.00    0.00   9.20
sda              0.00      0.00     0.00   0.00    0.00     0.00   29.00    291.20     5.80  16.67    0.34    10.04    0.00      0.00     0.00   0.00    0.00     0.00    0.00    0.00    0.01   9.20


avg-cpu:  %user   %nice %system %iowait  %steal   %idle
           1.50    0.00    1.70    0.40    0.00   96.39

Device            r/s     rkB/s   rrqm/s  %rrqm r_await rareq-sz     w/s     wkB/s   wrqm/s  %wrqm w_await wareq-sz     d/s     dkB/s   drqm/s  %drqm d_await dareq-sz     f/s f_await  aqu-sz  %util
dm-0             0.00      0.00     0.00   0.00    0.00     0.00   28.20    205.60     0.00   0.00    1.02     7.29    0.00      0.00     0.00   0.00    0.00     0.00    0.00    0.00    0.03  10.48
sda              0.00      0.00     0.00   0.00    0.00     0.00   22.40    205.60     5.80  20.57    0.44     9.18    0.00      0.00     0.00   0.00    0.00     0.00    0.00    0.00    0.01  10.48


avg-cpu:  %user   %nice %system %iowait  %steal   %idle
           1.20    0.00    0.80    0.30    0.00   97.69

Device            r/s     rkB/s   rrqm/s  %rrqm r_await rareq-sz     w/s     wkB/s   wrqm/s  %wrqm w_await wareq-sz     d/s     dkB/s   drqm/s  %drqm d_await dareq-sz     f/s f_await  aqu-sz  %util
dm-0             0.00      0.00     0.00   0.00    0.00     0.00   24.20    191.20     0.00   0.00    0.26     7.90    0.00      0.00     0.00   0.00    0.00     0.00    0.00    0.00    0.01   9.04
sda              0.00      0.00     0.00   0.00    0.00     0.00   21.80    191.20     2.40   9.92    0.36     8.77    0.00      0.00     0.00   0.00    0.00     0.00    0.00    0.00    0.01   8.96


avg-cpu:  %user   %nice %system %iowait  %steal   %idle
           1.21    0.00    1.62    0.30    0.00   96.87

Device            r/s     rkB/s   rrqm/s  %rrqm r_await rareq-sz     w/s     wkB/s   wrqm/s  %wrqm w_await wareq-sz     d/s     dkB/s   drqm/s  %drqm d_await dareq-sz     f/s f_await  aqu-sz  %util
dm-0             0.00      0.00     0.00   0.00    0.00     0.00   26.40    203.20     0.00   0.00    0.06     7.70    0.00      0.00     0.00   0.00    0.00     0.00    0.00    0.00    0.00   8.64
sda              0.00      0.00     0.00   0.00    0.00     0.00   23.60    203.20     2.80  10.61    0.31     8.61    0.00      0.00     0.00   0.00    0.00     0.00    0.00    0.00    0.01   8.64


avg-cpu:  %user   %nice %system %iowait  %steal   %idle
           0.90    0.00    1.40    0.30    0.00   97.41

Device            r/s     rkB/s   rrqm/s  %rrqm r_await rareq-sz     w/s     wkB/s   wrqm/s  %wrqm w_await wareq-sz     d/s     dkB/s   drqm/s  %drqm d_await dareq-sz     f/s f_await  aqu-sz  %util
dm-0             0.00      0.00     0.00   0.00    0.00     0.00   58.80    330.40     0.00   0.00    0.38     5.62    0.00      0.00     0.00   0.00    0.00     0.00    0.00    0.00    0.02   9.44
sda              0.00      0.00     0.00   0.00    0.00     0.00   29.20    330.40    29.60  50.34    0.26    11.32    0.00      0.00     0.00   0.00    0.00     0.00    0.00    0.00    0.01   9.36


avg-cpu:  %user   %nice %system %iowait  %steal   %idle
           2.10    0.00    1.50    0.30    0.00   96.10

Device            r/s     rkB/s   rrqm/s  %rrqm r_await rareq-sz     w/s     wkB/s   wrqm/s  %wrqm w_await wareq-sz     d/s     dkB/s   drqm/s  %drqm d_await dareq-sz     f/s f_await  aqu-sz  %util
dm-0             0.00      0.00     0.00   0.00    0.00     0.00   33.40    225.60     0.00   0.00    0.10     6.75    0.00      0.00     0.00   0.00    0.00     0.00    0.00    0.00    0.00   8.72
sda              0.00      0.00     0.00   0.00    0.00     0.00   25.40    225.60     8.00  23.95    0.32     8.88    0.00      0.00     0.00   0.00    0.00     0.00    0.00    0.00    0.01   8.72


avg-cpu:  %user   %nice %system %iowait  %steal   %idle
           1.21    0.00    0.81    0.20    0.00   97.78

Device            r/s     rkB/s   rrqm/s  %rrqm r_await rareq-sz     w/s     wkB/s   wrqm/s  %wrqm w_await wareq-sz     d/s     dkB/s   drqm/s  %drqm d_await dareq-sz     f/s f_await  aqu-sz  %util
dm-0             0.20     10.40     0.00   0.00    4.00    52.00   24.40    190.40     0.00   0.00    0.20     7.80    0.00      0.00     0.00   0.00    0.00     0.00    0.00    0.00    0.01   9.04
sda              0.20     10.40     0.00   0.00    1.00    52.00   22.20    190.40     2.20   9.02    0.29     8.58    0.00      0.00     0.00   0.00    0.00     0.00    0.00    0.00    0.01   9.04


avg-cpu:  %user   %nice %system %iowait  %steal   %idle
           1.79    0.00    2.29    0.30    0.00   95.63

Device            r/s     rkB/s   rrqm/s  %rrqm r_await rareq-sz     w/s     wkB/s   wrqm/s  %wrqm w_await wareq-sz     d/s     dkB/s   drqm/s  %drqm d_await dareq-sz     f/s f_await  aqu-sz  %util
dm-0             0.00      0.00     0.00   0.00    0.00     0.00   29.80    232.80     0.00   0.00    0.72     7.81    0.00      0.00     0.00   0.00    0.00     0.00    0.00    0.00    0.02   9.76
sda              0.00      0.00     0.00   0.00    0.00     0.00   24.40    232.80     5.40  18.12    0.29     9.54    0.00      0.00     0.00   0.00    0.00     0.00    0.00    0.00    0.01   9.76


avg-cpu:  %user   %nice %system %iowait  %steal   %idle
           0.81    0.00    0.40    0.20    0.00   98.59

Device            r/s     rkB/s   rrqm/s  %rrqm r_await rareq-sz     w/s     wkB/s   wrqm/s  %wrqm w_await wareq-sz     d/s     dkB/s   drqm/s  %drqm d_await dareq-sz     f/s f_await  aqu-sz  %util
dm-0             0.00      0.00     0.00   0.00    0.00     0.00   25.20    193.60     0.00   0.00    0.00     7.68    0.00      0.00     0.00   0.00    0.00     0.00    0.00    0.00    0.00   8.48
sda              0.00      0.00     0.00   0.00    0.00     0.00   22.60    193.60     2.60  10.32    0.29     8.57    0.00      0.00     0.00   0.00    0.00     0.00    0.00    0.00    0.01   8.48


avg-cpu:  %user   %nice %system %iowait  %steal   %idle
           1.61    0.00    1.61    0.30    0.00   96.48

Device            r/s     rkB/s   rrqm/s  %rrqm r_await rareq-sz     w/s     wkB/s   wrqm/s  %wrqm w_await wareq-sz     d/s     dkB/s   drqm/s  %drqm d_await dareq-sz     f/s f_await  aqu-sz  %util
dm-0             0.00      0.00     0.00   0.00    0.00     0.00   25.60    196.80     0.00   0.00    0.44     7.69    0.00      0.00     0.00   0.00    0.00     0.00    0.00    0.00    0.01   9.60
sda              0.00      0.00     0.00   0.00    0.00     0.00   23.00    196.80     2.60  10.16    0.32     8.56    0.00      0.00     0.00   0.00    0.00     0.00    0.00    0.00    0.01   9.60


