2026-05-17T17:52:50Z
 state  | count 
--------+-------
 idle   |     6
 active |     1
(2 rows)


2026-05-17T17:53:00Z
 state  | count 
--------+-------
 idle   |     6
 active |     1
(2 rows)


2026-05-17T17:53:10Z
 state  | count 
--------+-------
 idle   |     6
 active |     1
(2 rows)


2026-05-17T17:53:20Z
 state  | count 
--------+-------
 idle   |     6
 active |     1
(2 rows)


2026-05-17T17:53:30Z
 state  | count 
--------+-------
 idle   |     6
 active |     1
(2 rows)


2026-05-17T17:53:40Z
 state  | count 
--------+-------
 idle   |     6
 active |     1
(2 rows)


2026-05-17T17:53:50Z
 state  | count 
--------+-------
 idle   |     6
 active |     1
(2 rows)


2026-05-17T17:54:01Z
 state  | count 
--------+-------
 idle   |     6
 active |     1
(2 rows)


2026-05-17T17:54:11Z
 state  | count 
--------+-------
 idle   |     6
 active |     1
(2 rows)


2026-05-17T17:54:21Z
 state  | count 
--------+-------
 idle   |     6
 active |     1
(2 rows)


