2026-05-17T17:54:28Z 200
2026-05-17T17:54:33Z 200
2026-05-17T17:54:38Z 200
2026-05-17T17:54:43Z 200
2026-05-17T17:54:48Z 200
2026-05-17T17:54:53Z 200
2026-05-17T17:54:58Z 200
2026-05-17T17:55:03Z 200
2026-05-17T17:55:08Z 200
2026-05-17T17:55:13Z 200
2026-05-17T17:55:18Z 200
2026-05-17T17:55:23Z 200
2026-05-17T17:55:28Z 200
2026-05-17T17:55:33Z 200
2026-05-17T17:55:38Z 200
2026-05-17T17:55:43Z 200
2026-05-17T17:55:48Z 200
2026-05-17T17:55:53Z 200
2026-05-17T17:55:58Z 200
2026-05-17T17:56:03Z 200
2026-05-17T17:56:08Z 200
2026-05-17T17:56:13Z 200
2026-05-17T17:56:18Z 200
2026-05-17T17:56:23Z 200
2026-05-17T17:56:28Z 200
2026-05-17T17:56:33Z 200
2026-05-17T17:56:38Z 200
2026-05-17T17:56:43Z 200
2026-05-17T17:56:48Z 200
2026-05-17T17:56:53Z 200
2026-05-17T17:56:58Z 200
2026-05-17T17:57:03Z 200
2026-05-17T17:57:08Z 200
2026-05-17T17:57:13Z 200
2026-05-17T17:57:18Z 200
2026-05-17T17:57:23Z 200
2026-05-17T17:57:28Z 200
2026-05-17T17:57:33Z 200
2026-05-17T17:57:38Z 200
2026-05-17T17:57:43Z 200
2026-05-17T17:57:48Z 200
2026-05-17T17:57:53Z 200
2026-05-17T17:57:58Z 200
2026-05-17T17:58:03Z 200
2026-05-17T17:58:08Z 200
2026-05-17T17:58:13Z 200
2026-05-17T17:58:18Z 200
2026-05-17T17:58:23Z 200
2026-05-17T17:58:28Z 200
2026-05-17T17:58:33Z 200
2026-05-17T17:58:38Z 200
2026-05-17T17:58:43Z 200
2026-05-17T17:58:48Z 200
2026-05-17T17:58:53Z 200
2026-05-17T17:58:58Z 200
2026-05-17T17:59:03Z 200
2026-05-17T17:59:08Z 200
2026-05-17T17:59:13Z 200
2026-05-17T17:59:18Z 200
2026-05-17T17:59:23Z 200
2026-05-17T17:59:28Z 200
2026-05-17T17:59:33Z 200
2026-05-17T17:59:38Z 200
2026-05-17T17:59:43Z 200
2026-05-17T17:59:48Z 200
2026-05-17T17:59:53Z 200
2026-05-17T17:59:58Z 200
2026-05-17T18:00:03Z 200
2026-05-17T18:00:08Z 200
2026-05-17T18:00:14Z 200
2026-05-17T18:00:19Z 200
2026-05-17T18:00:24Z 200
2026-05-17T18:00:29Z 200
2026-05-17T18:00:34Z 200
2026-05-17T18:00:39Z 200
2026-05-17T18:00:44Z 200
2026-05-17T18:00:49Z 200
2026-05-17T18:00:54Z 200
2026-05-17T18:00:59Z 200
2026-05-17T18:01:04Z 200
2026-05-17T18:01:09Z 200
2026-05-17T18:01:14Z 200
2026-05-17T18:01:19Z 200
2026-05-17T18:01:24Z 200
2026-05-17T18:01:29Z 200
2026-05-17T18:01:34Z 200
2026-05-17T18:01:39Z 200
2026-05-17T18:01:44Z 200
2026-05-17T18:01:49Z 200
2026-05-17T18:01:54Z 200
2026-05-17T18:01:59Z 200
2026-05-17T18:02:04Z 200
2026-05-17T18:02:09Z 200
2026-05-17T18:02:14Z 200
2026-05-17T18:02:19Z 200
2026-05-17T18:02:24Z 200
2026-05-17T18:02:29Z 200
2026-05-17T18:02:34Z 200
2026-05-17T18:02:39Z 200
2026-05-17T18:02:44Z 200
2026-05-17T18:02:49Z 200
2026-05-17T18:02:54Z 200
2026-05-17T18:02:59Z 200
2026-05-17T18:03:04Z 200
2026-05-17T18:03:09Z 200
2026-05-17T18:03:14Z 200
2026-05-17T18:03:19Z 200
2026-05-17T18:03:24Z 200
2026-05-17T18:03:29Z 200
2026-05-17T18:03:34Z 200
2026-05-17T18:03:39Z 200
2026-05-17T18:03:44Z 200
2026-05-17T18:03:49Z 200
2026-05-17T18:03:54Z 200
2026-05-17T18:03:59Z 200
2026-05-17T18:04:04Z 200
2026-05-17T18:04:09Z 200
2026-05-17T18:04:14Z 200
2026-05-17T18:04:19Z 200
2026-05-17T18:04:24Z 200
2026-05-17T18:04:29Z 200
2026-05-17T18:04:34Z 200
2026-05-17T18:04:39Z 200
2026-05-17T18:04:44Z 200
2026-05-17T18:04:49Z 200
2026-05-17T18:04:54Z 200
2026-05-17T18:04:59Z 200
2026-05-17T18:05:04Z 200
2026-05-17T18:05:09Z 200
2026-05-17T18:05:14Z 200
2026-05-17T18:05:19Z 200
2026-05-17T18:05:24Z 200
2026-05-17T18:05:29Z 200
2026-05-17T18:05:34Z 200
2026-05-17T18:05:39Z 200
2026-05-17T18:05:45Z 200
2026-05-17T18:05:50Z 200
2026-05-17T18:05:55Z 200
2026-05-17T18:06:00Z 200
2026-05-17T18:06:05Z 200
2026-05-17T18:06:10Z 200
2026-05-17T18:06:15Z 200
2026-05-17T18:06:20Z 200
2026-05-17T18:06:25Z 200
2026-05-17T18:06:30Z 200
2026-05-17T18:06:35Z 200
2026-05-17T18:06:40Z 200
2026-05-17T18:06:45Z 200
2026-05-17T18:06:50Z 200
2026-05-17T18:06:55Z 200
2026-05-17T18:07:00Z 200
2026-05-17T18:07:05Z 200
2026-05-17T18:07:10Z 200
2026-05-17T18:07:15Z 200
2026-05-17T18:07:20Z 200
2026-05-17T18:07:25Z 200
2026-05-17T18:07:30Z 200
2026-05-17T18:07:35Z 200
2026-05-17T18:07:40Z 200
2026-05-17T18:07:45Z 200
2026-05-17T18:07:50Z 200
2026-05-17T18:07:55Z 200
2026-05-17T18:08:00Z 200
2026-05-17T18:08:05Z 200
2026-05-17T18:08:10Z 200
2026-05-17T18:08:15Z 200
2026-05-17T18:08:20Z 200
2026-05-17T18:08:25Z 200
2026-05-17T18:08:30Z 200
2026-05-17T18:08:35Z 200
2026-05-17T18:08:40Z 200
2026-05-17T18:08:45Z 200
2026-05-17T18:08:50Z 200
2026-05-17T18:08:55Z 200
2026-05-17T18:09:00Z 200
2026-05-17T18:09:05Z 200
2026-05-17T18:09:10Z 200
2026-05-17T18:09:15Z 200
2026-05-17T18:09:20Z 200
2026-05-17T18:09:25Z 200
