2026-05-17T17:54:28Z
               total        used        free      shared  buff/cache   available
Mem:            7937         526         411          33        7000        7071
Swap:           4095           1        4094

2026-05-17T17:54:38Z
               total        used        free      shared  buff/cache   available
Mem:            7937         525         412          33        7000        7072
Swap:           4095           1        4094

2026-05-17T17:54:48Z
               total        used        free      shared  buff/cache   available
Mem:            7937         531         406          33        7000        7066
Swap:           4095           1        4094

2026-05-17T17:54:58Z
               total        used        free      shared  buff/cache   available
Mem:            7937         526         410          33        7000        7070
Swap:           4095           1        4094

2026-05-17T17:55:08Z
               total        used        free      shared  buff/cache   available
Mem:            7937         527         410          33        7000        7070
Swap:           4095           1        4094

2026-05-17T17:55:18Z
               total        used        free      shared  buff/cache   available
Mem:            7937         533         403          33        7000        7064
Swap:           4095           1        4094

2026-05-17T17:55:28Z
               total        used        free      shared  buff/cache   available
Mem:            7937         529         407          33        7000        7068
Swap:           4095           1        4094

2026-05-17T17:55:38Z
               total        used        free      shared  buff/cache   available
Mem:            7937         527         409          33        7000        7070
Swap:           4095           1        4094

2026-05-17T17:55:48Z
               total        used        free      shared  buff/cache   available
Mem:            7937         527         410          33        7000        7070
Swap:           4095           1        4094

2026-05-17T17:55:58Z
               total        used        free      shared  buff/cache   available
Mem:            7937         528         408          33        7000        7068
Swap:           4095           1        4094

2026-05-17T17:56:08Z
               total        used        free      shared  buff/cache   available
Mem:            7937         532         404          33        7000        7064
Swap:           4095           1        4094

2026-05-17T17:56:18Z
               total        used        free      shared  buff/cache   available
Mem:            7937         531         405          33        7000        7065
Swap:           4095           1        4094

2026-05-17T17:56:28Z
               total        used        free      shared  buff/cache   available
Mem:            7937         533         403          33        7000        7064
Swap:           4095           1        4094

2026-05-17T17:56:38Z
               total        used        free      shared  buff/cache   available
Mem:            7937         529         408          33        7000        7068
Swap:           4095           1        4094

2026-05-17T17:56:48Z
               total        used        free      shared  buff/cache   available
Mem:            7937         534         402          33        7000        7063
Swap:           4095           1        4094

2026-05-17T17:56:58Z
               total        used        free      shared  buff/cache   available
Mem:            7937         535         401          33        7000        7062
Swap:           4095           1        4094

2026-05-17T17:57:08Z
               total        used        free      shared  buff/cache   available
Mem:            7937         538         398          33        7000        7059
Swap:           4095           1        4094

2026-05-17T17:57:18Z
               total        used        free      shared  buff/cache   available
Mem:            7937         533         404          33        7000        7064
Swap:           4095           1        4094

2026-05-17T17:57:28Z
               total        used        free      shared  buff/cache   available
Mem:            7937         535         401          33        7000        7061
Swap:           4095           1        4094

2026-05-17T17:57:38Z
               total        used        free      shared  buff/cache   available
Mem:            7937         529         407          33        7000        7067
Swap:           4095           1        4094

2026-05-17T17:57:48Z
               total        used        free      shared  buff/cache   available
Mem:            7937         525         411          33        7000        7072
Swap:           4095           1        4094

2026-05-17T17:57:58Z
               total        used        free      shared  buff/cache   available
Mem:            7937         530         406          33        7000        7067
Swap:           4095           1        4094

2026-05-17T17:58:08Z
               total        used        free      shared  buff/cache   available
Mem:            7937         540         397          33        7000        7057
Swap:           4095           1        4094

2026-05-17T17:58:18Z
               total        used        free      shared  buff/cache   available
Mem:            7937         534         402          33        7000        7063
Swap:           4095           1        4094

2026-05-17T17:58:28Z
               total        used        free      shared  buff/cache   available
Mem:            7937         535         401          33        7000        7062
Swap:           4095           1        4094

2026-05-17T17:58:38Z
               total        used        free      shared  buff/cache   available
Mem:            7937         532         404          33        7000        7064
Swap:           4095           1        4094

2026-05-17T17:58:48Z
               total        used        free      shared  buff/cache   available
Mem:            7937         532         404          33        7000        7065
Swap:           4095           1        4094

2026-05-17T17:58:58Z
               total        used        free      shared  buff/cache   available
Mem:            7937         534         402          33        7000        7063
Swap:           4095           1        4094

2026-05-17T17:59:08Z
               total        used        free      shared  buff/cache   available
Mem:            7937         534         402          33        7000        7063
Swap:           4095           1        4094

2026-05-17T17:59:18Z
               total        used        free      shared  buff/cache   available
Mem:            7937         536         400          33        7000        7061
Swap:           4095           1        4094

2026-05-17T17:59:28Z
               total        used        free      shared  buff/cache   available
Mem:            7937         534         402          33        7000        7062
Swap:           4095           1        4094

2026-05-17T17:59:38Z
               total        used        free      shared  buff/cache   available
Mem:            7937         539         397          33        7000        7058
Swap:           4095           1        4094

2026-05-17T17:59:48Z
               total        used        free      shared  buff/cache   available
Mem:            7937         533         403          33        7000        7064
Swap:           4095           1        4094

2026-05-17T17:59:58Z
               total        used        free      shared  buff/cache   available
Mem:            7937         533         403          33        7000        7064
Swap:           4095           1        4094

2026-05-17T18:00:08Z
               total        used        free      shared  buff/cache   available
Mem:            7937         529         408          33        7000        7068
Swap:           4095           1        4094

2026-05-17T18:00:18Z
               total        used        free      shared  buff/cache   available
Mem:            7937         532         404          33        7000        7064
Swap:           4095           1        4094

2026-05-17T18:00:28Z
               total        used        free      shared  buff/cache   available
Mem:            7937         533         403          33        7000        7064
Swap:           4095           1        4094

2026-05-17T18:00:38Z
               total        used        free      shared  buff/cache   available
Mem:            7937         512         424          33        7000        7085
Swap:           4095           1        4094

2026-05-17T18:00:48Z
               total        used        free      shared  buff/cache   available
Mem:            7937         511         425          33        7000        7085
Swap:           4095           1        4094

2026-05-17T18:00:58Z
               total        used        free      shared  buff/cache   available
Mem:            7937         520         416          33        7000        7077
Swap:           4095           1        4094

2026-05-17T18:01:08Z
               total        used        free      shared  buff/cache   available
Mem:            7937         515         421          33        7000        7081
Swap:           4095           1        4094

2026-05-17T18:01:18Z
               total        used        free      shared  buff/cache   available
Mem:            7937         523         413          33        7000        7074
Swap:           4095           1        4094

2026-05-17T18:01:28Z
               total        used        free      shared  buff/cache   available
Mem:            7937         525         411          33        7000        7072
Swap:           4095           1        4094

2026-05-17T18:01:38Z
               total        used        free      shared  buff/cache   available
Mem:            7937         528         408          33        7000        7069
Swap:           4095           1        4094

2026-05-17T18:01:48Z
               total        used        free      shared  buff/cache   available
Mem:            7937         528         408          33        7000        7069
Swap:           4095           1        4094

2026-05-17T18:01:58Z
               total        used        free      shared  buff/cache   available
Mem:            7937         530         406          33        7000        7067
Swap:           4095           1        4094

2026-05-17T18:02:08Z
               total        used        free      shared  buff/cache   available
Mem:            7937         520         416          33        7000        7077
Swap:           4095           1        4094

2026-05-17T18:02:18Z
               total        used        free      shared  buff/cache   available
Mem:            7937         534         402          33        7000        7063
Swap:           4095           1        4094

2026-05-17T18:02:28Z
               total        used        free      shared  buff/cache   available
Mem:            7937         540         396          33        7000        7057
Swap:           4095           1        4094

2026-05-17T18:02:38Z
               total        used        free      shared  buff/cache   available
Mem:            7937         537         400          33        7000        7060
Swap:           4095           1        4094

2026-05-17T18:02:48Z
               total        used        free      shared  buff/cache   available
Mem:            7937         541         395          33        7000        7055
Swap:           4095           1        4094

2026-05-17T18:02:58Z
               total        used        free      shared  buff/cache   available
Mem:            7937         539         397          33        7000        7058
Swap:           4095           1        4094

2026-05-17T18:03:08Z
               total        used        free      shared  buff/cache   available
Mem:            7937         518         418          33        7000        7079
Swap:           4095           1        4094

2026-05-17T18:03:18Z
               total        used        free      shared  buff/cache   available
Mem:            7937         525         411          33        7000        7071
Swap:           4095           1        4094

2026-05-17T18:03:28Z
               total        used        free      shared  buff/cache   available
Mem:            7937         523         413          33        7000        7073
Swap:           4095           1        4094

2026-05-17T18:03:38Z
               total        used        free      shared  buff/cache   available
Mem:            7937         522         414          33        7000        7075
Swap:           4095           1        4094

2026-05-17T18:03:48Z
               total        used        free      shared  buff/cache   available
Mem:            7937         520         416          33        7000        7077
Swap:           4095           1        4094

2026-05-17T18:03:58Z
               total        used        free      shared  buff/cache   available
Mem:            7937         529         407          33        7000        7068
Swap:           4095           1        4094

2026-05-17T18:04:08Z
               total        used        free      shared  buff/cache   available
Mem:            7937         538         398          33        7000        7058
Swap:           4095           1        4094

2026-05-17T18:04:18Z
               total        used        free      shared  buff/cache   available
Mem:            7937         522         414          33        7000        7075
Swap:           4095           1        4094

2026-05-17T18:04:28Z
               total        used        free      shared  buff/cache   available
Mem:            7937         520         416          33        7000        7077
Swap:           4095           1        4094

2026-05-17T18:04:38Z
               total        used        free      shared  buff/cache   available
Mem:            7937         527         409          33        7000        7069
Swap:           4095           1        4094

2026-05-17T18:04:48Z
               total        used        free      shared  buff/cache   available
Mem:            7937         520         416          33        7001        7077
Swap:           4095           1        4094

2026-05-17T18:04:58Z
               total        used        free      shared  buff/cache   available
Mem:            7937         521         415          33        7000        7076
Swap:           4095           1        4094

2026-05-17T18:05:08Z
               total        used        free      shared  buff/cache   available
Mem:            7937         517         419          33        7000        7080
Swap:           4095           1        4094

2026-05-17T18:05:18Z
               total        used        free      shared  buff/cache   available
Mem:            7937         520         416          33        7000        7077
Swap:           4095           1        4094

2026-05-17T18:05:28Z
               total        used        free      shared  buff/cache   available
Mem:            7937         523         413          33        7001        7074
Swap:           4095           1        4094

2026-05-17T18:05:38Z
               total        used        free      shared  buff/cache   available
Mem:            7937         528         408          33        7001        7069
Swap:           4095           1        4094

2026-05-17T18:05:48Z
               total        used        free      shared  buff/cache   available
Mem:            7937         531         405          33        7001        7066
Swap:           4095           1        4094

2026-05-17T18:05:58Z
               total        used        free      shared  buff/cache   available
Mem:            7937         537         399          33        7001        7060
Swap:           4095           1        4094

2026-05-17T18:06:08Z
               total        used        free      shared  buff/cache   available
Mem:            7937         535         401          33        7001        7062
Swap:           4095           1        4094

2026-05-17T18:06:18Z
               total        used        free      shared  buff/cache   available
Mem:            7937         533         403          33        7001        7064
Swap:           4095           1        4094

2026-05-17T18:06:28Z
               total        used        free      shared  buff/cache   available
Mem:            7937         540         396          33        7001        7057
Swap:           4095           1        4094

2026-05-17T18:06:38Z
               total        used        free      shared  buff/cache   available
Mem:            7937         542         394          33        7001        7055
Swap:           4095           1        4094

2026-05-17T18:06:48Z
               total        used        free      shared  buff/cache   available
Mem:            7937         537         399          33        7001        7060
Swap:           4095           1        4094

2026-05-17T18:06:58Z
               total        used        free      shared  buff/cache   available
Mem:            7937         540         396          33        7001        7057
Swap:           4095           1        4094

2026-05-17T18:07:08Z
               total        used        free      shared  buff/cache   available
Mem:            7937         535         401          33        7001        7062
Swap:           4095           1        4094

2026-05-17T18:07:18Z
               total        used        free      shared  buff/cache   available
Mem:            7937         534         402          33        7001        7063
Swap:           4095           1        4094

2026-05-17T18:07:28Z
               total        used        free      shared  buff/cache   available
Mem:            7937         541         395          33        7001        7056
Swap:           4095           1        4094

2026-05-17T18:07:38Z
               total        used        free      shared  buff/cache   available
Mem:            7937         538         398          33        7001        7059
Swap:           4095           1        4094

2026-05-17T18:07:48Z
               total        used        free      shared  buff/cache   available
Mem:            7937         539         396          33        7001        7057
Swap:           4095           1        4094

2026-05-17T18:07:58Z
               total        used        free      shared  buff/cache   available
Mem:            7937         537         398          33        7001        7060
Swap:           4095           1        4094

2026-05-17T18:08:08Z
               total        used        free      shared  buff/cache   available
Mem:            7937         528         407          33        7001        7068
Swap:           4095           1        4094

2026-05-17T18:08:18Z
               total        used        free      shared  buff/cache   available
Mem:            7937         519         417          33        7001        7078
Swap:           4095           1        4094

2026-05-17T18:08:28Z
               total        used        free      shared  buff/cache   available
Mem:            7937         530         405          33        7001        7066
Swap:           4095           1        4094

2026-05-17T18:08:38Z
               total        used        free      shared  buff/cache   available
Mem:            7937         525         410          33        7001        7071
Swap:           4095           1        4094

2026-05-17T18:08:48Z
               total        used        free      shared  buff/cache   available
Mem:            7937         523         412          33        7001        7073
Swap:           4095           1        4094

2026-05-17T18:08:58Z
               total        used        free      shared  buff/cache   available
Mem:            7937         530         405          33        7002        7067
Swap:           4095           1        4094

2026-05-17T18:09:08Z
               total        used        free      shared  buff/cache   available
Mem:            7937         520         415          33        7002        7076
Swap:           4095           1        4094

2026-05-17T18:09:18Z
               total        used        free      shared  buff/cache   available
Mem:            7937         502         433          33        7002        7094
Swap:           4095           1        4094

