2026-05-17T17:54:28Z
 state  | count 
--------+-------
 idle   |     6
 active |     1
(2 rows)


2026-05-17T17:54:38Z
 state  | count 
--------+-------
 idle   |     6
 active |     1
(2 rows)


2026-05-17T17:54:48Z
 state  | count 
--------+-------
 idle   |     6
 active |     1
(2 rows)


2026-05-17T17:54:58Z
 state  | count 
--------+-------
 idle   |     6
 active |     1
(2 rows)


2026-05-17T17:55:08Z
 state  | count 
--------+-------
 idle   |     6
 active |     1
(2 rows)


2026-05-17T17:55:18Z
 state  | count 
--------+-------
 idle   |     6
 active |     1
(2 rows)


2026-05-17T17:55:28Z
 state  | count 
--------+-------
 idle   |     6
 active |     1
(2 rows)


2026-05-17T17:55:38Z
 state  | count 
--------+-------
 idle   |     6
 active |     1
(2 rows)


2026-05-17T17:55:48Z
 state  | count 
--------+-------
 idle   |     6
 active |     1
(2 rows)


2026-05-17T17:55:58Z
 state  | count 
--------+-------
 idle   |     6
 active |     1
(2 rows)


2026-05-17T17:56:09Z
 state  | count 
--------+-------
 idle   |     6
 active |     1
(2 rows)


2026-05-17T17:56:19Z
 state  | count 
--------+-------
 idle   |     6
 active |     1
(2 rows)


2026-05-17T17:56:29Z
 state  | count 
--------+-------
 idle   |     6
 active |     1
(2 rows)


2026-05-17T17:56:39Z
 state  | count 
--------+-------
 idle   |     6
 active |     1
(2 rows)


2026-05-17T17:56:49Z
 state  | count 
--------+-------
 idle   |     6
 active |     1
(2 rows)


2026-05-17T17:56:59Z
 state  | count 
--------+-------
 idle   |     6
 active |     1
(2 rows)


2026-05-17T17:57:09Z
 state  | count 
--------+-------
 idle   |     6
 active |     1
(2 rows)


2026-05-17T17:57:19Z
 state  | count 
--------+-------
 idle   |     6
 active |     1
(2 rows)


2026-05-17T17:57:29Z
 state  | count 
--------+-------
 idle   |     6
 active |     1
(2 rows)


2026-05-17T17:57:39Z
 state  | count 
--------+-------
 idle   |     6
 active |     1
(2 rows)


2026-05-17T17:57:49Z
 state  | count 
--------+-------
 idle   |     6
 active |     1
(2 rows)


2026-05-17T17:58:00Z
 state  | count 
--------+-------
 idle   |     7
 active |     1
(2 rows)


2026-05-17T17:58:10Z
 state  | count 
--------+-------
 idle   |     7
 active |     1
(2 rows)


2026-05-17T17:58:20Z
 state  | count 
--------+-------
 idle   |     7
 active |     1
(2 rows)


2026-05-17T17:58:30Z
 state  | count 
--------+-------
 idle   |     7
 active |     1
(2 rows)


2026-05-17T17:58:40Z
 state  | count 
--------+-------
 idle   |     7
 active |     1
(2 rows)


2026-05-17T17:58:50Z
 state  | count 
--------+-------
 idle   |     7
 active |     1
(2 rows)


2026-05-17T17:59:00Z
 state  | count 
--------+-------
 idle   |     7
 active |     1
(2 rows)


2026-05-17T17:59:10Z
 state  | count 
--------+-------
 idle   |     7
 active |     1
(2 rows)


2026-05-17T17:59:20Z
 state  | count 
--------+-------
 idle   |     7
 active |     1
(2 rows)


2026-05-17T17:59:30Z
 state  | count 
--------+-------
 idle   |     7
 active |     1
(2 rows)


2026-05-17T17:59:41Z
 state  | count 
--------+-------
 idle   |     7
 active |     1
(2 rows)


2026-05-17T17:59:51Z
 state  | count 
--------+-------
 idle   |     7
 active |     1
(2 rows)


2026-05-17T18:00:01Z
 state  | count 
--------+-------
 idle   |     7
 active |     1
(2 rows)


2026-05-17T18:00:11Z
 state  | count 
--------+-------
 idle   |     6
 active |     2
(2 rows)


2026-05-17T18:00:21Z
 state  | count 
--------+-------
 idle   |     7
 active |     1
(2 rows)


2026-05-17T18:00:31Z
 state  | count 
--------+-------
 idle   |     6
 active |     1
(2 rows)


2026-05-17T18:00:41Z
 state  | count 
--------+-------
 idle   |     6
 active |     1
(2 rows)


2026-05-17T18:00:51Z
 state  | count 
--------+-------
 idle   |     6
 active |     1
(2 rows)


2026-05-17T18:01:01Z
 state  | count 
--------+-------
 idle   |     6
 active |     1
(2 rows)


2026-05-17T18:01:12Z
 state  | count 
--------+-------
 idle   |     6
 active |     1
(2 rows)


2026-05-17T18:01:22Z
 state  | count 
--------+-------
 idle   |     6
 active |     1
(2 rows)


2026-05-17T18:01:32Z
 state  | count 
--------+-------
 idle   |     6
 active |     1
(2 rows)


2026-05-17T18:01:42Z
 state  | count 
--------+-------
 idle   |     6
 active |     1
(2 rows)


2026-05-17T18:01:52Z
 state  | count 
--------+-------
 idle   |     6
 active |     1
(2 rows)


2026-05-17T18:02:02Z
 state  | count 
--------+-------
 idle   |     6
 active |     1
(2 rows)


2026-05-17T18:02:12Z
 state  | count 
--------+-------
 idle   |     6
 active |     1
(2 rows)


2026-05-17T18:02:22Z
 state  | count 
--------+-------
 idle   |     6
 active |     1
(2 rows)


2026-05-17T18:02:32Z
 state  | count 
--------+-------
 idle   |     6
 active |     1
(2 rows)


2026-05-17T18:02:42Z
 state  | count 
--------+-------
 idle   |     6
 active |     1
(2 rows)


2026-05-17T18:02:53Z
 state  | count 
--------+-------
 idle   |     6
 active |     1
(2 rows)


2026-05-17T18:03:03Z
 state  | count 
--------+-------
 idle   |     6
 active |     1
(2 rows)


2026-05-17T18:03:13Z
 state  | count 
--------+-------
 idle   |     6
 active |     1
(2 rows)


2026-05-17T18:03:23Z
 state  | count 
--------+-------
 idle   |     5
 active |     1
(2 rows)


2026-05-17T18:03:33Z
 state  | count 
--------+-------
 idle   |     5
 active |     1
(2 rows)


2026-05-17T18:03:43Z
 state  | count 
--------+-------
 idle   |     5
 active |     1
(2 rows)


2026-05-17T18:03:53Z
 state  | count 
--------+-------
 idle   |     5
 active |     1
(2 rows)


2026-05-17T18:04:03Z
 state  | count 
--------+-------
 idle   |     5
 active |     1
(2 rows)


2026-05-17T18:04:13Z
 state  | count 
--------+-------
 idle   |     5
 active |     1
(2 rows)


2026-05-17T18:04:24Z
 state  | count 
--------+-------
 idle   |     5
 active |     1
(2 rows)


2026-05-17T18:04:34Z
 state  | count 
--------+-------
 idle   |     5
 active |     1
(2 rows)


2026-05-17T18:04:44Z
 state  | count 
--------+-------
 idle   |     5
 active |     1
(2 rows)


2026-05-17T18:04:54Z
 state  | count 
--------+-------
 idle   |     5
 active |     1
(2 rows)


2026-05-17T18:05:04Z
 state  | count 
--------+-------
 idle   |     5
 active |     1
(2 rows)


2026-05-17T18:05:14Z
 state  | count 
--------+-------
 idle   |     5
 active |     1
(2 rows)


2026-05-17T18:05:24Z
 state  | count 
--------+-------
 idle   |     5
 active |     1
(2 rows)


2026-05-17T18:05:34Z
 state  | count 
--------+-------
 idle   |     5
 active |     1
(2 rows)


2026-05-17T18:05:44Z
 state  | count 
--------+-------
 idle   |     5
 active |     1
(2 rows)


2026-05-17T18:05:55Z
 state  | count 
--------+-------
 idle   |     5
 active |     1
(2 rows)


2026-05-17T18:06:05Z
 state  | count 
--------+-------
 idle   |     5
 active |     1
(2 rows)


2026-05-17T18:06:15Z
 state  | count 
--------+-------
 idle   |     5
 active |     1
(2 rows)


2026-05-17T18:06:25Z
 state  | count 
--------+-------
 idle   |     5
 active |     1
(2 rows)


2026-05-17T18:06:35Z
 state  | count 
--------+-------
 idle   |     5
 active |     1
(2 rows)


2026-05-17T18:06:45Z
 state  | count 
--------+-------
 idle   |     5
 active |     1
(2 rows)


2026-05-17T18:06:55Z
 state  | count 
--------+-------
 idle   |     5
 active |     1
(2 rows)


2026-05-17T18:07:05Z
 state  | count 
--------+-------
 idle   |     5
 active |     1
(2 rows)


2026-05-17T18:07:15Z
 state  | count 
--------+-------
 idle   |     5
 active |     1
(2 rows)


2026-05-17T18:07:25Z
 state  | count 
--------+-------
 idle   |     5
 active |     1
(2 rows)


2026-05-17T18:07:36Z
 state  | count 
--------+-------
 idle   |     5
 active |     1
(2 rows)


2026-05-17T18:07:46Z
 state  | count 
--------+-------
 idle   |     5
 active |     1
(2 rows)


2026-05-17T18:07:56Z
 state  | count 
--------+-------
 idle   |     4
 active |     2
(2 rows)


2026-05-17T18:08:06Z
 state  | count 
--------+-------
 idle   |     5
 active |     1
(2 rows)


2026-05-17T18:08:16Z
 state  | count 
--------+-------
 idle   |     5
 active |     1
(2 rows)


2026-05-17T18:08:26Z
 state  | count 
--------+-------
 idle   |     5
 active |     1
(2 rows)


2026-05-17T18:08:36Z
 state  | count 
--------+-------
 idle   |     5
 active |     1
(2 rows)


2026-05-17T18:08:46Z
 state  | count 
--------+-------
 idle   |     5
 active |     1
(2 rows)


2026-05-17T18:08:56Z
 state  | count 
--------+-------
 idle   |     5
 active |     1
(2 rows)


2026-05-17T18:09:06Z
 state  | count 
--------+-------
 idle   |     5
 active |     1
(2 rows)


2026-05-17T18:09:17Z
 state  | count 
--------+-------
 idle   |     5
 active |     1
(2 rows)


2026-05-17T18:09:27Z
 state  | count 
--------+-------
 idle   |     5
 active |     1
(2 rows)


