2026-05-17T12:24:46Z 200
2026-05-17T12:24:51Z 200
2026-05-17T12:24:56Z 200
2026-05-17T12:25:01Z 200
2026-05-17T12:25:06Z 200
2026-05-17T12:25:11Z 200
2026-05-17T12:25:16Z 200
2026-05-17T12:25:21Z 200
2026-05-17T12:25:26Z 200
2026-05-17T12:25:31Z 200
2026-05-17T12:25:36Z 200
2026-05-17T12:25:41Z 200
2026-05-17T12:25:46Z 200
2026-05-17T12:25:51Z 200
2026-05-17T12:25:56Z 200
2026-05-17T12:26:01Z 200
2026-05-17T12:26:06Z 200
2026-05-17T12:26:11Z 200
2026-05-17T12:26:16Z 200
2026-05-17T12:26:21Z 200
2026-05-17T12:26:26Z 200
2026-05-17T12:26:31Z 200
2026-05-17T12:26:36Z 200
2026-05-17T12:26:41Z 200
2026-05-17T12:26:46Z 200
2026-05-17T12:26:51Z 200
2026-05-17T12:26:56Z 200
2026-05-17T12:27:01Z 200
2026-05-17T12:27:06Z 200
2026-05-17T12:27:11Z 200
2026-05-17T12:27:16Z 200
2026-05-17T12:27:21Z 200
2026-05-17T12:27:26Z 200
2026-05-17T12:27:31Z 200
2026-05-17T12:27:36Z 200
2026-05-17T12:27:41Z 200
2026-05-17T12:27:46Z 200
2026-05-17T12:27:51Z 200
2026-05-17T12:27:56Z 200
2026-05-17T12:28:01Z 200
2026-05-17T12:28:06Z 200
2026-05-17T12:28:11Z 200
2026-05-17T12:28:16Z 200
2026-05-17T12:28:21Z 200
2026-05-17T12:28:26Z 200
2026-05-17T12:28:31Z 200
2026-05-17T12:28:36Z 200
2026-05-17T12:28:41Z 200
2026-05-17T12:28:46Z 200
2026-05-17T12:28:51Z 200
2026-05-17T12:28:56Z 200
2026-05-17T12:29:01Z 200
2026-05-17T12:29:06Z 200
2026-05-17T12:29:11Z 200
2026-05-17T12:29:16Z 200
2026-05-17T12:29:21Z 200
2026-05-17T12:29:26Z 200
2026-05-17T12:29:31Z 200
2026-05-17T12:29:36Z 200
2026-05-17T12:29:41Z 200
2026-05-17T12:29:46Z 200
2026-05-17T12:29:51Z 200
2026-05-17T12:29:56Z 200
2026-05-17T12:30:01Z 200
2026-05-17T12:30:06Z 200
2026-05-17T12:30:11Z 200
2026-05-17T12:30:16Z 200
2026-05-17T12:30:21Z 200
2026-05-17T12:30:26Z 200
2026-05-17T12:30:31Z 200
2026-05-17T12:30:36Z 200
2026-05-17T12:30:41Z 200
2026-05-17T12:30:46Z 200
2026-05-17T12:30:51Z 200
2026-05-17T12:30:57Z 200
2026-05-17T12:31:02Z 200
2026-05-17T12:31:07Z 200
2026-05-17T12:31:12Z 200
2026-05-17T12:31:17Z 200
2026-05-17T12:31:22Z 200
2026-05-17T12:31:27Z 200
2026-05-17T12:31:32Z 200
2026-05-17T12:31:37Z 200
2026-05-17T12:31:42Z 200
2026-05-17T12:31:47Z 200
2026-05-17T12:31:52Z 200
2026-05-17T12:31:57Z 200
2026-05-17T12:32:02Z 200
2026-05-17T12:32:07Z 200
2026-05-17T12:32:12Z 200
2026-05-17T12:32:17Z 200
2026-05-17T12:32:22Z 200
2026-05-17T12:32:27Z 200
2026-05-17T12:32:32Z 200
2026-05-17T12:32:37Z 200
2026-05-17T12:32:42Z 200
2026-05-17T12:32:47Z 200
2026-05-17T12:32:52Z 200
2026-05-17T12:32:57Z 200
2026-05-17T12:33:02Z 200
2026-05-17T12:33:07Z 200
2026-05-17T12:33:12Z 200
2026-05-17T12:33:17Z 200
2026-05-17T12:33:22Z 200
2026-05-17T12:33:27Z 200
2026-05-17T12:33:32Z 200
2026-05-17T12:33:37Z 200
2026-05-17T12:33:42Z 200
2026-05-17T12:33:47Z 200
2026-05-17T12:33:52Z 200
2026-05-17T12:33:57Z 200
2026-05-17T12:34:02Z 200
2026-05-17T12:34:07Z 200
2026-05-17T12:34:12Z 200
2026-05-17T12:34:17Z 200
2026-05-17T12:34:22Z 200
2026-05-17T12:34:27Z 200
2026-05-17T12:34:32Z 200
2026-05-17T12:34:37Z 200
2026-05-17T12:34:42Z 200
2026-05-17T12:34:47Z 200
2026-05-17T12:34:52Z 200
2026-05-17T12:34:57Z 200
2026-05-17T12:35:02Z 200
2026-05-17T12:35:07Z 200
2026-05-17T12:35:12Z 200
2026-05-17T12:35:17Z 200
2026-05-17T12:35:22Z 200
2026-05-17T12:35:27Z 200
2026-05-17T12:35:32Z 200
2026-05-17T12:35:37Z 200
2026-05-17T12:35:42Z 200
2026-05-17T12:35:47Z 200
2026-05-17T12:35:52Z 200
2026-05-17T12:35:57Z 200
2026-05-17T12:36:02Z 200
2026-05-17T12:36:07Z 200
2026-05-17T12:36:12Z 200
2026-05-17T12:36:17Z 200
2026-05-17T12:36:22Z 200
2026-05-17T12:36:27Z 200
2026-05-17T12:36:32Z 200
2026-05-17T12:36:37Z 200
2026-05-17T12:36:42Z 200
2026-05-17T12:36:47Z 200
2026-05-17T12:36:52Z 200
2026-05-17T12:36:57Z 200
2026-05-17T12:37:02Z 200
2026-05-17T12:37:07Z 200
2026-05-17T12:37:13Z 200
2026-05-17T12:37:18Z 200
2026-05-17T12:37:23Z 200
2026-05-17T12:37:28Z 200
2026-05-17T12:37:33Z 200
2026-05-17T12:37:38Z 200
2026-05-17T12:37:43Z 200
2026-05-17T12:37:48Z 200
2026-05-17T12:37:53Z 200
2026-05-17T12:37:58Z 200
2026-05-17T12:38:03Z 200
2026-05-17T12:38:08Z 200
2026-05-17T12:38:13Z 200
2026-05-17T12:38:18Z 200
2026-05-17T12:38:23Z 200
2026-05-17T12:38:28Z 200
2026-05-17T12:38:33Z 200
2026-05-17T12:38:38Z 200
2026-05-17T12:38:43Z 200
2026-05-17T12:38:48Z 200
2026-05-17T12:38:53Z 200
2026-05-17T12:38:58Z 200
2026-05-17T12:39:03Z 200
2026-05-17T12:39:08Z 200
2026-05-17T12:39:13Z 200
2026-05-17T12:39:18Z 200
2026-05-17T12:39:23Z 200
2026-05-17T12:39:28Z 200
2026-05-17T12:39:33Z 200
2026-05-17T12:39:38Z 200
2026-05-17T12:39:43Z 200
