2026-05-17T12:24:46Z
               total        used        free      shared  buff/cache   available
Mem:            7937         407         442          23        7087        7199
Swap:           4095           0        4095

2026-05-17T12:24:56Z
               total        used        free      shared  buff/cache   available
Mem:            7937         402         447          23        7087        7204
Swap:           4095           0        4095

2026-05-17T12:25:06Z
               total        used        free      shared  buff/cache   available
Mem:            7937         405         444          23        7087        7201
Swap:           4095           0        4095

2026-05-17T12:25:16Z
               total        used        free      shared  buff/cache   available
Mem:            7937         403         447          23        7087        7204
Swap:           4095           0        4095

2026-05-17T12:25:26Z
               total        used        free      shared  buff/cache   available
Mem:            7937         402         447          23        7087        7204
Swap:           4095           0        4095

2026-05-17T12:25:36Z
               total        used        free      shared  buff/cache   available
Mem:            7937         408         441          23        7087        7198
Swap:           4095           0        4095

2026-05-17T12:25:46Z
               total        used        free      shared  buff/cache   available
Mem:            7937         408         442          23        7087        7199
Swap:           4095           0        4095

2026-05-17T12:25:56Z
               total        used        free      shared  buff/cache   available
Mem:            7937         412         437          23        7087        7194
Swap:           4095           0        4095

2026-05-17T12:26:06Z
               total        used        free      shared  buff/cache   available
Mem:            7937         407         442          23        7087        7199
Swap:           4095           0        4095

2026-05-17T12:26:16Z
               total        used        free      shared  buff/cache   available
Mem:            7937         408         441          23        7087        7198
Swap:           4095           0        4095

2026-05-17T12:26:26Z
               total        used        free      shared  buff/cache   available
Mem:            7937         411         439          23        7087        7196
Swap:           4095           0        4095

2026-05-17T12:26:36Z
               total        used        free      shared  buff/cache   available
Mem:            7937         410         439          23        7087        7196
Swap:           4095           0        4095

2026-05-17T12:26:46Z
               total        used        free      shared  buff/cache   available
Mem:            7937         411         439          23        7087        7196
Swap:           4095           0        4095

2026-05-17T12:26:56Z
               total        used        free      shared  buff/cache   available
Mem:            7937         402         447          23        7087        7205
Swap:           4095           0        4095

2026-05-17T12:27:06Z
               total        used        free      shared  buff/cache   available
Mem:            7937         411         438          23        7087        7196
Swap:           4095           0        4095

2026-05-17T12:27:16Z
               total        used        free      shared  buff/cache   available
Mem:            7937         415         434          23        7087        7192
Swap:           4095           0        4095

2026-05-17T12:27:26Z
               total        used        free      shared  buff/cache   available
Mem:            7937         414         435          23        7087        7192
Swap:           4095           0        4095

2026-05-17T12:27:36Z
               total        used        free      shared  buff/cache   available
Mem:            7937         416         434          23        7087        7191
Swap:           4095           0        4095

2026-05-17T12:27:46Z
               total        used        free      shared  buff/cache   available
Mem:            7937         411         439          23        7087        7196
Swap:           4095           0        4095

2026-05-17T12:27:56Z
               total        used        free      shared  buff/cache   available
Mem:            7937         416         433          23        7087        7190
Swap:           4095           0        4095

2026-05-17T12:28:06Z
               total        used        free      shared  buff/cache   available
Mem:            7937         410         439          23        7087        7196
Swap:           4095           0        4095

2026-05-17T12:28:16Z
               total        used        free      shared  buff/cache   available
Mem:            7937         408         442          23        7087        7199
Swap:           4095           0        4095

2026-05-17T12:28:26Z
               total        used        free      shared  buff/cache   available
Mem:            7937         415         434          23        7088        7192
Swap:           4095           0        4095

2026-05-17T12:28:36Z
               total        used        free      shared  buff/cache   available
Mem:            7937         413         436          23        7087        7193
Swap:           4095           0        4095

2026-05-17T12:28:46Z
               total        used        free      shared  buff/cache   available
Mem:            7937         417         432          23        7087        7189
Swap:           4095           0        4095

2026-05-17T12:28:56Z
               total        used        free      shared  buff/cache   available
Mem:            7937         415         434          23        7087        7192
Swap:           4095           0        4095

2026-05-17T12:29:06Z
               total        used        free      shared  buff/cache   available
Mem:            7937         419         430          23        7087        7188
Swap:           4095           0        4095

2026-05-17T12:29:16Z
               total        used        free      shared  buff/cache   available
Mem:            7937         419         429          23        7088        7187
Swap:           4095           0        4095

2026-05-17T12:29:26Z
               total        used        free      shared  buff/cache   available
Mem:            7937         412         437          23        7088        7195
Swap:           4095           0        4095

2026-05-17T12:29:36Z
               total        used        free      shared  buff/cache   available
Mem:            7937         410         439          23        7088        7197
Swap:           4095           0        4095

2026-05-17T12:29:46Z
               total        used        free      shared  buff/cache   available
Mem:            7937         414         435          23        7088        7193
Swap:           4095           0        4095

2026-05-17T12:29:56Z
               total        used        free      shared  buff/cache   available
Mem:            7937         419         430          23        7088        7188
Swap:           4095           0        4095

2026-05-17T12:30:06Z
               total        used        free      shared  buff/cache   available
Mem:            7937         409         440          23        7088        7197
Swap:           4095           0        4095

2026-05-17T12:30:16Z
               total        used        free      shared  buff/cache   available
Mem:            7937         416         433          23        7088        7190
Swap:           4095           0        4095

2026-05-17T12:30:26Z
               total        used        free      shared  buff/cache   available
Mem:            7937         416         433          23        7088        7191
Swap:           4095           0        4095

2026-05-17T12:30:36Z
               total        used        free      shared  buff/cache   available
Mem:            7937         412         437          23        7088        7195
Swap:           4095           0        4095

2026-05-17T12:30:46Z
               total        used        free      shared  buff/cache   available
Mem:            7937         417         432          23        7088        7189
Swap:           4095           0        4095

2026-05-17T12:30:56Z
               total        used        free      shared  buff/cache   available
Mem:            7937         413         436          23        7088        7194
Swap:           4095           0        4095

2026-05-17T12:31:06Z
               total        used        free      shared  buff/cache   available
Mem:            7937         421         428          23        7088        7185
Swap:           4095           0        4095

2026-05-17T12:31:16Z
               total        used        free      shared  buff/cache   available
Mem:            7937         412         437          23        7088        7195
Swap:           4095           0        4095

2026-05-17T12:31:26Z
               total        used        free      shared  buff/cache   available
Mem:            7937         417         432          23        7088        7190
Swap:           4095           0        4095

2026-05-17T12:31:36Z
               total        used        free      shared  buff/cache   available
Mem:            7937         412         437          23        7088        7194
Swap:           4095           0        4095

2026-05-17T12:31:46Z
               total        used        free      shared  buff/cache   available
Mem:            7937         414         435          23        7088        7192
Swap:           4095           0        4095

2026-05-17T12:31:56Z
               total        used        free      shared  buff/cache   available
Mem:            7937         413         435          23        7088        7193
Swap:           4095           0        4095

2026-05-17T12:32:06Z
               total        used        free      shared  buff/cache   available
Mem:            7937         414         435          23        7088        7192
Swap:           4095           0        4095

2026-05-17T12:32:16Z
               total        used        free      shared  buff/cache   available
Mem:            7937         416         433          23        7088        7191
Swap:           4095           0        4095

2026-05-17T12:32:26Z
               total        used        free      shared  buff/cache   available
Mem:            7937         413         436          23        7088        7194
Swap:           4095           0        4095

2026-05-17T12:32:36Z
               total        used        free      shared  buff/cache   available
Mem:            7937         416         433          23        7088        7190
Swap:           4095           0        4095

2026-05-17T12:32:46Z
               total        used        free      shared  buff/cache   available
Mem:            7937         417         432          23        7088        7189
Swap:           4095           0        4095

2026-05-17T12:32:56Z
               total        used        free      shared  buff/cache   available
Mem:            7937         414         435          23        7088        7192
Swap:           4095           0        4095

2026-05-17T12:33:06Z
               total        used        free      shared  buff/cache   available
Mem:            7937         414         435          23        7088        7193
Swap:           4095           0        4095

2026-05-17T12:33:16Z
               total        used        free      shared  buff/cache   available
Mem:            7937         412         437          23        7088        7195
Swap:           4095           0        4095

2026-05-17T12:33:26Z
               total        used        free      shared  buff/cache   available
Mem:            7937         424         425          23        7088        7182
Swap:           4095           0        4095

2026-05-17T12:33:36Z
               total        used        free      shared  buff/cache   available
Mem:            7937         427         422          23        7088        7179
Swap:           4095           0        4095

2026-05-17T12:33:46Z
               total        used        free      shared  buff/cache   available
Mem:            7937         422         427          23        7088        7184
Swap:           4095           0        4095

2026-05-17T12:33:56Z
               total        used        free      shared  buff/cache   available
Mem:            7937         418         431          23        7088        7188
Swap:           4095           0        4095

2026-05-17T12:34:06Z
               total        used        free      shared  buff/cache   available
Mem:            7937         423         426          23        7088        7183
Swap:           4095           0        4095

2026-05-17T12:34:16Z
               total        used        free      shared  buff/cache   available
Mem:            7937         426         423          23        7088        7180
Swap:           4095           0        4095

2026-05-17T12:34:26Z
               total        used        free      shared  buff/cache   available
Mem:            7937         429         420          23        7088        7178
Swap:           4095           0        4095

2026-05-17T12:34:36Z
               total        used        free      shared  buff/cache   available
Mem:            7937         421         428          23        7088        7185
Swap:           4095           0        4095

2026-05-17T12:34:46Z
               total        used        free      shared  buff/cache   available
Mem:            7937         419         429          23        7088        7187
Swap:           4095           0        4095

2026-05-17T12:34:56Z
               total        used        free      shared  buff/cache   available
Mem:            7937         418         431          23        7088        7189
Swap:           4095           0        4095

2026-05-17T12:35:06Z
               total        used        free      shared  buff/cache   available
Mem:            7937         418         431          23        7088        7188
Swap:           4095           0        4095

2026-05-17T12:35:16Z
               total        used        free      shared  buff/cache   available
Mem:            7937         421         428          23        7088        7185
Swap:           4095           0        4095

2026-05-17T12:35:26Z
               total        used        free      shared  buff/cache   available
Mem:            7937         423         425          23        7088        7183
Swap:           4095           0        4095

2026-05-17T12:35:36Z
               total        used        free      shared  buff/cache   available
Mem:            7937         429         420          23        7088        7177
Swap:           4095           0        4095

2026-05-17T12:35:46Z
               total        used        free      shared  buff/cache   available
Mem:            7937         422         427          23        7088        7184
Swap:           4095           0        4095

2026-05-17T12:35:56Z
               total        used        free      shared  buff/cache   available
Mem:            7937         420         429          23        7088        7186
Swap:           4095           0        4095

2026-05-17T12:36:06Z
               total        used        free      shared  buff/cache   available
Mem:            7937         425         424          23        7088        7181
Swap:           4095           0        4095

2026-05-17T12:36:16Z
               total        used        free      shared  buff/cache   available
Mem:            7937         416         433          23        7088        7190
Swap:           4095           0        4095

2026-05-17T12:36:26Z
               total        used        free      shared  buff/cache   available
Mem:            7937         426         423          23        7088        7181
Swap:           4095           0        4095

2026-05-17T12:36:36Z
               total        used        free      shared  buff/cache   available
Mem:            7937         419         430          23        7088        7188
Swap:           4095           0        4095

2026-05-17T12:36:46Z
               total        used        free      shared  buff/cache   available
Mem:            7937         427         422          23        7088        7179
Swap:           4095           0        4095

2026-05-17T12:36:56Z
               total        used        free      shared  buff/cache   available
Mem:            7937         419         430          23        7088        7188
Swap:           4095           0        4095

2026-05-17T12:37:06Z
               total        used        free      shared  buff/cache   available
Mem:            7937         421         428          23        7088        7186
Swap:           4095           0        4095

2026-05-17T12:37:16Z
               total        used        free      shared  buff/cache   available
Mem:            7937         419         430          23        7088        7188
Swap:           4095           0        4095

2026-05-17T12:37:26Z
               total        used        free      shared  buff/cache   available
Mem:            7937         420         429          23        7088        7187
Swap:           4095           0        4095

2026-05-17T12:37:36Z
               total        used        free      shared  buff/cache   available
Mem:            7937         426         423          23        7088        7181
Swap:           4095           0        4095

2026-05-17T12:37:46Z
               total        used        free      shared  buff/cache   available
Mem:            7937         424         425          23        7088        7182
Swap:           4095           0        4095

2026-05-17T12:37:56Z
               total        used        free      shared  buff/cache   available
Mem:            7937         412         437          23        7088        7195
Swap:           4095           0        4095

2026-05-17T12:38:06Z
               total        used        free      shared  buff/cache   available
Mem:            7937         419         430          23        7088        7188
Swap:           4095           0        4095

2026-05-17T12:38:16Z
               total        used        free      shared  buff/cache   available
Mem:            7937         427         422          23        7088        7179
Swap:           4095           0        4095

2026-05-17T12:38:26Z
               total        used        free      shared  buff/cache   available
Mem:            7937         429         420          23        7088        7177
Swap:           4095           0        4095

2026-05-17T12:38:36Z
               total        used        free      shared  buff/cache   available
Mem:            7937         424         425          23        7088        7183
Swap:           4095           0        4095

2026-05-17T12:38:46Z
               total        used        free      shared  buff/cache   available
Mem:            7937         421         428          23        7088        7186
Swap:           4095           0        4095

2026-05-17T12:38:56Z
               total        used        free      shared  buff/cache   available
Mem:            7937         429         420          23        7088        7178
Swap:           4095           0        4095

2026-05-17T12:39:06Z
               total        used        free      shared  buff/cache   available
Mem:            7937         421         428          23        7088        7185
Swap:           4095           0        4095

2026-05-17T12:39:16Z
               total        used        free      shared  buff/cache   available
Mem:            7937         418         430          23        7088        7188
Swap:           4095           0        4095

2026-05-17T12:39:26Z
               total        used        free      shared  buff/cache   available
Mem:            7937         421         428          23        7088        7185
Swap:           4095           0        4095

2026-05-17T12:39:36Z
               total        used        free      shared  buff/cache   available
Mem:            7937         432         417          23        7088        7174
Swap:           4095           0        4095

