2026-05-17T12:24:46Z
time="2026-05-17T12:24:46Z" level=warning msg="Found multiple config files with supported names: /home/student/hsse-highload/docker-compose.yml, /home/student/hsse-highload/docker-compose.yaml"
time="2026-05-17T12:24:46Z" level=warning msg="Using /home/student/hsse-highload/docker-compose.yml"
time="2026-05-17T12:24:46Z" level=warning msg="Found multiple config files with supported names: /home/student/hsse-highload/docker-compose.yml, /home/student/hsse-highload/docker-compose.yaml"
time="2026-05-17T12:24:46Z" level=warning msg="Using /home/student/hsse-highload/docker-compose.yml"
 state  | count 
--------+-------
 idle   |     8
 active |     1
(2 rows)


2026-05-17T12:24:56Z
time="2026-05-17T12:24:56Z" level=warning msg="Found multiple config files with supported names: /home/student/hsse-highload/docker-compose.yml, /home/student/hsse-highload/docker-compose.yaml"
time="2026-05-17T12:24:56Z" level=warning msg="Using /home/student/hsse-highload/docker-compose.yml"
time="2026-05-17T12:24:56Z" level=warning msg="Found multiple config files with supported names: /home/student/hsse-highload/docker-compose.yml, /home/student/hsse-highload/docker-compose.yaml"
time="2026-05-17T12:24:56Z" level=warning msg="Using /home/student/hsse-highload/docker-compose.yml"
 state  | count 
--------+-------
 idle   |     6
 active |     1
(2 rows)


2026-05-17T12:25:06Z
time="2026-05-17T12:25:06Z" level=warning msg="Found multiple config files with supported names: /home/student/hsse-highload/docker-compose.yml, /home/student/hsse-highload/docker-compose.yaml"
time="2026-05-17T12:25:06Z" level=warning msg="Using /home/student/hsse-highload/docker-compose.yml"
time="2026-05-17T12:25:06Z" level=warning msg="Found multiple config files with supported names: /home/student/hsse-highload/docker-compose.yml, /home/student/hsse-highload/docker-compose.yaml"
time="2026-05-17T12:25:06Z" level=warning msg="Using /home/student/hsse-highload/docker-compose.yml"
 state  | count 
--------+-------
 idle   |     6
 active |     1
(2 rows)


2026-05-17T12:25:16Z
time="2026-05-17T12:25:16Z" level=warning msg="Found multiple config files with supported names: /home/student/hsse-highload/docker-compose.yml, /home/student/hsse-highload/docker-compose.yaml"
time="2026-05-17T12:25:16Z" level=warning msg="Using /home/student/hsse-highload/docker-compose.yml"
time="2026-05-17T12:25:16Z" level=warning msg="Found multiple config files with supported names: /home/student/hsse-highload/docker-compose.yml, /home/student/hsse-highload/docker-compose.yaml"
time="2026-05-17T12:25:16Z" level=warning msg="Using /home/student/hsse-highload/docker-compose.yml"
 state  | count 
--------+-------
 idle   |     6
 active |     1
(2 rows)


2026-05-17T12:25:26Z
time="2026-05-17T12:25:26Z" level=warning msg="Found multiple config files with supported names: /home/student/hsse-highload/docker-compose.yml, /home/student/hsse-highload/docker-compose.yaml"
time="2026-05-17T12:25:26Z" level=warning msg="Using /home/student/hsse-highload/docker-compose.yml"
time="2026-05-17T12:25:26Z" level=warning msg="Found multiple config files with supported names: /home/student/hsse-highload/docker-compose.yml, /home/student/hsse-highload/docker-compose.yaml"
time="2026-05-17T12:25:26Z" level=warning msg="Using /home/student/hsse-highload/docker-compose.yml"
 state  | count 
--------+-------
 idle   |     7
 active |     1
(2 rows)


2026-05-17T12:25:36Z
time="2026-05-17T12:25:36Z" level=warning msg="Found multiple config files with supported names: /home/student/hsse-highload/docker-compose.yml, /home/student/hsse-highload/docker-compose.yaml"
time="2026-05-17T12:25:36Z" level=warning msg="Using /home/student/hsse-highload/docker-compose.yml"
time="2026-05-17T12:25:36Z" level=warning msg="Found multiple config files with supported names: /home/student/hsse-highload/docker-compose.yml, /home/student/hsse-highload/docker-compose.yaml"
time="2026-05-17T12:25:36Z" level=warning msg="Using /home/student/hsse-highload/docker-compose.yml"
 state  | count 
--------+-------
 idle   |     7
 active |     1
(2 rows)


2026-05-17T12:25:46Z
time="2026-05-17T12:25:46Z" level=warning msg="Found multiple config files with supported names: /home/student/hsse-highload/docker-compose.yml, /home/student/hsse-highload/docker-compose.yaml"
time="2026-05-17T12:25:46Z" level=warning msg="Using /home/student/hsse-highload/docker-compose.yml"
time="2026-05-17T12:25:46Z" level=warning msg="Found multiple config files with supported names: /home/student/hsse-highload/docker-compose.yml, /home/student/hsse-highload/docker-compose.yaml"
time="2026-05-17T12:25:46Z" level=warning msg="Using /home/student/hsse-highload/docker-compose.yml"
 state  | count 
--------+-------
 idle   |     7
 active |     1
(2 rows)


2026-05-17T12:25:56Z
time="2026-05-17T12:25:56Z" level=warning msg="Found multiple config files with supported names: /home/student/hsse-highload/docker-compose.yml, /home/student/hsse-highload/docker-compose.yaml"
time="2026-05-17T12:25:56Z" level=warning msg="Using /home/student/hsse-highload/docker-compose.yml"
time="2026-05-17T12:25:56Z" level=warning msg="Found multiple config files with supported names: /home/student/hsse-highload/docker-compose.yml, /home/student/hsse-highload/docker-compose.yaml"
time="2026-05-17T12:25:56Z" level=warning msg="Using /home/student/hsse-highload/docker-compose.yml"
 state  | count 
--------+-------
 idle   |     7
 active |     1
(2 rows)


2026-05-17T12:26:06Z
time="2026-05-17T12:26:06Z" level=warning msg="Found multiple config files with supported names: /home/student/hsse-highload/docker-compose.yml, /home/student/hsse-highload/docker-compose.yaml"
time="2026-05-17T12:26:06Z" level=warning msg="Using /home/student/hsse-highload/docker-compose.yml"
time="2026-05-17T12:26:06Z" level=warning msg="Found multiple config files with supported names: /home/student/hsse-highload/docker-compose.yml, /home/student/hsse-highload/docker-compose.yaml"
time="2026-05-17T12:26:06Z" level=warning msg="Using /home/student/hsse-highload/docker-compose.yml"
 state  | count 
--------+-------
 idle   |     7
 active |     1
(2 rows)


2026-05-17T12:26:16Z
time="2026-05-17T12:26:16Z" level=warning msg="Found multiple config files with supported names: /home/student/hsse-highload/docker-compose.yml, /home/student/hsse-highload/docker-compose.yaml"
time="2026-05-17T12:26:16Z" level=warning msg="Using /home/student/hsse-highload/docker-compose.yml"
time="2026-05-17T12:26:16Z" level=warning msg="Found multiple config files with supported names: /home/student/hsse-highload/docker-compose.yml, /home/student/hsse-highload/docker-compose.yaml"
time="2026-05-17T12:26:16Z" level=warning msg="Using /home/student/hsse-highload/docker-compose.yml"
 state  | count 
--------+-------
 idle   |     7
 active |     1
(2 rows)


2026-05-17T12:26:27Z
time="2026-05-17T12:26:27Z" level=warning msg="Found multiple config files with supported names: /home/student/hsse-highload/docker-compose.yml, /home/student/hsse-highload/docker-compose.yaml"
time="2026-05-17T12:26:27Z" level=warning msg="Using /home/student/hsse-highload/docker-compose.yml"
time="2026-05-17T12:26:27Z" level=warning msg="Found multiple config files with supported names: /home/student/hsse-highload/docker-compose.yml, /home/student/hsse-highload/docker-compose.yaml"
time="2026-05-17T12:26:27Z" level=warning msg="Using /home/student/hsse-highload/docker-compose.yml"
 state  | count 
--------+-------
 idle   |     7
 active |     1
(2 rows)


2026-05-17T12:26:37Z
time="2026-05-17T12:26:37Z" level=warning msg="Found multiple config files with supported names: /home/student/hsse-highload/docker-compose.yml, /home/student/hsse-highload/docker-compose.yaml"
time="2026-05-17T12:26:37Z" level=warning msg="Using /home/student/hsse-highload/docker-compose.yml"
time="2026-05-17T12:26:37Z" level=warning msg="Found multiple config files with supported names: /home/student/hsse-highload/docker-compose.yml, /home/student/hsse-highload/docker-compose.yaml"
time="2026-05-17T12:26:37Z" level=warning msg="Using /home/student/hsse-highload/docker-compose.yml"
 state  | count 
--------+-------
 idle   |     7
 active |     1
(2 rows)


2026-05-17T12:26:47Z
time="2026-05-17T12:26:47Z" level=warning msg="Found multiple config files with supported names: /home/student/hsse-highload/docker-compose.yml, /home/student/hsse-highload/docker-compose.yaml"
time="2026-05-17T12:26:47Z" level=warning msg="Using /home/student/hsse-highload/docker-compose.yml"
time="2026-05-17T12:26:47Z" level=warning msg="Found multiple config files with supported names: /home/student/hsse-highload/docker-compose.yml, /home/student/hsse-highload/docker-compose.yaml"
time="2026-05-17T12:26:47Z" level=warning msg="Using /home/student/hsse-highload/docker-compose.yml"
 state  | count 
--------+-------
 idle   |     7
 active |     1
(2 rows)


2026-05-17T12:26:57Z
time="2026-05-17T12:26:57Z" level=warning msg="Found multiple config files with supported names: /home/student/hsse-highload/docker-compose.yml, /home/student/hsse-highload/docker-compose.yaml"
time="2026-05-17T12:26:57Z" level=warning msg="Using /home/student/hsse-highload/docker-compose.yml"
time="2026-05-17T12:26:57Z" level=warning msg="Found multiple config files with supported names: /home/student/hsse-highload/docker-compose.yml, /home/student/hsse-highload/docker-compose.yaml"
time="2026-05-17T12:26:57Z" level=warning msg="Using /home/student/hsse-highload/docker-compose.yml"
 state  | count 
--------+-------
 idle   |     7
 active |     1
(2 rows)


2026-05-17T12:27:07Z
time="2026-05-17T12:27:07Z" level=warning msg="Found multiple config files with supported names: /home/student/hsse-highload/docker-compose.yml, /home/student/hsse-highload/docker-compose.yaml"
time="2026-05-17T12:27:07Z" level=warning msg="Using /home/student/hsse-highload/docker-compose.yml"
time="2026-05-17T12:27:07Z" level=warning msg="Found multiple config files with supported names: /home/student/hsse-highload/docker-compose.yml, /home/student/hsse-highload/docker-compose.yaml"
time="2026-05-17T12:27:07Z" level=warning msg="Using /home/student/hsse-highload/docker-compose.yml"
 state  | count 
--------+-------
 idle   |     7
 active |     1
(2 rows)


2026-05-17T12:27:17Z
time="2026-05-17T12:27:17Z" level=warning msg="Found multiple config files with supported names: /home/student/hsse-highload/docker-compose.yml, /home/student/hsse-highload/docker-compose.yaml"
time="2026-05-17T12:27:17Z" level=warning msg="Using /home/student/hsse-highload/docker-compose.yml"
time="2026-05-17T12:27:17Z" level=warning msg="Found multiple config files with supported names: /home/student/hsse-highload/docker-compose.yml, /home/student/hsse-highload/docker-compose.yaml"
time="2026-05-17T12:27:17Z" level=warning msg="Using /home/student/hsse-highload/docker-compose.yml"
 state  | count 
--------+-------
 idle   |     7
 active |     1
(2 rows)


2026-05-17T12:27:27Z
time="2026-05-17T12:27:27Z" level=warning msg="Found multiple config files with supported names: /home/student/hsse-highload/docker-compose.yml, /home/student/hsse-highload/docker-compose.yaml"
time="2026-05-17T12:27:27Z" level=warning msg="Using /home/student/hsse-highload/docker-compose.yml"
time="2026-05-17T12:27:27Z" level=warning msg="Found multiple config files with supported names: /home/student/hsse-highload/docker-compose.yml, /home/student/hsse-highload/docker-compose.yaml"
time="2026-05-17T12:27:27Z" level=warning msg="Using /home/student/hsse-highload/docker-compose.yml"
 state  | count 
--------+-------
 idle   |     7
 active |     1
(2 rows)


2026-05-17T12:27:37Z
time="2026-05-17T12:27:37Z" level=warning msg="Found multiple config files with supported names: /home/student/hsse-highload/docker-compose.yml, /home/student/hsse-highload/docker-compose.yaml"
time="2026-05-17T12:27:37Z" level=warning msg="Using /home/student/hsse-highload/docker-compose.yml"
time="2026-05-17T12:27:37Z" level=warning msg="Found multiple config files with supported names: /home/student/hsse-highload/docker-compose.yml, /home/student/hsse-highload/docker-compose.yaml"
time="2026-05-17T12:27:37Z" level=warning msg="Using /home/student/hsse-highload/docker-compose.yml"
 state  | count 
--------+-------
 idle   |     7
 active |     1
(2 rows)


2026-05-17T12:27:47Z
time="2026-05-17T12:27:47Z" level=warning msg="Found multiple config files with supported names: /home/student/hsse-highload/docker-compose.yml, /home/student/hsse-highload/docker-compose.yaml"
time="2026-05-17T12:27:47Z" level=warning msg="Using /home/student/hsse-highload/docker-compose.yml"
time="2026-05-17T12:27:47Z" level=warning msg="Found multiple config files with supported names: /home/student/hsse-highload/docker-compose.yml, /home/student/hsse-highload/docker-compose.yaml"
time="2026-05-17T12:27:47Z" level=warning msg="Using /home/student/hsse-highload/docker-compose.yml"
 state  | count 
--------+-------
 idle   |     7
 active |     1
(2 rows)


2026-05-17T12:27:57Z
time="2026-05-17T12:27:57Z" level=warning msg="Found multiple config files with supported names: /home/student/hsse-highload/docker-compose.yml, /home/student/hsse-highload/docker-compose.yaml"
time="2026-05-17T12:27:57Z" level=warning msg="Using /home/student/hsse-highload/docker-compose.yml"
time="2026-05-17T12:27:57Z" level=warning msg="Found multiple config files with supported names: /home/student/hsse-highload/docker-compose.yml, /home/student/hsse-highload/docker-compose.yaml"
time="2026-05-17T12:27:57Z" level=warning msg="Using /home/student/hsse-highload/docker-compose.yml"
 state  | count 
--------+-------
 idle   |     7
 active |     1
(2 rows)


2026-05-17T12:28:07Z
time="2026-05-17T12:28:08Z" level=warning msg="Found multiple config files with supported names: /home/student/hsse-highload/docker-compose.yml, /home/student/hsse-highload/docker-compose.yaml"
time="2026-05-17T12:28:08Z" level=warning msg="Using /home/student/hsse-highload/docker-compose.yml"
time="2026-05-17T12:28:08Z" level=warning msg="Found multiple config files with supported names: /home/student/hsse-highload/docker-compose.yml, /home/student/hsse-highload/docker-compose.yaml"
time="2026-05-17T12:28:08Z" level=warning msg="Using /home/student/hsse-highload/docker-compose.yml"
 state  | count 
--------+-------
 idle   |     7
 active |     1
(2 rows)


2026-05-17T12:28:18Z
time="2026-05-17T12:28:18Z" level=warning msg="Found multiple config files with supported names: /home/student/hsse-highload/docker-compose.yml, /home/student/hsse-highload/docker-compose.yaml"
time="2026-05-17T12:28:18Z" level=warning msg="Using /home/student/hsse-highload/docker-compose.yml"
time="2026-05-17T12:28:18Z" level=warning msg="Found multiple config files with supported names: /home/student/hsse-highload/docker-compose.yml, /home/student/hsse-highload/docker-compose.yaml"
time="2026-05-17T12:28:18Z" level=warning msg="Using /home/student/hsse-highload/docker-compose.yml"
 state  | count 
--------+-------
 idle   |     7
 active |     1
(2 rows)


2026-05-17T12:28:28Z
time="2026-05-17T12:28:28Z" level=warning msg="Found multiple config files with supported names: /home/student/hsse-highload/docker-compose.yml, /home/student/hsse-highload/docker-compose.yaml"
time="2026-05-17T12:28:28Z" level=warning msg="Using /home/student/hsse-highload/docker-compose.yml"
time="2026-05-17T12:28:28Z" level=warning msg="Found multiple config files with supported names: /home/student/hsse-highload/docker-compose.yml, /home/student/hsse-highload/docker-compose.yaml"
time="2026-05-17T12:28:28Z" level=warning msg="Using /home/student/hsse-highload/docker-compose.yml"
 state  | count 
--------+-------
 idle   |     7
 active |     1
(2 rows)


2026-05-17T12:28:38Z
time="2026-05-17T12:28:38Z" level=warning msg="Found multiple config files with supported names: /home/student/hsse-highload/docker-compose.yml, /home/student/hsse-highload/docker-compose.yaml"
time="2026-05-17T12:28:38Z" level=warning msg="Using /home/student/hsse-highload/docker-compose.yml"
time="2026-05-17T12:28:38Z" level=warning msg="Found multiple config files with supported names: /home/student/hsse-highload/docker-compose.yml, /home/student/hsse-highload/docker-compose.yaml"
time="2026-05-17T12:28:38Z" level=warning msg="Using /home/student/hsse-highload/docker-compose.yml"
 state  | count 
--------+-------
 idle   |     7
 active |     1
(2 rows)


2026-05-17T12:28:48Z
time="2026-05-17T12:28:48Z" level=warning msg="Found multiple config files with supported names: /home/student/hsse-highload/docker-compose.yml, /home/student/hsse-highload/docker-compose.yaml"
time="2026-05-17T12:28:48Z" level=warning msg="Using /home/student/hsse-highload/docker-compose.yml"
time="2026-05-17T12:28:48Z" level=warning msg="Found multiple config files with supported names: /home/student/hsse-highload/docker-compose.yml, /home/student/hsse-highload/docker-compose.yaml"
time="2026-05-17T12:28:48Z" level=warning msg="Using /home/student/hsse-highload/docker-compose.yml"
 state  | count 
--------+-------
 idle   |     7
 active |     1
(2 rows)


2026-05-17T12:28:58Z
time="2026-05-17T12:28:58Z" level=warning msg="Found multiple config files with supported names: /home/student/hsse-highload/docker-compose.yml, /home/student/hsse-highload/docker-compose.yaml"
time="2026-05-17T12:28:58Z" level=warning msg="Using /home/student/hsse-highload/docker-compose.yml"
time="2026-05-17T12:28:58Z" level=warning msg="Found multiple config files with supported names: /home/student/hsse-highload/docker-compose.yml, /home/student/hsse-highload/docker-compose.yaml"
time="2026-05-17T12:28:58Z" level=warning msg="Using /home/student/hsse-highload/docker-compose.yml"
 state  | count 
--------+-------
 idle   |     7
 active |     1
(2 rows)


2026-05-17T12:29:08Z
time="2026-05-17T12:29:08Z" level=warning msg="Found multiple config files with supported names: /home/student/hsse-highload/docker-compose.yml, /home/student/hsse-highload/docker-compose.yaml"
time="2026-05-17T12:29:08Z" level=warning msg="Using /home/student/hsse-highload/docker-compose.yml"
time="2026-05-17T12:29:08Z" level=warning msg="Found multiple config files with supported names: /home/student/hsse-highload/docker-compose.yml, /home/student/hsse-highload/docker-compose.yaml"
time="2026-05-17T12:29:08Z" level=warning msg="Using /home/student/hsse-highload/docker-compose.yml"
 state  | count 
--------+-------
 idle   |     7
 active |     1
(2 rows)


2026-05-17T12:29:18Z
time="2026-05-17T12:29:18Z" level=warning msg="Found multiple config files with supported names: /home/student/hsse-highload/docker-compose.yml, /home/student/hsse-highload/docker-compose.yaml"
time="2026-05-17T12:29:18Z" level=warning msg="Using /home/student/hsse-highload/docker-compose.yml"
time="2026-05-17T12:29:18Z" level=warning msg="Found multiple config files with supported names: /home/student/hsse-highload/docker-compose.yml, /home/student/hsse-highload/docker-compose.yaml"
time="2026-05-17T12:29:18Z" level=warning msg="Using /home/student/hsse-highload/docker-compose.yml"
 state  | count 
--------+-------
 idle   |     7
 active |     1
(2 rows)


2026-05-17T12:29:28Z
time="2026-05-17T12:29:28Z" level=warning msg="Found multiple config files with supported names: /home/student/hsse-highload/docker-compose.yml, /home/student/hsse-highload/docker-compose.yaml"
time="2026-05-17T12:29:28Z" level=warning msg="Using /home/student/hsse-highload/docker-compose.yml"
time="2026-05-17T12:29:28Z" level=warning msg="Found multiple config files with supported names: /home/student/hsse-highload/docker-compose.yml, /home/student/hsse-highload/docker-compose.yaml"
time="2026-05-17T12:29:28Z" level=warning msg="Using /home/student/hsse-highload/docker-compose.yml"
 state  | count 
--------+-------
 idle   |     7
 active |     1
(2 rows)


2026-05-17T12:29:38Z
time="2026-05-17T12:29:38Z" level=warning msg="Found multiple config files with supported names: /home/student/hsse-highload/docker-compose.yml, /home/student/hsse-highload/docker-compose.yaml"
time="2026-05-17T12:29:38Z" level=warning msg="Using /home/student/hsse-highload/docker-compose.yml"
time="2026-05-17T12:29:38Z" level=warning msg="Found multiple config files with supported names: /home/student/hsse-highload/docker-compose.yml, /home/student/hsse-highload/docker-compose.yaml"
time="2026-05-17T12:29:38Z" level=warning msg="Using /home/student/hsse-highload/docker-compose.yml"
 state  | count 
--------+-------
 idle   |     3
 active |     1
(2 rows)


2026-05-17T12:29:48Z
time="2026-05-17T12:29:48Z" level=warning msg="Found multiple config files with supported names: /home/student/hsse-highload/docker-compose.yml, /home/student/hsse-highload/docker-compose.yaml"
time="2026-05-17T12:29:48Z" level=warning msg="Using /home/student/hsse-highload/docker-compose.yml"
time="2026-05-17T12:29:48Z" level=warning msg="Found multiple config files with supported names: /home/student/hsse-highload/docker-compose.yml, /home/student/hsse-highload/docker-compose.yaml"
time="2026-05-17T12:29:48Z" level=warning msg="Using /home/student/hsse-highload/docker-compose.yml"
 state  | count 
--------+-------
 idle   |     5
 active |     1
(2 rows)


2026-05-17T12:29:59Z
time="2026-05-17T12:29:59Z" level=warning msg="Found multiple config files with supported names: /home/student/hsse-highload/docker-compose.yml, /home/student/hsse-highload/docker-compose.yaml"
time="2026-05-17T12:29:59Z" level=warning msg="Using /home/student/hsse-highload/docker-compose.yml"
time="2026-05-17T12:29:59Z" level=warning msg="Found multiple config files with supported names: /home/student/hsse-highload/docker-compose.yml, /home/student/hsse-highload/docker-compose.yaml"
time="2026-05-17T12:29:59Z" level=warning msg="Using /home/student/hsse-highload/docker-compose.yml"
 state  | count 
--------+-------
 idle   |     5
 active |     1
(2 rows)


2026-05-17T12:30:09Z
time="2026-05-17T12:30:09Z" level=warning msg="Found multiple config files with supported names: /home/student/hsse-highload/docker-compose.yml, /home/student/hsse-highload/docker-compose.yaml"
time="2026-05-17T12:30:09Z" level=warning msg="Using /home/student/hsse-highload/docker-compose.yml"
time="2026-05-17T12:30:09Z" level=warning msg="Found multiple config files with supported names: /home/student/hsse-highload/docker-compose.yml, /home/student/hsse-highload/docker-compose.yaml"
time="2026-05-17T12:30:09Z" level=warning msg="Using /home/student/hsse-highload/docker-compose.yml"
 state  | count 
--------+-------
 idle   |     5
 active |     1
(2 rows)


2026-05-17T12:30:19Z
time="2026-05-17T12:30:19Z" level=warning msg="Found multiple config files with supported names: /home/student/hsse-highload/docker-compose.yml, /home/student/hsse-highload/docker-compose.yaml"
time="2026-05-17T12:30:19Z" level=warning msg="Using /home/student/hsse-highload/docker-compose.yml"
time="2026-05-17T12:30:19Z" level=warning msg="Found multiple config files with supported names: /home/student/hsse-highload/docker-compose.yml, /home/student/hsse-highload/docker-compose.yaml"
time="2026-05-17T12:30:19Z" level=warning msg="Using /home/student/hsse-highload/docker-compose.yml"
 state  | count 
--------+-------
 idle   |     5
 active |     1
(2 rows)


2026-05-17T12:30:29Z
time="2026-05-17T12:30:29Z" level=warning msg="Found multiple config files with supported names: /home/student/hsse-highload/docker-compose.yml, /home/student/hsse-highload/docker-compose.yaml"
time="2026-05-17T12:30:29Z" level=warning msg="Using /home/student/hsse-highload/docker-compose.yml"
time="2026-05-17T12:30:29Z" level=warning msg="Found multiple config files with supported names: /home/student/hsse-highload/docker-compose.yml, /home/student/hsse-highload/docker-compose.yaml"
time="2026-05-17T12:30:29Z" level=warning msg="Using /home/student/hsse-highload/docker-compose.yml"
 state  | count 
--------+-------
 idle   |     5
 active |     1
(2 rows)


2026-05-17T12:30:39Z
time="2026-05-17T12:30:39Z" level=warning msg="Found multiple config files with supported names: /home/student/hsse-highload/docker-compose.yml, /home/student/hsse-highload/docker-compose.yaml"
time="2026-05-17T12:30:39Z" level=warning msg="Using /home/student/hsse-highload/docker-compose.yml"
time="2026-05-17T12:30:39Z" level=warning msg="Found multiple config files with supported names: /home/student/hsse-highload/docker-compose.yml, /home/student/hsse-highload/docker-compose.yaml"
time="2026-05-17T12:30:39Z" level=warning msg="Using /home/student/hsse-highload/docker-compose.yml"
 state  | count 
--------+-------
 idle   |     5
 active |     1
(2 rows)


2026-05-17T12:30:49Z
time="2026-05-17T12:30:49Z" level=warning msg="Found multiple config files with supported names: /home/student/hsse-highload/docker-compose.yml, /home/student/hsse-highload/docker-compose.yaml"
time="2026-05-17T12:30:49Z" level=warning msg="Using /home/student/hsse-highload/docker-compose.yml"
time="2026-05-17T12:30:49Z" level=warning msg="Found multiple config files with supported names: /home/student/hsse-highload/docker-compose.yml, /home/student/hsse-highload/docker-compose.yaml"
time="2026-05-17T12:30:49Z" level=warning msg="Using /home/student/hsse-highload/docker-compose.yml"
 state  | count 
--------+-------
 idle   |     5
 active |     1
(2 rows)


2026-05-17T12:30:59Z
time="2026-05-17T12:30:59Z" level=warning msg="Found multiple config files with supported names: /home/student/hsse-highload/docker-compose.yml, /home/student/hsse-highload/docker-compose.yaml"
time="2026-05-17T12:30:59Z" level=warning msg="Using /home/student/hsse-highload/docker-compose.yml"
time="2026-05-17T12:30:59Z" level=warning msg="Found multiple config files with supported names: /home/student/hsse-highload/docker-compose.yml, /home/student/hsse-highload/docker-compose.yaml"
time="2026-05-17T12:30:59Z" level=warning msg="Using /home/student/hsse-highload/docker-compose.yml"
 state  | count 
--------+-------
 idle   |     5
 active |     1
(2 rows)


2026-05-17T12:31:09Z
time="2026-05-17T12:31:09Z" level=warning msg="Found multiple config files with supported names: /home/student/hsse-highload/docker-compose.yml, /home/student/hsse-highload/docker-compose.yaml"
time="2026-05-17T12:31:09Z" level=warning msg="Using /home/student/hsse-highload/docker-compose.yml"
time="2026-05-17T12:31:09Z" level=warning msg="Found multiple config files with supported names: /home/student/hsse-highload/docker-compose.yml, /home/student/hsse-highload/docker-compose.yaml"
time="2026-05-17T12:31:09Z" level=warning msg="Using /home/student/hsse-highload/docker-compose.yml"
 state  | count 
--------+-------
 idle   |     5
 active |     1
(2 rows)


2026-05-17T12:31:19Z
time="2026-05-17T12:31:19Z" level=warning msg="Found multiple config files with supported names: /home/student/hsse-highload/docker-compose.yml, /home/student/hsse-highload/docker-compose.yaml"
time="2026-05-17T12:31:19Z" level=warning msg="Using /home/student/hsse-highload/docker-compose.yml"
time="2026-05-17T12:31:19Z" level=warning msg="Found multiple config files with supported names: /home/student/hsse-highload/docker-compose.yml, /home/student/hsse-highload/docker-compose.yaml"
time="2026-05-17T12:31:19Z" level=warning msg="Using /home/student/hsse-highload/docker-compose.yml"
 state  | count 
--------+-------
 idle   |     5
 active |     1
(2 rows)


2026-05-17T12:31:29Z
time="2026-05-17T12:31:29Z" level=warning msg="Found multiple config files with supported names: /home/student/hsse-highload/docker-compose.yml, /home/student/hsse-highload/docker-compose.yaml"
time="2026-05-17T12:31:29Z" level=warning msg="Using /home/student/hsse-highload/docker-compose.yml"
time="2026-05-17T12:31:29Z" level=warning msg="Found multiple config files with supported names: /home/student/hsse-highload/docker-compose.yml, /home/student/hsse-highload/docker-compose.yaml"
time="2026-05-17T12:31:29Z" level=warning msg="Using /home/student/hsse-highload/docker-compose.yml"
 state  | count 
--------+-------
 idle   |     5
 active |     1
(2 rows)


2026-05-17T12:31:40Z
time="2026-05-17T12:31:40Z" level=warning msg="Found multiple config files with supported names: /home/student/hsse-highload/docker-compose.yml, /home/student/hsse-highload/docker-compose.yaml"
time="2026-05-17T12:31:40Z" level=warning msg="Using /home/student/hsse-highload/docker-compose.yml"
time="2026-05-17T12:31:40Z" level=warning msg="Found multiple config files with supported names: /home/student/hsse-highload/docker-compose.yml, /home/student/hsse-highload/docker-compose.yaml"
time="2026-05-17T12:31:40Z" level=warning msg="Using /home/student/hsse-highload/docker-compose.yml"
 state  | count 
--------+-------
 idle   |     5
 active |     1
(2 rows)


2026-05-17T12:31:50Z
time="2026-05-17T12:31:50Z" level=warning msg="Found multiple config files with supported names: /home/student/hsse-highload/docker-compose.yml, /home/student/hsse-highload/docker-compose.yaml"
time="2026-05-17T12:31:50Z" level=warning msg="Using /home/student/hsse-highload/docker-compose.yml"
time="2026-05-17T12:31:50Z" level=warning msg="Found multiple config files with supported names: /home/student/hsse-highload/docker-compose.yml, /home/student/hsse-highload/docker-compose.yaml"
time="2026-05-17T12:31:50Z" level=warning msg="Using /home/student/hsse-highload/docker-compose.yml"
 state  | count 
--------+-------
 idle   |     5
 active |     1
(2 rows)


2026-05-17T12:32:00Z
time="2026-05-17T12:32:00Z" level=warning msg="Found multiple config files with supported names: /home/student/hsse-highload/docker-compose.yml, /home/student/hsse-highload/docker-compose.yaml"
time="2026-05-17T12:32:00Z" level=warning msg="Using /home/student/hsse-highload/docker-compose.yml"
time="2026-05-17T12:32:00Z" level=warning msg="Found multiple config files with supported names: /home/student/hsse-highload/docker-compose.yml, /home/student/hsse-highload/docker-compose.yaml"
time="2026-05-17T12:32:00Z" level=warning msg="Using /home/student/hsse-highload/docker-compose.yml"
 state  | count 
--------+-------
 idle   |     5
 active |     1
(2 rows)


2026-05-17T12:32:10Z
time="2026-05-17T12:32:10Z" level=warning msg="Found multiple config files with supported names: /home/student/hsse-highload/docker-compose.yml, /home/student/hsse-highload/docker-compose.yaml"
time="2026-05-17T12:32:10Z" level=warning msg="Using /home/student/hsse-highload/docker-compose.yml"
time="2026-05-17T12:32:10Z" level=warning msg="Found multiple config files with supported names: /home/student/hsse-highload/docker-compose.yml, /home/student/hsse-highload/docker-compose.yaml"
time="2026-05-17T12:32:10Z" level=warning msg="Using /home/student/hsse-highload/docker-compose.yml"
 state  | count 
--------+-------
 idle   |     5
 active |     1
(2 rows)


2026-05-17T12:32:20Z
time="2026-05-17T12:32:20Z" level=warning msg="Found multiple config files with supported names: /home/student/hsse-highload/docker-compose.yml, /home/student/hsse-highload/docker-compose.yaml"
time="2026-05-17T12:32:20Z" level=warning msg="Using /home/student/hsse-highload/docker-compose.yml"
time="2026-05-17T12:32:20Z" level=warning msg="Found multiple config files with supported names: /home/student/hsse-highload/docker-compose.yml, /home/student/hsse-highload/docker-compose.yaml"
time="2026-05-17T12:32:20Z" level=warning msg="Using /home/student/hsse-highload/docker-compose.yml"
 state  | count 
--------+-------
 idle   |     5
 active |     1
(2 rows)


2026-05-17T12:32:30Z
time="2026-05-17T12:32:30Z" level=warning msg="Found multiple config files with supported names: /home/student/hsse-highload/docker-compose.yml, /home/student/hsse-highload/docker-compose.yaml"
time="2026-05-17T12:32:30Z" level=warning msg="Using /home/student/hsse-highload/docker-compose.yml"
time="2026-05-17T12:32:30Z" level=warning msg="Found multiple config files with supported names: /home/student/hsse-highload/docker-compose.yml, /home/student/hsse-highload/docker-compose.yaml"
time="2026-05-17T12:32:30Z" level=warning msg="Using /home/student/hsse-highload/docker-compose.yml"
 state  | count 
--------+-------
 idle   |     5
 active |     1
(2 rows)


2026-05-17T12:32:40Z
time="2026-05-17T12:32:40Z" level=warning msg="Found multiple config files with supported names: /home/student/hsse-highload/docker-compose.yml, /home/student/hsse-highload/docker-compose.yaml"
time="2026-05-17T12:32:40Z" level=warning msg="Using /home/student/hsse-highload/docker-compose.yml"
time="2026-05-17T12:32:40Z" level=warning msg="Found multiple config files with supported names: /home/student/hsse-highload/docker-compose.yml, /home/student/hsse-highload/docker-compose.yaml"
time="2026-05-17T12:32:40Z" level=warning msg="Using /home/student/hsse-highload/docker-compose.yml"
 state  | count 
--------+-------
 idle   |     5
 active |     1
(2 rows)


2026-05-17T12:32:50Z
time="2026-05-17T12:32:50Z" level=warning msg="Found multiple config files with supported names: /home/student/hsse-highload/docker-compose.yml, /home/student/hsse-highload/docker-compose.yaml"
time="2026-05-17T12:32:50Z" level=warning msg="Using /home/student/hsse-highload/docker-compose.yml"
time="2026-05-17T12:32:50Z" level=warning msg="Found multiple config files with supported names: /home/student/hsse-highload/docker-compose.yml, /home/student/hsse-highload/docker-compose.yaml"
time="2026-05-17T12:32:50Z" level=warning msg="Using /home/student/hsse-highload/docker-compose.yml"
 state  | count 
--------+-------
 idle   |     5
 active |     1
(2 rows)


2026-05-17T12:33:00Z
time="2026-05-17T12:33:00Z" level=warning msg="Found multiple config files with supported names: /home/student/hsse-highload/docker-compose.yml, /home/student/hsse-highload/docker-compose.yaml"
time="2026-05-17T12:33:00Z" level=warning msg="Using /home/student/hsse-highload/docker-compose.yml"
time="2026-05-17T12:33:00Z" level=warning msg="Found multiple config files with supported names: /home/student/hsse-highload/docker-compose.yml, /home/student/hsse-highload/docker-compose.yaml"
time="2026-05-17T12:33:00Z" level=warning msg="Using /home/student/hsse-highload/docker-compose.yml"
 state  | count 
--------+-------
 idle   |     5
 active |     1
(2 rows)


2026-05-17T12:33:10Z
time="2026-05-17T12:33:10Z" level=warning msg="Found multiple config files with supported names: /home/student/hsse-highload/docker-compose.yml, /home/student/hsse-highload/docker-compose.yaml"
time="2026-05-17T12:33:10Z" level=warning msg="Using /home/student/hsse-highload/docker-compose.yml"
time="2026-05-17T12:33:10Z" level=warning msg="Found multiple config files with supported names: /home/student/hsse-highload/docker-compose.yml, /home/student/hsse-highload/docker-compose.yaml"
time="2026-05-17T12:33:10Z" level=warning msg="Using /home/student/hsse-highload/docker-compose.yml"
 state  | count 
--------+-------
 idle   |     5
 active |     1
(2 rows)


2026-05-17T12:33:21Z
time="2026-05-17T12:33:21Z" level=warning msg="Found multiple config files with supported names: /home/student/hsse-highload/docker-compose.yml, /home/student/hsse-highload/docker-compose.yaml"
time="2026-05-17T12:33:21Z" level=warning msg="Using /home/student/hsse-highload/docker-compose.yml"
time="2026-05-17T12:33:21Z" level=warning msg="Found multiple config files with supported names: /home/student/hsse-highload/docker-compose.yml, /home/student/hsse-highload/docker-compose.yaml"
time="2026-05-17T12:33:21Z" level=warning msg="Using /home/student/hsse-highload/docker-compose.yml"
 state  | count 
--------+-------
 idle   |     5
 active |     1
(2 rows)


2026-05-17T12:33:31Z
time="2026-05-17T12:33:31Z" level=warning msg="Found multiple config files with supported names: /home/student/hsse-highload/docker-compose.yml, /home/student/hsse-highload/docker-compose.yaml"
time="2026-05-17T12:33:31Z" level=warning msg="Using /home/student/hsse-highload/docker-compose.yml"
time="2026-05-17T12:33:31Z" level=warning msg="Found multiple config files with supported names: /home/student/hsse-highload/docker-compose.yml, /home/student/hsse-highload/docker-compose.yaml"
time="2026-05-17T12:33:31Z" level=warning msg="Using /home/student/hsse-highload/docker-compose.yml"
 state  | count 
--------+-------
 idle   |     5
 active |     1
(2 rows)


2026-05-17T12:33:41Z
time="2026-05-17T12:33:41Z" level=warning msg="Found multiple config files with supported names: /home/student/hsse-highload/docker-compose.yml, /home/student/hsse-highload/docker-compose.yaml"
time="2026-05-17T12:33:41Z" level=warning msg="Using /home/student/hsse-highload/docker-compose.yml"
time="2026-05-17T12:33:41Z" level=warning msg="Found multiple config files with supported names: /home/student/hsse-highload/docker-compose.yml, /home/student/hsse-highload/docker-compose.yaml"
time="2026-05-17T12:33:41Z" level=warning msg="Using /home/student/hsse-highload/docker-compose.yml"
 state  | count 
--------+-------
 idle   |     5
 active |     1
(2 rows)


2026-05-17T12:33:51Z
time="2026-05-17T12:33:51Z" level=warning msg="Found multiple config files with supported names: /home/student/hsse-highload/docker-compose.yml, /home/student/hsse-highload/docker-compose.yaml"
time="2026-05-17T12:33:51Z" level=warning msg="Using /home/student/hsse-highload/docker-compose.yml"
time="2026-05-17T12:33:51Z" level=warning msg="Found multiple config files with supported names: /home/student/hsse-highload/docker-compose.yml, /home/student/hsse-highload/docker-compose.yaml"
time="2026-05-17T12:33:51Z" level=warning msg="Using /home/student/hsse-highload/docker-compose.yml"
 state  | count 
--------+-------
 idle   |     5
 active |     1
(2 rows)


2026-05-17T12:34:01Z
time="2026-05-17T12:34:01Z" level=warning msg="Found multiple config files with supported names: /home/student/hsse-highload/docker-compose.yml, /home/student/hsse-highload/docker-compose.yaml"
time="2026-05-17T12:34:01Z" level=warning msg="Using /home/student/hsse-highload/docker-compose.yml"
time="2026-05-17T12:34:01Z" level=warning msg="Found multiple config files with supported names: /home/student/hsse-highload/docker-compose.yml, /home/student/hsse-highload/docker-compose.yaml"
time="2026-05-17T12:34:01Z" level=warning msg="Using /home/student/hsse-highload/docker-compose.yml"
 state  | count 
--------+-------
 idle   |     5
 active |     1
(2 rows)


2026-05-17T12:34:11Z
time="2026-05-17T12:34:11Z" level=warning msg="Found multiple config files with supported names: /home/student/hsse-highload/docker-compose.yml, /home/student/hsse-highload/docker-compose.yaml"
time="2026-05-17T12:34:11Z" level=warning msg="Using /home/student/hsse-highload/docker-compose.yml"
time="2026-05-17T12:34:11Z" level=warning msg="Found multiple config files with supported names: /home/student/hsse-highload/docker-compose.yml, /home/student/hsse-highload/docker-compose.yaml"
time="2026-05-17T12:34:11Z" level=warning msg="Using /home/student/hsse-highload/docker-compose.yml"
 state  | count 
--------+-------
 idle   |     5
 active |     1
(2 rows)


2026-05-17T12:34:21Z
time="2026-05-17T12:34:21Z" level=warning msg="Found multiple config files with supported names: /home/student/hsse-highload/docker-compose.yml, /home/student/hsse-highload/docker-compose.yaml"
time="2026-05-17T12:34:21Z" level=warning msg="Using /home/student/hsse-highload/docker-compose.yml"
time="2026-05-17T12:34:21Z" level=warning msg="Found multiple config files with supported names: /home/student/hsse-highload/docker-compose.yml, /home/student/hsse-highload/docker-compose.yaml"
time="2026-05-17T12:34:21Z" level=warning msg="Using /home/student/hsse-highload/docker-compose.yml"
 state  | count 
--------+-------
 idle   |     5
 active |     1
(2 rows)


2026-05-17T12:34:31Z
time="2026-05-17T12:34:31Z" level=warning msg="Found multiple config files with supported names: /home/student/hsse-highload/docker-compose.yml, /home/student/hsse-highload/docker-compose.yaml"
time="2026-05-17T12:34:31Z" level=warning msg="Using /home/student/hsse-highload/docker-compose.yml"
time="2026-05-17T12:34:31Z" level=warning msg="Found multiple config files with supported names: /home/student/hsse-highload/docker-compose.yml, /home/student/hsse-highload/docker-compose.yaml"
time="2026-05-17T12:34:31Z" level=warning msg="Using /home/student/hsse-highload/docker-compose.yml"
 state  | count 
--------+-------
 idle   |     5
 active |     1
(2 rows)


2026-05-17T12:34:41Z
time="2026-05-17T12:34:41Z" level=warning msg="Found multiple config files with supported names: /home/student/hsse-highload/docker-compose.yml, /home/student/hsse-highload/docker-compose.yaml"
time="2026-05-17T12:34:41Z" level=warning msg="Using /home/student/hsse-highload/docker-compose.yml"
time="2026-05-17T12:34:41Z" level=warning msg="Found multiple config files with supported names: /home/student/hsse-highload/docker-compose.yml, /home/student/hsse-highload/docker-compose.yaml"
time="2026-05-17T12:34:41Z" level=warning msg="Using /home/student/hsse-highload/docker-compose.yml"
 state  | count 
--------+-------
 idle   |     5
 active |     1
(2 rows)


2026-05-17T12:34:51Z
time="2026-05-17T12:34:51Z" level=warning msg="Found multiple config files with supported names: /home/student/hsse-highload/docker-compose.yml, /home/student/hsse-highload/docker-compose.yaml"
time="2026-05-17T12:34:51Z" level=warning msg="Using /home/student/hsse-highload/docker-compose.yml"
time="2026-05-17T12:34:51Z" level=warning msg="Found multiple config files with supported names: /home/student/hsse-highload/docker-compose.yml, /home/student/hsse-highload/docker-compose.yaml"
time="2026-05-17T12:34:51Z" level=warning msg="Using /home/student/hsse-highload/docker-compose.yml"
 state  | count 
--------+-------
 idle   |     5
 active |     1
(2 rows)


2026-05-17T12:35:02Z
time="2026-05-17T12:35:02Z" level=warning msg="Found multiple config files with supported names: /home/student/hsse-highload/docker-compose.yml, /home/student/hsse-highload/docker-compose.yaml"
time="2026-05-17T12:35:02Z" level=warning msg="Using /home/student/hsse-highload/docker-compose.yml"
time="2026-05-17T12:35:02Z" level=warning msg="Found multiple config files with supported names: /home/student/hsse-highload/docker-compose.yml, /home/student/hsse-highload/docker-compose.yaml"
time="2026-05-17T12:35:02Z" level=warning msg="Using /home/student/hsse-highload/docker-compose.yml"
 state  | count 
--------+-------
 idle   |     5
 active |     1
(2 rows)


2026-05-17T12:35:12Z
time="2026-05-17T12:35:12Z" level=warning msg="Found multiple config files with supported names: /home/student/hsse-highload/docker-compose.yml, /home/student/hsse-highload/docker-compose.yaml"
time="2026-05-17T12:35:12Z" level=warning msg="Using /home/student/hsse-highload/docker-compose.yml"
time="2026-05-17T12:35:12Z" level=warning msg="Found multiple config files with supported names: /home/student/hsse-highload/docker-compose.yml, /home/student/hsse-highload/docker-compose.yaml"
time="2026-05-17T12:35:12Z" level=warning msg="Using /home/student/hsse-highload/docker-compose.yml"
 state  | count 
--------+-------
 idle   |     5
 active |     1
(2 rows)


2026-05-17T12:35:22Z
time="2026-05-17T12:35:22Z" level=warning msg="Found multiple config files with supported names: /home/student/hsse-highload/docker-compose.yml, /home/student/hsse-highload/docker-compose.yaml"
time="2026-05-17T12:35:22Z" level=warning msg="Using /home/student/hsse-highload/docker-compose.yml"
time="2026-05-17T12:35:22Z" level=warning msg="Found multiple config files with supported names: /home/student/hsse-highload/docker-compose.yml, /home/student/hsse-highload/docker-compose.yaml"
time="2026-05-17T12:35:22Z" level=warning msg="Using /home/student/hsse-highload/docker-compose.yml"
 state  | count 
--------+-------
 idle   |     5
 active |     1
(2 rows)


2026-05-17T12:35:32Z
time="2026-05-17T12:35:32Z" level=warning msg="Found multiple config files with supported names: /home/student/hsse-highload/docker-compose.yml, /home/student/hsse-highload/docker-compose.yaml"
time="2026-05-17T12:35:32Z" level=warning msg="Using /home/student/hsse-highload/docker-compose.yml"
time="2026-05-17T12:35:32Z" level=warning msg="Found multiple config files with supported names: /home/student/hsse-highload/docker-compose.yml, /home/student/hsse-highload/docker-compose.yaml"
time="2026-05-17T12:35:32Z" level=warning msg="Using /home/student/hsse-highload/docker-compose.yml"
 state  | count 
--------+-------
 idle   |     5
 active |     1
(2 rows)


2026-05-17T12:35:42Z
time="2026-05-17T12:35:42Z" level=warning msg="Found multiple config files with supported names: /home/student/hsse-highload/docker-compose.yml, /home/student/hsse-highload/docker-compose.yaml"
time="2026-05-17T12:35:42Z" level=warning msg="Using /home/student/hsse-highload/docker-compose.yml"
time="2026-05-17T12:35:42Z" level=warning msg="Found multiple config files with supported names: /home/student/hsse-highload/docker-compose.yml, /home/student/hsse-highload/docker-compose.yaml"
time="2026-05-17T12:35:42Z" level=warning msg="Using /home/student/hsse-highload/docker-compose.yml"
 state  | count 
--------+-------
 idle   |     5
 active |     1
(2 rows)


2026-05-17T12:35:52Z
time="2026-05-17T12:35:52Z" level=warning msg="Found multiple config files with supported names: /home/student/hsse-highload/docker-compose.yml, /home/student/hsse-highload/docker-compose.yaml"
time="2026-05-17T12:35:52Z" level=warning msg="Using /home/student/hsse-highload/docker-compose.yml"
time="2026-05-17T12:35:52Z" level=warning msg="Found multiple config files with supported names: /home/student/hsse-highload/docker-compose.yml, /home/student/hsse-highload/docker-compose.yaml"
time="2026-05-17T12:35:52Z" level=warning msg="Using /home/student/hsse-highload/docker-compose.yml"
 state  | count 
--------+-------
 idle   |     5
 active |     1
(2 rows)


2026-05-17T12:36:02Z
time="2026-05-17T12:36:02Z" level=warning msg="Found multiple config files with supported names: /home/student/hsse-highload/docker-compose.yml, /home/student/hsse-highload/docker-compose.yaml"
time="2026-05-17T12:36:02Z" level=warning msg="Using /home/student/hsse-highload/docker-compose.yml"
time="2026-05-17T12:36:02Z" level=warning msg="Found multiple config files with supported names: /home/student/hsse-highload/docker-compose.yml, /home/student/hsse-highload/docker-compose.yaml"
time="2026-05-17T12:36:02Z" level=warning msg="Using /home/student/hsse-highload/docker-compose.yml"
 state  | count 
--------+-------
 idle   |     5
 active |     1
(2 rows)


2026-05-17T12:36:12Z
time="2026-05-17T12:36:12Z" level=warning msg="Found multiple config files with supported names: /home/student/hsse-highload/docker-compose.yml, /home/student/hsse-highload/docker-compose.yaml"
time="2026-05-17T12:36:12Z" level=warning msg="Using /home/student/hsse-highload/docker-compose.yml"
time="2026-05-17T12:36:12Z" level=warning msg="Found multiple config files with supported names: /home/student/hsse-highload/docker-compose.yml, /home/student/hsse-highload/docker-compose.yaml"
time="2026-05-17T12:36:12Z" level=warning msg="Using /home/student/hsse-highload/docker-compose.yml"
 state  | count 
--------+-------
 idle   |     5
 active |     1
(2 rows)


2026-05-17T12:36:22Z
time="2026-05-17T12:36:22Z" level=warning msg="Found multiple config files with supported names: /home/student/hsse-highload/docker-compose.yml, /home/student/hsse-highload/docker-compose.yaml"
time="2026-05-17T12:36:22Z" level=warning msg="Using /home/student/hsse-highload/docker-compose.yml"
time="2026-05-17T12:36:22Z" level=warning msg="Found multiple config files with supported names: /home/student/hsse-highload/docker-compose.yml, /home/student/hsse-highload/docker-compose.yaml"
time="2026-05-17T12:36:22Z" level=warning msg="Using /home/student/hsse-highload/docker-compose.yml"
 state  | count 
--------+-------
 idle   |     5
 active |     1
(2 rows)


2026-05-17T12:36:32Z
time="2026-05-17T12:36:32Z" level=warning msg="Found multiple config files with supported names: /home/student/hsse-highload/docker-compose.yml, /home/student/hsse-highload/docker-compose.yaml"
time="2026-05-17T12:36:32Z" level=warning msg="Using /home/student/hsse-highload/docker-compose.yml"
time="2026-05-17T12:36:32Z" level=warning msg="Found multiple config files with supported names: /home/student/hsse-highload/docker-compose.yml, /home/student/hsse-highload/docker-compose.yaml"
time="2026-05-17T12:36:32Z" level=warning msg="Using /home/student/hsse-highload/docker-compose.yml"
 state  | count 
--------+-------
 idle   |     5
 active |     1
(2 rows)


2026-05-17T12:36:43Z
time="2026-05-17T12:36:43Z" level=warning msg="Found multiple config files with supported names: /home/student/hsse-highload/docker-compose.yml, /home/student/hsse-highload/docker-compose.yaml"
time="2026-05-17T12:36:43Z" level=warning msg="Using /home/student/hsse-highload/docker-compose.yml"
time="2026-05-17T12:36:43Z" level=warning msg="Found multiple config files with supported names: /home/student/hsse-highload/docker-compose.yml, /home/student/hsse-highload/docker-compose.yaml"
time="2026-05-17T12:36:43Z" level=warning msg="Using /home/student/hsse-highload/docker-compose.yml"
 state  | count 
--------+-------
 idle   |     5
 active |     1
(2 rows)


2026-05-17T12:36:53Z
time="2026-05-17T12:36:53Z" level=warning msg="Found multiple config files with supported names: /home/student/hsse-highload/docker-compose.yml, /home/student/hsse-highload/docker-compose.yaml"
time="2026-05-17T12:36:53Z" level=warning msg="Using /home/student/hsse-highload/docker-compose.yml"
time="2026-05-17T12:36:53Z" level=warning msg="Found multiple config files with supported names: /home/student/hsse-highload/docker-compose.yml, /home/student/hsse-highload/docker-compose.yaml"
time="2026-05-17T12:36:53Z" level=warning msg="Using /home/student/hsse-highload/docker-compose.yml"
 state  | count 
--------+-------
 idle   |     5
 active |     1
(2 rows)


2026-05-17T12:37:03Z
time="2026-05-17T12:37:03Z" level=warning msg="Found multiple config files with supported names: /home/student/hsse-highload/docker-compose.yml, /home/student/hsse-highload/docker-compose.yaml"
time="2026-05-17T12:37:03Z" level=warning msg="Using /home/student/hsse-highload/docker-compose.yml"
time="2026-05-17T12:37:03Z" level=warning msg="Found multiple config files with supported names: /home/student/hsse-highload/docker-compose.yml, /home/student/hsse-highload/docker-compose.yaml"
time="2026-05-17T12:37:03Z" level=warning msg="Using /home/student/hsse-highload/docker-compose.yml"
 state  | count 
--------+-------
 idle   |     5
 active |     1
(2 rows)


2026-05-17T12:37:13Z
time="2026-05-17T12:37:13Z" level=warning msg="Found multiple config files with supported names: /home/student/hsse-highload/docker-compose.yml, /home/student/hsse-highload/docker-compose.yaml"
time="2026-05-17T12:37:13Z" level=warning msg="Using /home/student/hsse-highload/docker-compose.yml"
time="2026-05-17T12:37:13Z" level=warning msg="Found multiple config files with supported names: /home/student/hsse-highload/docker-compose.yml, /home/student/hsse-highload/docker-compose.yaml"
time="2026-05-17T12:37:13Z" level=warning msg="Using /home/student/hsse-highload/docker-compose.yml"
 state  | count 
--------+-------
 idle   |     5
 active |     1
(2 rows)


2026-05-17T12:37:23Z
time="2026-05-17T12:37:23Z" level=warning msg="Found multiple config files with supported names: /home/student/hsse-highload/docker-compose.yml, /home/student/hsse-highload/docker-compose.yaml"
time="2026-05-17T12:37:23Z" level=warning msg="Using /home/student/hsse-highload/docker-compose.yml"
time="2026-05-17T12:37:23Z" level=warning msg="Found multiple config files with supported names: /home/student/hsse-highload/docker-compose.yml, /home/student/hsse-highload/docker-compose.yaml"
time="2026-05-17T12:37:23Z" level=warning msg="Using /home/student/hsse-highload/docker-compose.yml"
 state  | count 
--------+-------
 idle   |     5
 active |     1
(2 rows)


2026-05-17T12:37:33Z
time="2026-05-17T12:37:33Z" level=warning msg="Found multiple config files with supported names: /home/student/hsse-highload/docker-compose.yml, /home/student/hsse-highload/docker-compose.yaml"
time="2026-05-17T12:37:33Z" level=warning msg="Using /home/student/hsse-highload/docker-compose.yml"
time="2026-05-17T12:37:33Z" level=warning msg="Found multiple config files with supported names: /home/student/hsse-highload/docker-compose.yml, /home/student/hsse-highload/docker-compose.yaml"
time="2026-05-17T12:37:33Z" level=warning msg="Using /home/student/hsse-highload/docker-compose.yml"
 state  | count 
--------+-------
 idle   |     5
 active |     1
(2 rows)


2026-05-17T12:37:43Z
time="2026-05-17T12:37:43Z" level=warning msg="Found multiple config files with supported names: /home/student/hsse-highload/docker-compose.yml, /home/student/hsse-highload/docker-compose.yaml"
time="2026-05-17T12:37:43Z" level=warning msg="Using /home/student/hsse-highload/docker-compose.yml"
time="2026-05-17T12:37:43Z" level=warning msg="Found multiple config files with supported names: /home/student/hsse-highload/docker-compose.yml, /home/student/hsse-highload/docker-compose.yaml"
time="2026-05-17T12:37:43Z" level=warning msg="Using /home/student/hsse-highload/docker-compose.yml"
 state  | count 
--------+-------
 idle   |     5
 active |     1
(2 rows)


2026-05-17T12:37:53Z
time="2026-05-17T12:37:53Z" level=warning msg="Found multiple config files with supported names: /home/student/hsse-highload/docker-compose.yml, /home/student/hsse-highload/docker-compose.yaml"
time="2026-05-17T12:37:53Z" level=warning msg="Using /home/student/hsse-highload/docker-compose.yml"
time="2026-05-17T12:37:53Z" level=warning msg="Found multiple config files with supported names: /home/student/hsse-highload/docker-compose.yml, /home/student/hsse-highload/docker-compose.yaml"
time="2026-05-17T12:37:53Z" level=warning msg="Using /home/student/hsse-highload/docker-compose.yml"
 state  | count 
--------+-------
 idle   |     5
 active |     1
(2 rows)


2026-05-17T12:38:03Z
time="2026-05-17T12:38:03Z" level=warning msg="Found multiple config files with supported names: /home/student/hsse-highload/docker-compose.yml, /home/student/hsse-highload/docker-compose.yaml"
time="2026-05-17T12:38:03Z" level=warning msg="Using /home/student/hsse-highload/docker-compose.yml"
time="2026-05-17T12:38:03Z" level=warning msg="Found multiple config files with supported names: /home/student/hsse-highload/docker-compose.yml, /home/student/hsse-highload/docker-compose.yaml"
time="2026-05-17T12:38:03Z" level=warning msg="Using /home/student/hsse-highload/docker-compose.yml"
 state  | count 
--------+-------
 idle   |     5
 active |     1
(2 rows)


2026-05-17T12:38:13Z
time="2026-05-17T12:38:13Z" level=warning msg="Found multiple config files with supported names: /home/student/hsse-highload/docker-compose.yml, /home/student/hsse-highload/docker-compose.yaml"
time="2026-05-17T12:38:13Z" level=warning msg="Using /home/student/hsse-highload/docker-compose.yml"
time="2026-05-17T12:38:13Z" level=warning msg="Found multiple config files with supported names: /home/student/hsse-highload/docker-compose.yml, /home/student/hsse-highload/docker-compose.yaml"
time="2026-05-17T12:38:13Z" level=warning msg="Using /home/student/hsse-highload/docker-compose.yml"
 state  | count 
--------+-------
 idle   |     5
 active |     1
(2 rows)


2026-05-17T12:38:23Z
time="2026-05-17T12:38:24Z" level=warning msg="Found multiple config files with supported names: /home/student/hsse-highload/docker-compose.yml, /home/student/hsse-highload/docker-compose.yaml"
time="2026-05-17T12:38:24Z" level=warning msg="Using /home/student/hsse-highload/docker-compose.yml"
time="2026-05-17T12:38:24Z" level=warning msg="Found multiple config files with supported names: /home/student/hsse-highload/docker-compose.yml, /home/student/hsse-highload/docker-compose.yaml"
time="2026-05-17T12:38:24Z" level=warning msg="Using /home/student/hsse-highload/docker-compose.yml"
 state  | count 
--------+-------
 idle   |     5
 active |     1
(2 rows)


2026-05-17T12:38:34Z
time="2026-05-17T12:38:34Z" level=warning msg="Found multiple config files with supported names: /home/student/hsse-highload/docker-compose.yml, /home/student/hsse-highload/docker-compose.yaml"
time="2026-05-17T12:38:34Z" level=warning msg="Using /home/student/hsse-highload/docker-compose.yml"
time="2026-05-17T12:38:34Z" level=warning msg="Found multiple config files with supported names: /home/student/hsse-highload/docker-compose.yml, /home/student/hsse-highload/docker-compose.yaml"
time="2026-05-17T12:38:34Z" level=warning msg="Using /home/student/hsse-highload/docker-compose.yml"
 state  | count 
--------+-------
 idle   |     5
 active |     1
(2 rows)


2026-05-17T12:38:44Z
time="2026-05-17T12:38:44Z" level=warning msg="Found multiple config files with supported names: /home/student/hsse-highload/docker-compose.yml, /home/student/hsse-highload/docker-compose.yaml"
time="2026-05-17T12:38:44Z" level=warning msg="Using /home/student/hsse-highload/docker-compose.yml"
time="2026-05-17T12:38:44Z" level=warning msg="Found multiple config files with supported names: /home/student/hsse-highload/docker-compose.yml, /home/student/hsse-highload/docker-compose.yaml"
time="2026-05-17T12:38:44Z" level=warning msg="Using /home/student/hsse-highload/docker-compose.yml"
 state  | count 
--------+-------
 idle   |     5
 active |     1
(2 rows)


2026-05-17T12:38:54Z
time="2026-05-17T12:38:54Z" level=warning msg="Found multiple config files with supported names: /home/student/hsse-highload/docker-compose.yml, /home/student/hsse-highload/docker-compose.yaml"
time="2026-05-17T12:38:54Z" level=warning msg="Using /home/student/hsse-highload/docker-compose.yml"
time="2026-05-17T12:38:54Z" level=warning msg="Found multiple config files with supported names: /home/student/hsse-highload/docker-compose.yml, /home/student/hsse-highload/docker-compose.yaml"
time="2026-05-17T12:38:54Z" level=warning msg="Using /home/student/hsse-highload/docker-compose.yml"
 state  | count 
--------+-------
 idle   |     5
 active |     1
(2 rows)


2026-05-17T12:39:04Z
time="2026-05-17T12:39:04Z" level=warning msg="Found multiple config files with supported names: /home/student/hsse-highload/docker-compose.yml, /home/student/hsse-highload/docker-compose.yaml"
time="2026-05-17T12:39:04Z" level=warning msg="Using /home/student/hsse-highload/docker-compose.yml"
time="2026-05-17T12:39:04Z" level=warning msg="Found multiple config files with supported names: /home/student/hsse-highload/docker-compose.yml, /home/student/hsse-highload/docker-compose.yaml"
time="2026-05-17T12:39:04Z" level=warning msg="Using /home/student/hsse-highload/docker-compose.yml"
 state  | count 
--------+-------
 idle   |     5
 active |     1
(2 rows)


2026-05-17T12:39:14Z
time="2026-05-17T12:39:14Z" level=warning msg="Found multiple config files with supported names: /home/student/hsse-highload/docker-compose.yml, /home/student/hsse-highload/docker-compose.yaml"
time="2026-05-17T12:39:14Z" level=warning msg="Using /home/student/hsse-highload/docker-compose.yml"
time="2026-05-17T12:39:14Z" level=warning msg="Found multiple config files with supported names: /home/student/hsse-highload/docker-compose.yml, /home/student/hsse-highload/docker-compose.yaml"
time="2026-05-17T12:39:14Z" level=warning msg="Using /home/student/hsse-highload/docker-compose.yml"
 state  | count 
--------+-------
 idle   |     5
 active |     1
(2 rows)


2026-05-17T12:39:24Z
time="2026-05-17T12:39:24Z" level=warning msg="Found multiple config files with supported names: /home/student/hsse-highload/docker-compose.yml, /home/student/hsse-highload/docker-compose.yaml"
time="2026-05-17T12:39:24Z" level=warning msg="Using /home/student/hsse-highload/docker-compose.yml"
time="2026-05-17T12:39:24Z" level=warning msg="Found multiple config files with supported names: /home/student/hsse-highload/docker-compose.yml, /home/student/hsse-highload/docker-compose.yaml"
time="2026-05-17T12:39:24Z" level=warning msg="Using /home/student/hsse-highload/docker-compose.yml"
 state  | count 
--------+-------
 idle   |     5
 active |     1
(2 rows)


2026-05-17T12:39:34Z
time="2026-05-17T12:39:34Z" level=warning msg="Found multiple config files with supported names: /home/student/hsse-highload/docker-compose.yml, /home/student/hsse-highload/docker-compose.yaml"
time="2026-05-17T12:39:34Z" level=warning msg="Using /home/student/hsse-highload/docker-compose.yml"
time="2026-05-17T12:39:34Z" level=warning msg="Found multiple config files with supported names: /home/student/hsse-highload/docker-compose.yml, /home/student/hsse-highload/docker-compose.yaml"
time="2026-05-17T12:39:34Z" level=warning msg="Using /home/student/hsse-highload/docker-compose.yml"
 state  | count 
--------+-------
 idle   |     5
 active |     1
(2 rows)


2026-05-17T12:39:44Z
time="2026-05-17T12:39:44Z" level=warning msg="Found multiple config files with supported names: /home/student/hsse-highload/docker-compose.yml, /home/student/hsse-highload/docker-compose.yaml"
time="2026-05-17T12:39:44Z" level=warning msg="Using /home/student/hsse-highload/docker-compose.yml"
time="2026-05-17T12:39:44Z" level=warning msg="Found multiple config files with supported names: /home/student/hsse-highload/docker-compose.yml, /home/student/hsse-highload/docker-compose.yaml"
time="2026-05-17T12:39:44Z" level=warning msg="Using /home/student/hsse-highload/docker-compose.yml"
 state  | count 
--------+-------
 idle   |     5
 active |     1
(2 rows)


