2026-05-17T13:12:22Z 200
2026-05-17T13:12:27Z 200
2026-05-17T13:12:32Z 200
2026-05-17T13:12:37Z 200
2026-05-17T13:12:42Z 200
2026-05-17T13:12:47Z 200
2026-05-17T13:12:52Z 200
2026-05-17T13:12:57Z 200
2026-05-17T13:13:02Z 200
2026-05-17T13:13:07Z 200
2026-05-17T13:13:12Z 200
2026-05-17T13:13:17Z 200
2026-05-17T13:13:22Z 200
2026-05-17T13:13:27Z 200
2026-05-17T13:13:32Z 200
2026-05-17T13:13:37Z 200
2026-05-17T13:13:42Z 200
2026-05-17T13:13:47Z 200
2026-05-17T13:13:53Z 200
2026-05-17T13:13:58Z 200
2026-05-17T13:14:03Z 200
2026-05-17T13:14:08Z 200
2026-05-17T13:14:13Z 200
2026-05-17T13:14:18Z 200
2026-05-17T13:14:23Z 200
2026-05-17T13:14:28Z 200
2026-05-17T13:14:33Z 200
2026-05-17T13:14:38Z 200
2026-05-17T13:14:43Z 200
2026-05-17T13:14:48Z 200
2026-05-17T13:14:53Z 200
2026-05-17T13:14:58Z 200
2026-05-17T13:15:03Z 200
2026-05-17T13:15:08Z 200
2026-05-17T13:15:13Z 200
2026-05-17T13:15:18Z 200
2026-05-17T13:15:23Z 200
2026-05-17T13:15:28Z 200
2026-05-17T13:15:33Z 200
2026-05-17T13:15:38Z 200
2026-05-17T13:15:43Z 200
2026-05-17T13:15:48Z 200
2026-05-17T13:15:53Z 200
2026-05-17T13:15:58Z 200
2026-05-17T13:16:03Z 200
2026-05-17T13:16:08Z 200
2026-05-17T13:16:13Z 200
2026-05-17T13:16:18Z 200
2026-05-17T13:16:23Z 200
2026-05-17T13:16:28Z 200
2026-05-17T13:16:33Z 200
2026-05-17T13:16:38Z 200
2026-05-17T13:16:43Z 200
2026-05-17T13:16:48Z 200
2026-05-17T13:16:53Z 200
2026-05-17T13:16:58Z 200
2026-05-17T13:17:03Z 200
2026-05-17T13:17:08Z 200
2026-05-17T13:17:13Z 200
2026-05-17T13:17:18Z 200
2026-05-17T13:17:23Z 200
2026-05-17T13:17:28Z 200
2026-05-17T13:17:33Z 200
2026-05-17T13:17:38Z 200
2026-05-17T13:17:43Z 200
2026-05-17T13:17:48Z 200
2026-05-17T13:17:53Z 200
2026-05-17T13:17:58Z 200
2026-05-17T13:18:03Z 200
2026-05-17T13:18:08Z 200
2026-05-17T13:18:13Z 200
2026-05-17T13:18:18Z 200
2026-05-17T13:18:23Z 200
2026-05-17T13:18:28Z 200
2026-05-17T13:18:33Z 200
2026-05-17T13:18:38Z 200
2026-05-17T13:18:43Z 200
2026-05-17T13:18:48Z 200
2026-05-17T13:18:53Z 200
2026-05-17T13:18:58Z 200
2026-05-17T13:19:03Z 200
2026-05-17T13:19:08Z 200
2026-05-17T13:19:13Z 200
2026-05-17T13:19:18Z 200
2026-05-17T13:19:23Z 200
2026-05-17T13:19:28Z 200
2026-05-17T13:19:33Z 200
2026-05-17T13:19:38Z 200
2026-05-17T13:19:43Z 200
2026-05-17T13:19:48Z 200
2026-05-17T13:19:53Z 200
2026-05-17T13:19:58Z 200
2026-05-17T13:20:03Z 200
2026-05-17T13:20:08Z 200
2026-05-17T13:20:13Z 200
2026-05-17T13:20:19Z 200
2026-05-17T13:20:24Z 200
2026-05-17T13:20:29Z 200
2026-05-17T13:20:34Z 200
2026-05-17T13:20:39Z 200
2026-05-17T13:20:44Z 200
2026-05-17T13:20:49Z 200
2026-05-17T13:20:54Z 200
2026-05-17T13:20:59Z 200
2026-05-17T13:21:04Z 200
2026-05-17T13:21:09Z 200
2026-05-17T13:21:14Z 200
2026-05-17T13:21:19Z 200
2026-05-17T13:21:24Z 200
2026-05-17T13:21:29Z 200
2026-05-17T13:21:34Z 200
2026-05-17T13:21:39Z 200
2026-05-17T13:21:44Z 200
2026-05-17T13:21:49Z 200
2026-05-17T13:21:54Z 200
2026-05-17T13:21:59Z 200
2026-05-17T13:22:04Z 200
2026-05-17T13:22:09Z 200
2026-05-17T13:22:14Z 200
2026-05-17T13:22:19Z 200
2026-05-17T13:22:24Z 200
2026-05-17T13:22:29Z 200
2026-05-17T13:22:34Z 200
2026-05-17T13:22:39Z 200
2026-05-17T13:22:44Z 200
2026-05-17T13:22:49Z 200
2026-05-17T13:22:54Z 200
2026-05-17T13:22:59Z 200
2026-05-17T13:23:04Z 200
2026-05-17T13:23:09Z 200
2026-05-17T13:23:14Z 200
2026-05-17T13:23:19Z 200
2026-05-17T13:23:24Z 200
2026-05-17T13:23:29Z 200
2026-05-17T13:23:34Z 200
2026-05-17T13:23:39Z 200
2026-05-17T13:23:44Z 200
2026-05-17T13:23:49Z 200
2026-05-17T13:23:54Z 200
2026-05-17T13:23:59Z 200
2026-05-17T13:24:04Z 200
2026-05-17T13:24:09Z 200
2026-05-17T13:24:14Z 200
2026-05-17T13:24:19Z 200
2026-05-17T13:24:24Z 200
2026-05-17T13:24:29Z 200
2026-05-17T13:24:34Z 200
2026-05-17T13:24:39Z 200
2026-05-17T13:24:44Z 200
2026-05-17T13:24:49Z 200
