2026-05-17T13:12:22Z
               total        used        free      shared  buff/cache   available
Mem:            7937         411         437          23        7088        7196
Swap:           4095           0        4095

2026-05-17T13:12:32Z
               total        used        free      shared  buff/cache   available
Mem:            7937         411         437          23        7088        7195
Swap:           4095           0        4095

2026-05-17T13:12:42Z
               total        used        free      shared  buff/cache   available
Mem:            7937         412         436          23        7088        7194
Swap:           4095           0        4095

2026-05-17T13:12:52Z
               total        used        free      shared  buff/cache   available
Mem:            7937         425         423          23        7088        7181
Swap:           4095           0        4095

2026-05-17T13:13:02Z
               total        used        free      shared  buff/cache   available
Mem:            7937         425         423          23        7088        7181
Swap:           4095           0        4095

2026-05-17T13:13:12Z
               total        used        free      shared  buff/cache   available
Mem:            7937         422         426          23        7088        7184
Swap:           4095           0        4095

2026-05-17T13:13:22Z
               total        used        free      shared  buff/cache   available
Mem:            7937         424         424          23        7088        7183
Swap:           4095           0        4095

2026-05-17T13:13:32Z
               total        used        free      shared  buff/cache   available
Mem:            7937         417         431          23        7088        7189
Swap:           4095           0        4095

2026-05-17T13:13:42Z
               total        used        free      shared  buff/cache   available
Mem:            7937         422         426          23        7088        7184
Swap:           4095           0        4095

2026-05-17T13:13:52Z
               total        used        free      shared  buff/cache   available
Mem:            7937         418         430          23        7089        7188
Swap:           4095           0        4095

2026-05-17T13:14:02Z
               total        used        free      shared  buff/cache   available
Mem:            7937         422         426          23        7089        7184
Swap:           4095           0        4095

2026-05-17T13:14:12Z
               total        used        free      shared  buff/cache   available
Mem:            7937         424         424          23        7089        7182
Swap:           4095           0        4095

2026-05-17T13:14:22Z
               total        used        free      shared  buff/cache   available
Mem:            7937         423         425          23        7089        7183
Swap:           4095           0        4095

2026-05-17T13:14:32Z
               total        used        free      shared  buff/cache   available
Mem:            7937         424         424          23        7089        7182
Swap:           4095           0        4095

2026-05-17T13:14:42Z
               total        used        free      shared  buff/cache   available
Mem:            7937         423         425          23        7089        7183
Swap:           4095           0        4095

2026-05-17T13:14:52Z
               total        used        free      shared  buff/cache   available
Mem:            7937         419         428          23        7089        7187
Swap:           4095           0        4095

2026-05-17T13:15:02Z
               total        used        free      shared  buff/cache   available
Mem:            7937         419         428          23        7089        7187
Swap:           4095           0        4095

2026-05-17T13:15:12Z
               total        used        free      shared  buff/cache   available
Mem:            7937         421         426          24        7089        7185
Swap:           4095           0        4095

2026-05-17T13:15:22Z
               total        used        free      shared  buff/cache   available
Mem:            7937         422         425          24        7089        7184
Swap:           4095           0        4095

2026-05-17T13:15:32Z
               total        used        free      shared  buff/cache   available
Mem:            7937         423         425          24        7089        7184
Swap:           4095           0        4095

2026-05-17T13:15:42Z
               total        used        free      shared  buff/cache   available
Mem:            7937         422         426          24        7089        7184
Swap:           4095           0        4095

2026-05-17T13:15:52Z
               total        used        free      shared  buff/cache   available
Mem:            7937         421         426          24        7089        7185
Swap:           4095           0        4095

2026-05-17T13:16:02Z
               total        used        free      shared  buff/cache   available
Mem:            7937         425         422          24        7089        7181
Swap:           4095           0        4095

2026-05-17T13:16:12Z
               total        used        free      shared  buff/cache   available
Mem:            7937         428         419          24        7089        7178
Swap:           4095           0        4095

2026-05-17T13:16:22Z
               total        used        free      shared  buff/cache   available
Mem:            7937         432         415          24        7089        7174
Swap:           4095           0        4095

2026-05-17T13:16:32Z
               total        used        free      shared  buff/cache   available
Mem:            7937         421         426          24        7090        7185
Swap:           4095           0        4095

2026-05-17T13:16:42Z
               total        used        free      shared  buff/cache   available
Mem:            7937         430         417          24        7090        7176
Swap:           4095           0        4095

2026-05-17T13:16:52Z
               total        used        free      shared  buff/cache   available
Mem:            7937         429         418          24        7090        7177
Swap:           4095           0        4095

2026-05-17T13:17:02Z
               total        used        free      shared  buff/cache   available
Mem:            7937         425         421          24        7090        7180
Swap:           4095           0        4095

2026-05-17T13:17:12Z
               total        used        free      shared  buff/cache   available
Mem:            7937         425         421          24        7090        7180
Swap:           4095           0        4095

2026-05-17T13:17:22Z
               total        used        free      shared  buff/cache   available
Mem:            7937         432         414          24        7090        7173
Swap:           4095           0        4095

2026-05-17T13:17:32Z
               total        used        free      shared  buff/cache   available
Mem:            7937         432         414          24        7090        7173
Swap:           4095           0        4095

2026-05-17T13:17:42Z
               total        used        free      shared  buff/cache   available
Mem:            7937         432         413          24        7091        7173
Swap:           4095           0        4095

2026-05-17T13:17:52Z
               total        used        free      shared  buff/cache   available
Mem:            7937         422         423          24        7091        7183
Swap:           4095           0        4095

2026-05-17T13:18:02Z
               total        used        free      shared  buff/cache   available
Mem:            7937         416         429          24        7091        7189
Swap:           4095           0        4095

2026-05-17T13:18:12Z
               total        used        free      shared  buff/cache   available
Mem:            7937         424         421          25        7091        7181
Swap:           4095           0        4095

2026-05-17T13:18:22Z
               total        used        free      shared  buff/cache   available
Mem:            7937         431         414          25        7091        7173
Swap:           4095           0        4095

2026-05-17T13:18:32Z
               total        used        free      shared  buff/cache   available
Mem:            7937         431         413          25        7092        7173
Swap:           4095           0        4095

2026-05-17T13:18:42Z
               total        used        free      shared  buff/cache   available
Mem:            7937         422         422          25        7092        7183
Swap:           4095           0        4095

2026-05-17T13:18:52Z
               total        used        free      shared  buff/cache   available
Mem:            7937         428         417          25        7092        7177
Swap:           4095           0        4095

2026-05-17T13:19:02Z
               total        used        free      shared  buff/cache   available
Mem:            7937         428         417          25        7092        7177
Swap:           4095           0        4095

2026-05-17T13:19:12Z
               total        used        free      shared  buff/cache   available
Mem:            7937         426         419          25        7092        7179
Swap:           4095           0        4095

2026-05-17T13:19:22Z
               total        used        free      shared  buff/cache   available
Mem:            7937         427         417          25        7092        7177
Swap:           4095           0        4095

2026-05-17T13:19:32Z
               total        used        free      shared  buff/cache   available
Mem:            7937         433         411          25        7093        7171
Swap:           4095           0        4095

2026-05-17T13:19:42Z
               total        used        free      shared  buff/cache   available
Mem:            7937         431         412          26        7093        7173
Swap:           4095           0        4095

2026-05-17T13:19:52Z
               total        used        free      shared  buff/cache   available
Mem:            7937         432         411          26        7093        7172
Swap:           4095           0        4095

2026-05-17T13:20:02Z
               total        used        free      shared  buff/cache   available
Mem:            7937         427         416          26        7094        7177
Swap:           4095           0        4095

2026-05-17T13:20:12Z
               total        used        free      shared  buff/cache   available
Mem:            7937         426         417          26        7094        7178
Swap:           4095           0        4095

2026-05-17T13:20:22Z
               total        used        free      shared  buff/cache   available
Mem:            7937         419         423          26        7094        7185
Swap:           4095           0        4095

2026-05-17T13:20:32Z
               total        used        free      shared  buff/cache   available
Mem:            7937         429         413          26        7094        7174
Swap:           4095           0        4095

2026-05-17T13:20:42Z
               total        used        free      shared  buff/cache   available
Mem:            7937         433         409          26        7095        7171
Swap:           4095           0        4095

2026-05-17T13:20:52Z
               total        used        free      shared  buff/cache   available
Mem:            7937         427         415          26        7095        7176
Swap:           4095           0        4095

2026-05-17T13:21:02Z
               total        used        free      shared  buff/cache   available
Mem:            7937         432         410          26        7095        7172
Swap:           4095           0        4095

2026-05-17T13:21:12Z
               total        used        free      shared  buff/cache   available
Mem:            7937         433         408          27        7095        7170
Swap:           4095           0        4095

2026-05-17T13:21:22Z
               total        used        free      shared  buff/cache   available
Mem:            7937         431         410          27        7096        7172
Swap:           4095           0        4095

2026-05-17T13:21:32Z
               total        used        free      shared  buff/cache   available
Mem:            7937         437         404          27        7096        7166
Swap:           4095           0        4095

2026-05-17T13:21:42Z
               total        used        free      shared  buff/cache   available
Mem:            7937         433         407          27        7096        7170
Swap:           4095           0        4095

2026-05-17T13:21:52Z
               total        used        free      shared  buff/cache   available
Mem:            7937         437         403          27        7097        7165
Swap:           4095           0        4095

2026-05-17T13:22:02Z
               total        used        free      shared  buff/cache   available
Mem:            7937         429         410          27        7097        7173
Swap:           4095           0        4095

2026-05-17T13:22:12Z
               total        used        free      shared  buff/cache   available
Mem:            7937         429         410          28        7097        7173
Swap:           4095           0        4095

2026-05-17T13:22:22Z
               total        used        free      shared  buff/cache   available
Mem:            7937         432         407          28        7098        7170
Swap:           4095           0        4095

2026-05-17T13:22:32Z
               total        used        free      shared  buff/cache   available
Mem:            7937         438         401          28        7098        7164
Swap:           4095           0        4095

2026-05-17T13:22:42Z
               total        used        free      shared  buff/cache   available
Mem:            7937         439         399          28        7099        7163
Swap:           4095           0        4095

2026-05-17T13:22:52Z
               total        used        free      shared  buff/cache   available
Mem:            7937         440         398          28        7099        7162
Swap:           4095           0        4095

2026-05-17T13:23:03Z
               total        used        free      shared  buff/cache   available
Mem:            7937         435         402          28        7099        7166
Swap:           4095           0        4095

2026-05-17T13:23:13Z
               total        used        free      shared  buff/cache   available
Mem:            7937         428         409          28        7099        7173
Swap:           4095           0        4095

2026-05-17T13:23:23Z
               total        used        free      shared  buff/cache   available
Mem:            7937         431         406          28        7099        7170
Swap:           4095           0        4095

2026-05-17T13:23:33Z
               total        used        free      shared  buff/cache   available
Mem:            7937         422         416          28        7099        7180
Swap:           4095           0        4095

2026-05-17T13:23:43Z
               total        used        free      shared  buff/cache   available
Mem:            7937         433         404          28        7099        7168
Swap:           4095           0        4095

2026-05-17T13:23:53Z
               total        used        free      shared  buff/cache   available
Mem:            7937         438         399          28        7099        7163
Swap:           4095           0        4095

2026-05-17T13:24:03Z
               total        used        free      shared  buff/cache   available
Mem:            7937         436         402          28        7099        7166
Swap:           4095           0        4095

2026-05-17T13:24:13Z
               total        used        free      shared  buff/cache   available
Mem:            7937         434         404          28        7099        7168
Swap:           4095           0        4095

2026-05-17T13:24:23Z
               total        used        free      shared  buff/cache   available
Mem:            7937         430         407          28        7099        7171
Swap:           4095           0        4095

2026-05-17T13:24:33Z
               total        used        free      shared  buff/cache   available
Mem:            7937         432         405          28        7099        7169
Swap:           4095           0        4095

2026-05-17T13:24:43Z
               total        used        free      shared  buff/cache   available
Mem:            7937         438         399          28        7099        7163
Swap:           4095           0        4095

