2026-05-17T13:26:04Z 200
2026-05-17T13:26:09Z 200
2026-05-17T13:26:14Z 200
2026-05-17T13:26:19Z 200
2026-05-17T13:26:24Z 200
2026-05-17T13:26:29Z 200
2026-05-17T13:26:34Z 200
2026-05-17T13:26:39Z 200
2026-05-17T13:26:44Z 200
2026-05-17T13:26:49Z 200
2026-05-17T13:26:54Z 200
2026-05-17T13:26:59Z 200
2026-05-17T13:27:04Z 200
2026-05-17T13:27:09Z 200
2026-05-17T13:27:14Z 200
2026-05-17T13:27:19Z 200
2026-05-17T13:27:24Z 200
2026-05-17T13:27:29Z 200
2026-05-17T13:27:34Z 200
2026-05-17T13:27:39Z 200
2026-05-17T13:27:44Z 200
2026-05-17T13:27:49Z 200
2026-05-17T13:27:55Z 200
2026-05-17T13:28:00Z 200
2026-05-17T13:28:05Z 200
2026-05-17T13:28:10Z 200
2026-05-17T13:28:15Z 200
2026-05-17T13:28:20Z 200
2026-05-17T13:28:25Z 200
2026-05-17T13:28:30Z 200
2026-05-17T13:28:35Z 200
2026-05-17T13:28:40Z 200
2026-05-17T13:28:45Z 200
2026-05-17T13:28:50Z 200
2026-05-17T13:28:55Z 200
2026-05-17T13:29:00Z 200
2026-05-17T13:29:05Z 200
2026-05-17T13:29:10Z 200
2026-05-17T13:29:15Z 200
2026-05-17T13:29:20Z 200
2026-05-17T13:29:25Z 200
2026-05-17T13:29:30Z 200
2026-05-17T13:29:35Z 200
2026-05-17T13:29:40Z 200
2026-05-17T13:29:45Z 200
2026-05-17T13:29:50Z 200
2026-05-17T13:29:55Z 200
2026-05-17T13:30:00Z 200
2026-05-17T13:30:05Z 200
2026-05-17T13:30:10Z 200
2026-05-17T13:30:15Z 200
2026-05-17T13:30:20Z 200
2026-05-17T13:30:25Z 200
2026-05-17T13:30:30Z 200
2026-05-17T13:30:35Z 200
2026-05-17T13:30:40Z 200
2026-05-17T13:30:45Z 200
2026-05-17T13:30:50Z 200
2026-05-17T13:30:55Z 200
2026-05-17T13:31:00Z 200
2026-05-17T13:31:05Z 200
2026-05-17T13:31:10Z 200
2026-05-17T13:31:15Z 200
2026-05-17T13:31:20Z 200
2026-05-17T13:31:25Z 200
2026-05-17T13:31:30Z 200
2026-05-17T13:31:35Z 200
2026-05-17T13:31:40Z 200
2026-05-17T13:31:45Z 200
2026-05-17T13:31:50Z 200
2026-05-17T13:31:55Z 200
2026-05-17T13:32:00Z 200
