2026-05-17T13:26:04Z
               total        used        free      shared  buff/cache   available
Mem:            7937         423         414          28        7099        7178
Swap:           4095           0        4095

2026-05-17T13:26:14Z
               total        used        free      shared  buff/cache   available
Mem:            7937         433         404          28        7099        7169
Swap:           4095           0        4095

2026-05-17T13:26:24Z
               total        used        free      shared  buff/cache   available
Mem:            7937         428         409          28        7099        7173
Swap:           4095           0        4095

2026-05-17T13:26:34Z
               total        used        free      shared  buff/cache   available
Mem:            7937         434         403          28        7100        7167
Swap:           4095           0        4095

2026-05-17T13:26:44Z
               total        used        free      shared  buff/cache   available
Mem:            7937         426         410          28        7100        7175
Swap:           4095           0        4095

2026-05-17T13:26:54Z
               total        used        free      shared  buff/cache   available
Mem:            7937         430         407          28        7100        7172
Swap:           4095           0        4095

2026-05-17T13:27:04Z
               total        used        free      shared  buff/cache   available
Mem:            7937         427         409          28        7100        7174
Swap:           4095           0        4095

2026-05-17T13:27:14Z
               total        used        free      shared  buff/cache   available
Mem:            7937         427         409          28        7100        7174
Swap:           4095           0        4095

2026-05-17T13:27:24Z
               total        used        free      shared  buff/cache   available
Mem:            7937         431         406          28        7100        7170
Swap:           4095           0        4095

2026-05-17T13:27:34Z
               total        used        free      shared  buff/cache   available
Mem:            7937         434         402          28        7100        7167
Swap:           4095           0        4095

2026-05-17T13:27:44Z
               total        used        free      shared  buff/cache   available
Mem:            7937         439         397          29        7100        7162
Swap:           4095           0        4095

2026-05-17T13:27:54Z
               total        used        free      shared  buff/cache   available
Mem:            7937         434         403          29        7100        7167
Swap:           4095           0        4095

2026-05-17T13:28:04Z
               total        used        free      shared  buff/cache   available
Mem:            7937         440         396          29        7100        7161
Swap:           4095           0        4095

2026-05-17T13:28:14Z
               total        used        free      shared  buff/cache   available
Mem:            7937         438         398          29        7100        7163
Swap:           4095           0        4095

2026-05-17T13:28:24Z
               total        used        free      shared  buff/cache   available
Mem:            7937         442         394          29        7100        7159
Swap:           4095           0        4095

2026-05-17T13:28:34Z
               total        used        free      shared  buff/cache   available
Mem:            7937         444         392          29        7100        7157
Swap:           4095           0        4095

2026-05-17T13:28:44Z
               total        used        free      shared  buff/cache   available
Mem:            7937         441         395          29        7100        7160
Swap:           4095           0        4095

2026-05-17T13:28:54Z
               total        used        free      shared  buff/cache   available
Mem:            7937         446         390          29        7101        7155
Swap:           4095           0        4095

2026-05-17T13:29:04Z
               total        used        free      shared  buff/cache   available
Mem:            7937         437         399          29        7101        7164
Swap:           4095           0        4095

2026-05-17T13:29:14Z
               total        used        free      shared  buff/cache   available
Mem:            7937         435         401          29        7101        7166
Swap:           4095           0        4095

2026-05-17T13:29:24Z
               total        used        free      shared  buff/cache   available
Mem:            7937         445         390          29        7101        7156
Swap:           4095           0        4095

2026-05-17T13:29:34Z
               total        used        free      shared  buff/cache   available
Mem:            7937         439         397          29        7101        7162
Swap:           4095           0        4095

2026-05-17T13:29:44Z
               total        used        free      shared  buff/cache   available
Mem:            7937         446         390          29        7101        7155
Swap:           4095           0        4095

2026-05-17T13:29:54Z
               total        used        free      shared  buff/cache   available
Mem:            7937         435         401          29        7101        7166
Swap:           4095           0        4095

2026-05-17T13:30:04Z
               total        used        free      shared  buff/cache   available
Mem:            7937         436         399          29        7101        7164
Swap:           4095           0        4095

2026-05-17T13:30:14Z
               total        used        free      shared  buff/cache   available
Mem:            7937         441         395          29        7101        7160
Swap:           4095           0        4095

2026-05-17T13:30:24Z
               total        used        free      shared  buff/cache   available
Mem:            7937         438         398          29        7101        7163
Swap:           4095           0        4095

2026-05-17T13:30:34Z
               total        used        free      shared  buff/cache   available
Mem:            7937         439         396          29        7101        7161
Swap:           4095           0        4095

2026-05-17T13:30:44Z
               total        used        free      shared  buff/cache   available
Mem:            7937         433         402          29        7101        7168
Swap:           4095           0        4095

2026-05-17T13:30:54Z
               total        used        free      shared  buff/cache   available
Mem:            7937         438         397          29        7101        7163
Swap:           4095           0        4095

2026-05-17T13:31:04Z
               total        used        free      shared  buff/cache   available
Mem:            7937         439         397          29        7101        7162
Swap:           4095           0        4095

2026-05-17T13:31:14Z
               total        used        free      shared  buff/cache   available
Mem:            7937         442         393          29        7101        7159
Swap:           4095           0        4095

2026-05-17T13:31:24Z
               total        used        free      shared  buff/cache   available
Mem:            7937         444         391          29        7101        7156
Swap:           4095           0        4095

2026-05-17T13:31:34Z
               total        used        free      shared  buff/cache   available
Mem:            7937         438         398          29        7101        7163
Swap:           4095           0        4095

2026-05-17T13:31:44Z
               total        used        free      shared  buff/cache   available
Mem:            7937         438         398          29        7101        7163
Swap:           4095           0        4095

2026-05-17T13:31:54Z
               total        used        free      shared  buff/cache   available
Mem:            7937         434         401          29        7101        7166
Swap:           4095           0        4095

