Linux 5.15.0-119-generic (team-08) 	05/17/2026 	_x86_64_	(2 CPU)

avg-cpu:  %user   %nice %system %iowait  %steal   %idle
           0.10    0.01    0.09    0.02    0.00   99.78

Device            r/s     rkB/s   rrqm/s  %rrqm r_await rareq-sz     w/s     wkB/s   wrqm/s  %wrqm w_await wareq-sz     d/s     dkB/s   drqm/s  %drqm d_await dareq-sz     f/s f_await  aqu-sz  %util
dm-0             0.01      0.37     0.00   0.00    8.22    49.60    2.41     17.88     0.00   0.00    4.82     7.41    0.00     25.77     0.00   0.00    0.74 15271.04    0.00    0.00    0.01   0.12
fd0              0.00      0.00     0.00   0.00   13.61     4.00    0.00      0.00     0.00   0.00    0.00     0.00    0.00      0.00     0.00   0.00    0.00     0.00    0.00    0.00    0.00   0.00
loop0            0.00      0.00     0.00   0.00    6.41     9.27    0.00      0.00     0.00   0.00    0.00     0.00    0.00      0.00     0.00   0.00    0.00     0.00    0.00    0.00    0.00   0.00
loop1            0.00      0.01     0.00   0.00    1.95    29.34    0.00      0.00     0.00   0.00    0.00     0.00    0.00      0.00     0.00   0.00    0.00     0.00    0.00    0.00    0.00   0.00
loop2            0.00      0.00     0.00   0.00    3.50    11.94    0.00      0.00     0.00   0.00    0.00     0.00    0.00      0.00     0.00   0.00    0.00     0.00    0.00    0.00    0.00   0.00
loop3            0.00      0.00     0.00   0.00    0.01     8.61    0.00      0.00     0.00   0.00    0.00     0.00    0.00      0.00     0.00   0.00    0.00     0.00    0.00    0.00    0.00   0.00
loop4            0.00      0.00     0.00   0.00    0.01    10.81    0.00      0.00     0.00   0.00    0.00     0.00    0.00      0.00     0.00   0.00    0.00     0.00    0.00    0.00    0.00   0.00
loop5            0.00      0.01     0.00   0.00    0.03    34.49    0.00      0.00     0.00   0.00    0.00     0.00    0.00      0.00     0.00   0.00    0.00     0.00    0.00    0.00    0.00   0.00
loop6            0.00      0.00     0.00   0.00    0.01    12.67    0.00      0.00     0.00   0.00    0.00     0.00    0.00      0.00     0.00   0.00    0.00     0.00    0.00    0.00    0.00   0.00
loop7            0.00      0.00     0.00   0.00    0.00     1.00    0.00      0.00     0.00   0.00    0.00     0.00    0.00      0.00     0.00   0.00    0.00     0.00    0.00    0.00    0.00   0.00
sda              0.01      0.51     0.00  10.51    6.60    59.01    1.88     18.26     0.54  22.17    4.49     9.71    0.00     26.68     0.00  23.74    0.62 20162.18    0.00    0.00    0.01   0.12
sr0              0.00      0.00     0.00   0.00    1.21     0.20    0.00      0.00     0.00   0.00    0.00     0.00    0.00      0.00     0.00   0.00    0.00     0.00    0.00    0.00    0.00   0.00


avg-cpu:  %user   %nice %system %iowait  %steal   %idle
           1.70    0.00    1.20    0.00    0.00   97.10

Device            r/s     rkB/s   rrqm/s  %rrqm r_await rareq-sz     w/s     wkB/s   wrqm/s  %wrqm w_await wareq-sz     d/s     dkB/s   drqm/s  %drqm d_await dareq-sz     f/s f_await  aqu-sz  %util
dm-0             0.00      0.00     0.00   0.00    0.00     0.00    6.00     24.00     0.00   0.00    0.00     4.00    0.00      0.00     0.00   0.00    0.00     0.00    0.00    0.00    0.00   0.24
sda              0.00      0.00     0.00   0.00    0.00     0.00    1.20     24.00     4.80  80.00    0.50    20.00    0.00      0.00     0.00   0.00    0.00     0.00    0.00    0.00    0.00   0.24


avg-cpu:  %user   %nice %system %iowait  %steal   %idle
           0.50    0.00    0.80    0.00    0.00   98.70

Device            r/s     rkB/s   rrqm/s  %rrqm r_await rareq-sz     w/s     wkB/s   wrqm/s  %wrqm w_await wareq-sz     d/s     dkB/s   drqm/s  %drqm d_await dareq-sz     f/s f_await  aqu-sz  %util
dm-0             0.00      0.00     0.00   0.00    0.00     0.00    5.40     21.60     0.00   0.00    2.52     4.00    0.00      0.00     0.00   0.00    0.00     0.00    0.00    0.00    0.01   0.40
sda              0.00      0.00     0.00   0.00    0.00     0.00    2.00     21.60     3.40  62.96    0.30    10.80    0.00      0.00     0.00   0.00    0.00     0.00    0.00    0.00    0.00   0.40


avg-cpu:  %user   %nice %system %iowait  %steal   %idle
           1.40    0.00    1.10    0.00    0.00   97.49

Device            r/s     rkB/s   rrqm/s  %rrqm r_await rareq-sz     w/s     wkB/s   wrqm/s  %wrqm w_await wareq-sz     d/s     dkB/s   drqm/s  %drqm d_await dareq-sz     f/s f_await  aqu-sz  %util
dm-0             0.00      0.00     0.00   0.00    0.00     0.00   22.00     94.40     0.00   0.00    0.00     4.29    0.00      0.00     0.00   0.00    0.00     0.00    0.00    0.00    0.00   0.40
sda              0.00      0.00     0.00   0.00    0.00     0.00   18.20     94.40     3.80  17.27    0.38     5.19    0.00      0.00     0.00   0.00    0.00     0.00    0.00    0.00    0.01   0.40


avg-cpu:  %user   %nice %system %iowait  %steal   %idle
           1.01    0.00    1.51    0.30    0.00   97.18

Device            r/s     rkB/s   rrqm/s  %rrqm r_await rareq-sz     w/s     wkB/s   wrqm/s  %wrqm w_await wareq-sz     d/s     dkB/s   drqm/s  %drqm d_await dareq-sz     f/s f_await  aqu-sz  %util
dm-0             0.00      0.00     0.00   0.00    0.00     0.00   22.60    260.00     0.00   0.00    0.46    11.50    0.00      0.00     0.00   0.00    0.00     0.00    0.00    0.00    0.01   7.36
sda              0.00      0.00     0.00   0.00    0.00     0.00   20.20    260.00     2.40  10.62    0.36    12.87    0.00      0.00     0.00   0.00    0.00     0.00    0.00    0.00    0.01   7.28


avg-cpu:  %user   %nice %system %iowait  %steal   %idle
           2.61    0.00    2.41    0.30    0.00   94.68

Device            r/s     rkB/s   rrqm/s  %rrqm r_await rareq-sz     w/s     wkB/s   wrqm/s  %wrqm w_await wareq-sz     d/s     dkB/s   drqm/s  %drqm d_await dareq-sz     f/s f_await  aqu-sz  %util
dm-0             0.00      0.00     0.00   0.00    0.00     0.00   29.00    308.80     0.00   0.00    0.74    10.65    0.00      0.00     0.00   0.00    0.00     0.00    0.00    0.00    0.02  10.08
sda              0.00      0.00     0.00   0.00    0.00     0.00   26.00    308.80     3.00  10.34    0.34    11.88    0.00      0.00     0.00   0.00    0.00     0.00    0.00    0.00    0.01  10.08


avg-cpu:  %user   %nice %system %iowait  %steal   %idle
           1.50    0.00    2.40    0.40    0.00   95.70

Device            r/s     rkB/s   rrqm/s  %rrqm r_await rareq-sz     w/s     wkB/s   wrqm/s  %wrqm w_await wareq-sz     d/s     dkB/s   drqm/s  %drqm d_await dareq-sz     f/s f_await  aqu-sz  %util
dm-0             0.00      0.00     0.00   0.00    0.00     0.00   28.40    287.20     0.00   0.00    0.39    10.11    0.00      0.00     0.00   0.00    0.00     0.00    0.00    0.00    0.01   9.20
sda              0.00      0.00     0.00   0.00    0.00     0.00   26.00    287.20     2.40   8.45    0.41    11.05    0.00      0.00     0.00   0.00    0.00     0.00    0.00    0.00    0.01   9.28


avg-cpu:  %user   %nice %system %iowait  %steal   %idle
           2.78    0.00    3.08    0.30    0.00   93.84

Device            r/s     rkB/s   rrqm/s  %rrqm r_await rareq-sz     w/s     wkB/s   wrqm/s  %wrqm w_await wareq-sz     d/s     dkB/s   drqm/s  %drqm d_await dareq-sz     f/s f_await  aqu-sz  %util
dm-0             0.00      0.00     0.00   0.00    0.00     0.00   28.00    283.20     0.00   0.00    0.26    10.11    0.00      0.00     0.00   0.00    0.00     0.00    0.00    0.00    0.01   8.88
sda              0.00      0.00     0.00   0.00    0.00     0.00   26.00    283.20     2.00   7.14    0.30    10.89    0.00      0.00     0.00   0.00    0.00     0.00    0.00    0.00    0.01   8.96


avg-cpu:  %user   %nice %system %iowait  %steal   %idle
           1.80    0.00    2.10    0.20    0.00   95.90

Device            r/s     rkB/s   rrqm/s  %rrqm r_await rareq-sz     w/s     wkB/s   wrqm/s  %wrqm w_await wareq-sz     d/s     dkB/s   drqm/s  %drqm d_await dareq-sz     f/s f_await  aqu-sz  %util
dm-0             0.00      0.00     0.00   0.00    0.00     0.00   28.80    276.00     0.00   0.00    0.56     9.58    0.00      0.00     0.00   0.00    0.00     0.00    0.00    0.00    0.02   9.12
sda              0.00      0.00     0.00   0.00    0.00     0.00   25.80    276.00     3.00  10.42    0.29    10.70    0.00      0.00     0.00   0.00    0.00     0.00    0.00    0.00    0.01   9.12


avg-cpu:  %user   %nice %system %iowait  %steal   %idle
           2.31    0.00    2.51    0.50    0.00   94.68

Device            r/s     rkB/s   rrqm/s  %rrqm r_await rareq-sz     w/s     wkB/s   wrqm/s  %wrqm w_await wareq-sz     d/s     dkB/s   drqm/s  %drqm d_await dareq-sz     f/s f_await  aqu-sz  %util
dm-0             0.00      0.00     0.00   0.00    0.00     0.00   30.20    289.60     0.00   0.00    0.34     9.59    0.00      0.00     0.00   0.00    0.00     0.00    0.00    0.00    0.01   9.28
sda              0.00      0.00     0.00   0.00    0.00     0.00   26.80    289.60     3.40  11.26    0.43    10.81    0.00      0.00     0.00   0.00    0.00     0.00    0.00    0.00    0.01   9.28


avg-cpu:  %user   %nice %system %iowait  %steal   %idle
           1.32    0.00    1.42    0.20    0.00   97.06

Device            r/s     rkB/s   rrqm/s  %rrqm r_await rareq-sz     w/s     wkB/s   wrqm/s  %wrqm w_await wareq-sz     d/s     dkB/s   drqm/s  %drqm d_await dareq-sz     f/s f_await  aqu-sz  %util
dm-0             0.00      0.00     0.00   0.00    0.00     0.00   28.54    260.28     0.00   0.00    0.20     9.12    0.00      0.00     0.00   0.00    0.00     0.00    0.00    0.00    0.01   8.78
sda              0.00      0.00     0.00   0.00    0.00     0.00   25.95    260.28     2.59   9.09    0.29    10.03    0.00      0.00     0.00   0.00    0.00     0.00    0.00    0.00    0.01   8.70


avg-cpu:  %user   %nice %system %iowait  %steal   %idle
           1.72    0.00    1.82    0.30    0.00   96.16

Device            r/s     rkB/s   rrqm/s  %rrqm r_await rareq-sz     w/s     wkB/s   wrqm/s  %wrqm w_await wareq-sz     d/s     dkB/s   drqm/s  %drqm d_await dareq-sz     f/s f_await  aqu-sz  %util
dm-0             0.00      0.00     0.00   0.00    0.00     0.00   29.60    270.40     0.00   0.00    0.38     9.14    0.00      0.00     0.00   0.00    0.00     0.00    0.00    0.00    0.01   9.28
sda              0.00      0.00     0.00   0.00    0.00     0.00   26.20    270.40     3.40  11.49    0.35    10.32    0.00      0.00     0.00   0.00    0.00     0.00    0.00    0.00    0.01   9.28


avg-cpu:  %user   %nice %system %iowait  %steal   %idle
           1.42    0.00    1.22    0.41    0.00   96.96

Device            r/s     rkB/s   rrqm/s  %rrqm r_await rareq-sz     w/s     wkB/s   wrqm/s  %wrqm w_await wareq-sz     d/s     dkB/s   drqm/s  %drqm d_await dareq-sz     f/s f_await  aqu-sz  %util
dm-0             0.00      0.00     0.00   0.00    0.00     0.00   29.20    276.80     0.00   0.00    0.22     9.48    0.00      0.00     0.00   0.00    0.00     0.00    0.00    0.00    0.01   8.96
sda              0.00      0.00     0.00   0.00    0.00     0.00   26.00    276.80     3.20  10.96    0.35    10.65    0.00      0.00     0.00   0.00    0.00     0.00    0.00    0.00    0.01   8.96


avg-cpu:  %user   %nice %system %iowait  %steal   %idle
           2.12    0.00    2.22    0.20    0.00   95.46

Device            r/s     rkB/s   rrqm/s  %rrqm r_await rareq-sz     w/s     wkB/s   wrqm/s  %wrqm w_await wareq-sz     d/s     dkB/s   drqm/s  %drqm d_await dareq-sz     f/s f_await  aqu-sz  %util
dm-0             0.00      0.00     0.00   0.00    0.00     0.00   29.40    252.80     0.00   0.00    0.08     8.60    0.00      0.00     0.00   0.00    0.00     0.00    0.00    0.00    0.00   8.40
sda              0.00      0.00     0.00   0.00    0.00     0.00   27.20    252.80     2.20   7.48    0.30     9.29    0.00      0.00     0.00   0.00    0.00     0.00    0.00    0.00    0.01   8.40


avg-cpu:  %user   %nice %system %iowait  %steal   %idle
           1.41    0.00    1.41    0.30    0.00   96.88

Device            r/s     rkB/s   rrqm/s  %rrqm r_await rareq-sz     w/s     wkB/s   wrqm/s  %wrqm w_await wareq-sz     d/s     dkB/s   drqm/s  %drqm d_await dareq-sz     f/s f_await  aqu-sz  %util
dm-0             0.00      0.00     0.00   0.00    0.00     0.00   30.80    262.40     0.00   0.00    0.18     8.52    0.00      0.00     0.00   0.00    0.00     0.00    0.00    0.00    0.01   8.80
sda              0.00      0.00     0.00   0.00    0.00     0.00   27.20    262.40     3.60  11.69    0.29     9.65    0.00      0.00     0.00   0.00    0.00     0.00    0.00    0.00    0.01   8.80


avg-cpu:  %user   %nice %system %iowait  %steal   %idle
           1.92    0.00    2.22    0.30    0.00   95.56

Device            r/s     rkB/s   rrqm/s  %rrqm r_await rareq-sz     w/s     wkB/s   wrqm/s  %wrqm w_await wareq-sz     d/s     dkB/s   drqm/s  %drqm d_await dareq-sz     f/s f_await  aqu-sz  %util
dm-0             0.00      0.00     0.00   0.00    0.00     0.00   29.80    267.20     0.00   0.00    0.21     8.97    0.00      0.00     0.00   0.00    0.00     0.00    0.00    0.00    0.01   8.80
sda              0.00      0.00     0.00   0.00    0.00     0.00   26.60    267.20     3.20  10.74    0.32    10.05    0.00      0.00     0.00   0.00    0.00     0.00    0.00    0.00    0.01   8.80


avg-cpu:  %user   %nice %system %iowait  %steal   %idle
           1.70    0.00    2.00    0.30    0.00   95.99

Device            r/s     rkB/s   rrqm/s  %rrqm r_await rareq-sz     w/s     wkB/s   wrqm/s  %wrqm w_await wareq-sz     d/s     dkB/s   drqm/s  %drqm d_await dareq-sz     f/s f_await  aqu-sz  %util
dm-0             0.00      0.00     0.00   0.00    0.00     0.00   29.20    249.60     0.00   0.00    0.22     8.55    0.00      0.00     0.00   0.00    0.00     0.00    0.00    0.00    0.01   8.88
sda              0.00      0.00     0.00   0.00    0.00     0.00   26.80    249.60     2.40   8.22    0.29     9.31    0.00      0.00     0.00   0.00    0.00     0.00    0.00    0.00    0.01   8.88


avg-cpu:  %user   %nice %system %iowait  %steal   %idle
           2.51    0.00    3.21    0.20    0.00   94.08

Device            r/s     rkB/s   rrqm/s  %rrqm r_await rareq-sz     w/s     wkB/s   wrqm/s  %wrqm w_await wareq-sz     d/s     dkB/s   drqm/s  %drqm d_await dareq-sz     f/s f_await  aqu-sz  %util
dm-0             0.00      0.00     0.00   0.00    0.00     0.00   29.40    256.00     0.00   0.00    0.14     8.71    0.00      0.00     0.00   0.00    0.00     0.00    0.00    0.00    0.00   8.64
sda              0.00      0.00     0.00   0.00    0.00     0.00   26.80    256.00     2.60   8.84    0.32     9.55    0.00      0.00     0.00   0.00    0.00     0.00    0.00    0.00    0.01   8.64


avg-cpu:  %user   %nice %system %iowait  %steal   %idle
           1.40    0.00    1.30    0.10    0.00   97.19

Device            r/s     rkB/s   rrqm/s  %rrqm r_await rareq-sz     w/s     wkB/s   wrqm/s  %wrqm w_await wareq-sz     d/s     dkB/s   drqm/s  %drqm d_await dareq-sz     f/s f_await  aqu-sz  %util
dm-0             0.00      0.00     0.00   0.00    0.00     0.00   11.60     92.00     0.00   0.00    0.28     7.93    0.00      0.00     0.00   0.00    0.00     0.00    0.00    0.00    0.00   2.32
sda              0.00      0.00     0.00   0.00    0.00     0.00    8.40     92.00     3.20  27.59    0.31    10.95    0.00      0.00     0.00   0.00    0.00     0.00    0.00    0.00    0.00   2.32


avg-cpu:  %user   %nice %system %iowait  %steal   %idle
           4.82    0.00    5.22    0.30    0.00   89.66

Device            r/s     rkB/s   rrqm/s  %rrqm r_await rareq-sz     w/s     wkB/s   wrqm/s  %wrqm w_await wareq-sz     d/s     dkB/s   drqm/s  %drqm d_await dareq-sz     f/s f_await  aqu-sz  %util
dm-0             0.00      0.00     0.00   0.00    0.00     0.00   38.00    332.00     0.00   0.00    0.27     8.74    0.00      0.00     0.00   0.00    0.00     0.00    0.00    0.00    0.01  11.60
sda              0.00      0.00     0.00   0.00    0.00     0.00   36.00    332.00     2.00   5.26    0.31     9.22    0.00      0.00     0.00   0.00    0.00     0.00    0.00    0.00    0.01  11.60


avg-cpu:  %user   %nice %system %iowait  %steal   %idle
           2.59    0.00    2.20    0.20    0.00   95.01

Device            r/s     rkB/s   rrqm/s  %rrqm r_await rareq-sz     w/s     wkB/s   wrqm/s  %wrqm w_await wareq-sz     d/s     dkB/s   drqm/s  %drqm d_await dareq-sz     f/s f_await  aqu-sz  %util
dm-0             0.00      0.00     0.00   0.00    0.00     0.00   29.20    256.80     0.00   0.00    0.25     8.79    0.00      0.00     0.00   0.00    0.00     0.00    0.00    0.00    0.01   9.44
sda              0.00      0.00     0.00   0.00    0.00     0.00   26.80    256.80     2.40   8.22    0.29     9.58    0.00      0.00     0.00   0.00    0.00     0.00    0.00    0.00    0.01   9.52


avg-cpu:  %user   %nice %system %iowait  %steal   %idle
           2.00    0.00    2.51    0.30    0.00   95.19

Device            r/s     rkB/s   rrqm/s  %rrqm r_await rareq-sz     w/s     wkB/s   wrqm/s  %wrqm w_await wareq-sz     d/s     dkB/s   drqm/s  %drqm d_await dareq-sz     f/s f_await  aqu-sz  %util
dm-0             0.00      0.00     0.00   0.00    0.00     0.00   32.20    259.20     0.00   0.00    0.37     8.05    0.00      0.00     0.00   0.00    0.00     0.00    0.00    0.00    0.01   9.60
sda              0.00      0.00     0.00   0.00    0.00     0.00   28.20    259.20     4.00  12.42    0.30     9.19    0.00      0.00     0.00   0.00    0.00     0.00    0.00    0.00    0.01   9.60


avg-cpu:  %user   %nice %system %iowait  %steal   %idle
           1.81    0.00    2.01    0.20    0.00   95.98

Device            r/s     rkB/s   rrqm/s  %rrqm r_await rareq-sz     w/s     wkB/s   wrqm/s  %wrqm w_await wareq-sz     d/s     dkB/s   drqm/s  %drqm d_await dareq-sz     f/s f_await  aqu-sz  %util
dm-0             0.00      0.00     0.00   0.00    0.00     0.00   29.00    243.20     0.00   0.00    0.30     8.39    0.00      0.00     0.00   0.00    0.00     0.00    0.00    0.00    0.01   9.36
sda              0.00      0.00     0.00   0.00    0.00     0.00   26.60    243.20     2.40   8.28    0.30     9.14    0.00      0.00     0.00   0.00    0.00     0.00    0.00    0.00    0.01   9.28


avg-cpu:  %user   %nice %system %iowait  %steal   %idle
           2.52    0.00    2.22    0.30    0.00   94.96

Device            r/s     rkB/s   rrqm/s  %rrqm r_await rareq-sz     w/s     wkB/s   wrqm/s  %wrqm w_await wareq-sz     d/s     dkB/s   drqm/s  %drqm d_await dareq-sz     f/s f_await  aqu-sz  %util
dm-0             0.00      0.00     0.00   0.00    0.00     0.00   30.00    249.60     0.00   0.00    0.32     8.32    0.00      0.00     0.00   0.00    0.00     0.00    0.00    0.00    0.01   9.36
sda              0.00      0.00     0.00   0.00    0.00     0.00   27.40    249.60     2.60   8.67    0.30     9.11    0.00      0.00     0.00   0.00    0.00     0.00    0.00    0.00    0.01   9.36


avg-cpu:  %user   %nice %system %iowait  %steal   %idle
           1.71    0.00    1.71    0.30    0.00   96.29

Device            r/s     rkB/s   rrqm/s  %rrqm r_await rareq-sz     w/s     wkB/s   wrqm/s  %wrqm w_await wareq-sz     d/s     dkB/s   drqm/s  %drqm d_await dareq-sz     f/s f_await  aqu-sz  %util
dm-0             0.00      0.00     0.00   0.00    0.00     0.00   29.80    248.80     0.00   0.00    0.24     8.35    0.00      0.00     0.00   0.00    0.00     0.00    0.00    0.00    0.01   9.12
sda              0.00      0.00     0.00   0.00    0.00     0.00   26.80    248.80     3.00  10.07    0.30     9.28    0.00      0.00     0.00   0.00    0.00     0.00    0.00    0.00    0.01   9.12


avg-cpu:  %user   %nice %system %iowait  %steal   %idle
           2.20    0.00    2.60    0.20    0.00   95.00

Device            r/s     rkB/s   rrqm/s  %rrqm r_await rareq-sz     w/s     wkB/s   wrqm/s  %wrqm w_await wareq-sz     d/s     dkB/s   drqm/s  %drqm d_await dareq-sz     f/s f_await  aqu-sz  %util
dm-0             0.00      0.00     0.00   0.00    0.00     0.00   31.20    247.20     0.00   0.00    0.26     7.92    0.00      0.00     0.00   0.00    0.00     0.00    0.00    0.00    0.01   8.96
sda              0.00      0.00     0.00   0.00    0.00     0.00   27.80    247.20     3.40  10.90    0.28     8.89    0.00      0.00     0.00   0.00    0.00     0.00    0.00    0.00    0.01   8.88


avg-cpu:  %user   %nice %system %iowait  %steal   %idle
           1.61    0.00    2.11    0.20    0.00   96.08

Device            r/s     rkB/s   rrqm/s  %rrqm r_await rareq-sz     w/s     wkB/s   wrqm/s  %wrqm w_await wareq-sz     d/s     dkB/s   drqm/s  %drqm d_await dareq-sz     f/s f_await  aqu-sz  %util
dm-0             0.00      0.00     0.00   0.00    0.00     0.00   29.20    252.00     0.00   0.00    0.19     8.63    0.00      0.00     0.00   0.00    0.00     0.00    0.00    0.00    0.01   8.80
sda              0.00      0.00     0.00   0.00    0.00     0.00   27.00    252.00     2.20   7.53    0.29     9.33    0.00      0.00     0.00   0.00    0.00     0.00    0.00    0.00    0.01   8.80


avg-cpu:  %user   %nice %system %iowait  %steal   %idle
           2.00    0.00    2.91    0.30    0.00   94.79

Device            r/s     rkB/s   rrqm/s  %rrqm r_await rareq-sz     w/s     wkB/s   wrqm/s  %wrqm w_await wareq-sz     d/s     dkB/s   drqm/s  %drqm d_await dareq-sz     f/s f_await  aqu-sz  %util
dm-0             0.00      0.00     0.00   0.00    0.00     0.00   32.20    253.60     0.00   0.00    0.25     7.88    0.00      0.00     0.00   0.00    0.00     0.00    0.00    0.00    0.01   9.12
sda              0.00      0.00     0.00   0.00    0.00     0.00   28.80    253.60     3.40  10.56    0.31     8.81    0.00      0.00     0.00   0.00    0.00     0.00    0.00    0.00    0.01   9.20


avg-cpu:  %user   %nice %system %iowait  %steal   %idle
           1.31    0.00    2.01    0.20    0.00   96.48

Device            r/s     rkB/s   rrqm/s  %rrqm r_await rareq-sz     w/s     wkB/s   wrqm/s  %wrqm w_await wareq-sz     d/s     dkB/s   drqm/s  %drqm d_await dareq-sz     f/s f_await  aqu-sz  %util
dm-0             0.00      0.00     0.00   0.00    0.00     0.00   35.40    274.40     0.00   0.00    0.18     7.75    0.00      0.00     0.00   0.00    0.00     0.00    0.00    0.00    0.01   9.28
sda              0.00      0.00     0.00   0.00    0.00     0.00   33.00    274.40     2.40   6.78    0.32     8.32    0.00      0.00     0.00   0.00    0.00     0.00    0.00    0.00    0.01   9.28


avg-cpu:  %user   %nice %system %iowait  %steal   %idle
           2.22    0.00    2.42    0.30    0.00   95.06

Device            r/s     rkB/s   rrqm/s  %rrqm r_await rareq-sz     w/s     wkB/s   wrqm/s  %wrqm w_await wareq-sz     d/s     dkB/s   drqm/s  %drqm d_await dareq-sz     f/s f_await  aqu-sz  %util
dm-0             0.00      0.00     0.00   0.00    0.00     0.00   30.00    236.00     0.00   0.00    0.51     7.87    0.00      0.00     0.00   0.00    0.00     0.00    0.00    0.00    0.02   8.96
sda              0.00      0.00     0.00   0.00    0.00     0.00   27.00    236.00     3.00  10.00    0.31     8.74    0.00      0.00     0.00   0.00    0.00     0.00    0.00    0.00    0.01   8.96


avg-cpu:  %user   %nice %system %iowait  %steal   %idle
           1.71    0.00    2.11    0.30    0.00   95.88

Device            r/s     rkB/s   rrqm/s  %rrqm r_await rareq-sz     w/s     wkB/s   wrqm/s  %wrqm w_await wareq-sz     d/s     dkB/s   drqm/s  %drqm d_await dareq-sz     f/s f_await  aqu-sz  %util
dm-0             0.00      0.00     0.00   0.00    0.00     0.00   29.20    240.80     0.00   0.00    0.25     8.25    0.00      0.00     0.00   0.00    0.00     0.00    0.00    0.00    0.01   8.96
sda              0.00      0.00     0.00   0.00    0.00     0.00   26.80    240.80     2.40   8.22    0.31     8.99    0.00      0.00     0.00   0.00    0.00     0.00    0.00    0.00    0.01   8.96


avg-cpu:  %user   %nice %system %iowait  %steal   %idle
           1.92    0.00    2.13    0.20    0.00   95.75

Device            r/s     rkB/s   rrqm/s  %rrqm r_await rareq-sz     w/s     wkB/s   wrqm/s  %wrqm w_await wareq-sz     d/s     dkB/s   drqm/s  %drqm d_await dareq-sz     f/s f_await  aqu-sz  %util
dm-0             0.00      0.00     0.00   0.00    0.00     0.00   32.00    252.00     0.00   0.00    0.20     7.88    0.00      0.00     0.00   0.00    0.00     0.00    0.00    0.00    0.01   8.72
sda              0.00      0.00     0.00   0.00    0.00     0.00   28.40    252.00     3.60  11.25    0.32     8.87    0.00      0.00     0.00   0.00    0.00     0.00    0.00    0.00    0.01   8.64


avg-cpu:  %user   %nice %system %iowait  %steal   %idle
           1.21    0.00    1.61    0.30    0.00   96.87

Device            r/s     rkB/s   rrqm/s  %rrqm r_await rareq-sz     w/s     wkB/s   wrqm/s  %wrqm w_await wareq-sz     d/s     dkB/s   drqm/s  %drqm d_await dareq-sz     f/s f_await  aqu-sz  %util
dm-0             0.00      0.00     0.00   0.00    0.00     0.00   29.20    242.40     0.00   0.00    0.19     8.30    0.00      0.00     0.00   0.00    0.00     0.00    0.00    0.00    0.01   8.80
sda              0.00      0.00     0.00   0.00    0.00     0.00   26.60    242.40     2.60   8.90    0.29     9.11    0.00      0.00     0.00   0.00    0.00     0.00    0.00    0.00    0.01   8.80


avg-cpu:  %user   %nice %system %iowait  %steal   %idle
           1.72    0.00    2.53    0.20    0.00   95.55

Device            r/s     rkB/s   rrqm/s  %rrqm r_await rareq-sz     w/s     wkB/s   wrqm/s  %wrqm w_await wareq-sz     d/s     dkB/s   drqm/s  %drqm d_await dareq-sz     f/s f_await  aqu-sz  %util
dm-0             0.00      0.00     0.00   0.00    0.00     0.00   32.00    243.20     0.00   0.00    0.42     7.60    0.00      0.00     0.00   0.00    0.00     0.00    0.00    0.00    0.01   8.32
sda              0.00      0.00     0.00   0.00    0.00     0.00   28.00    243.20     4.00  12.50    0.31     8.69    0.00      0.00     0.00   0.00    0.00     0.00    0.00    0.00    0.01   8.32


avg-cpu:  %user   %nice %system %iowait  %steal   %idle
           1.42    0.00    1.72    0.30    0.00   96.56

Device            r/s     rkB/s   rrqm/s  %rrqm r_await rareq-sz     w/s     wkB/s   wrqm/s  %wrqm w_await wareq-sz     d/s     dkB/s   drqm/s  %drqm d_await dareq-sz     f/s f_await  aqu-sz  %util
dm-0             0.00      0.00     0.00   0.00    0.00     0.00   28.80    240.80     0.00   0.00    0.47     8.36    0.00      0.00     0.00   0.00    0.00     0.00    0.00    0.00    0.01   8.80
sda              0.00      0.00     0.00   0.00    0.00     0.00   26.40    240.80     2.40   8.33    0.30     9.12    0.00      0.00     0.00   0.00    0.00     0.00    0.00    0.00    0.01   8.80


avg-cpu:  %user   %nice %system %iowait  %steal   %idle
           1.62    0.00    2.22    0.30    0.00   95.86

Device            r/s     rkB/s   rrqm/s  %rrqm r_await rareq-sz     w/s     wkB/s   wrqm/s  %wrqm w_await wareq-sz     d/s     dkB/s   drqm/s  %drqm d_await dareq-sz     f/s f_await  aqu-sz  %util
dm-0             0.00      0.00     0.00   0.00    0.00     0.00   30.60    252.80     0.00   0.00    0.21     8.26    0.00      0.00     0.00   0.00    0.00     0.00    0.00    0.00    0.01   8.80
sda              0.00      0.00     0.00   0.00    0.00     0.00   27.40    252.80     3.20  10.46    0.30     9.23    0.00      0.00     0.00   0.00    0.00     0.00    0.00    0.00    0.01   8.80


avg-cpu:  %user   %nice %system %iowait  %steal   %idle
           1.61    0.00    1.51    0.20    0.00   96.67

Device            r/s     rkB/s   rrqm/s  %rrqm r_await rareq-sz     w/s     wkB/s   wrqm/s  %wrqm w_await wareq-sz     d/s     dkB/s   drqm/s  %drqm d_await dareq-sz     f/s f_await  aqu-sz  %util
dm-0             0.00      0.00     0.00   0.00    0.00     0.00   30.00    237.60     0.00   0.00    0.19     7.92    0.00      0.00     0.00   0.00    0.00     0.00    0.00    0.00    0.01   8.64
sda              0.00      0.00     0.00   0.00    0.00     0.00   26.40    237.60     3.60  12.00    0.30     9.00    0.00      0.00     0.00   0.00    0.00     0.00    0.00    0.00    0.01   8.64


avg-cpu:  %user   %nice %system %iowait  %steal   %idle
           2.23    0.00    1.82    0.30    0.00   95.65

Device            r/s     rkB/s   rrqm/s  %rrqm r_await rareq-sz     w/s     wkB/s   wrqm/s  %wrqm w_await wareq-sz     d/s     dkB/s   drqm/s  %drqm d_await dareq-sz     f/s f_await  aqu-sz  %util
dm-0             0.00      0.00     0.00   0.00    0.00     0.00   32.60    244.80     0.00   0.00    0.17     7.51    0.00      0.00     0.00   0.00    0.00     0.00    0.00    0.00    0.01   8.88
sda              0.00      0.00     0.00   0.00    0.00     0.00   28.80    244.80     3.80  11.66    0.31     8.50    0.00      0.00     0.00   0.00    0.00     0.00    0.00    0.00    0.01   8.88


avg-cpu:  %user   %nice %system %iowait  %steal   %idle
           1.71    0.00    1.41    0.30    0.00   96.58

Device            r/s     rkB/s   rrqm/s  %rrqm r_await rareq-sz     w/s     wkB/s   wrqm/s  %wrqm w_await wareq-sz     d/s     dkB/s   drqm/s  %drqm d_await dareq-sz     f/s f_await  aqu-sz  %util
dm-0             0.00      0.00     0.00   0.00    0.00     0.00   28.80    236.00     0.00   0.00    0.61     8.19    0.00      0.00     0.00   0.00    0.00     0.00    0.00    0.00    0.02   8.88
sda              0.00      0.00     0.00   0.00    0.00     0.00   26.20    236.00     2.60   9.03    0.31     9.01    0.00      0.00     0.00   0.00    0.00     0.00    0.00    0.00    0.01   8.88


avg-cpu:  %user   %nice %system %iowait  %steal   %idle
           2.11    0.00    2.81    0.20    0.00   94.88

Device            r/s     rkB/s   rrqm/s  %rrqm r_await rareq-sz     w/s     wkB/s   wrqm/s  %wrqm w_await wareq-sz     d/s     dkB/s   drqm/s  %drqm d_await dareq-sz     f/s f_await  aqu-sz  %util
dm-0             0.00      0.00     0.00   0.00    0.00     0.00   30.80    248.00     0.00   0.00    0.39     8.05    0.00      0.00     0.00   0.00    0.00     0.00    0.00    0.00    0.01   9.36
sda              0.00      0.00     0.00   0.00    0.00     0.00   27.40    248.00     3.40  11.04    0.30     9.05    0.00      0.00     0.00   0.00    0.00     0.00    0.00    0.00    0.01   9.36


avg-cpu:  %user   %nice %system %iowait  %steal   %idle
           1.99    0.00    2.79    0.30    0.00   94.93

Device            r/s     rkB/s   rrqm/s  %rrqm r_await rareq-sz     w/s     wkB/s   wrqm/s  %wrqm w_await wareq-sz     d/s     dkB/s   drqm/s  %drqm d_await dareq-sz     f/s f_await  aqu-sz  %util
dm-0             0.00      0.00     0.00   0.00    0.00     0.00   29.00    234.40     0.00   0.00    0.44     8.08    0.00      0.00     0.00   0.00    0.00     0.00    0.00    0.00    0.01   9.44
sda              0.00      0.00     0.00   0.00    0.00     0.00   26.60    234.40     2.40   8.28    0.31     8.81    0.00      0.00     0.00   0.00    0.00     0.00    0.00    0.00    0.01   9.44


avg-cpu:  %user   %nice %system %iowait  %steal   %idle
           2.70    0.00    2.20    0.30    0.00   94.79

Device            r/s     rkB/s   rrqm/s  %rrqm r_await rareq-sz     w/s     wkB/s   wrqm/s  %wrqm w_await wareq-sz     d/s     dkB/s   drqm/s  %drqm d_await dareq-sz     f/s f_await  aqu-sz  %util
dm-0             0.00      0.00     0.00   0.00    0.00     0.00   31.40    240.00     0.00   0.00    0.38     7.64    0.00      0.00     0.00   0.00    0.00     0.00    0.00    0.00    0.01   9.36
sda              0.00      0.00     0.00   0.00    0.00     0.00   28.00    240.00     3.40  10.83    0.31     8.57    0.00      0.00     0.00   0.00    0.00     0.00    0.00    0.00    0.01   9.36


avg-cpu:  %user   %nice %system %iowait  %steal   %idle
           1.70    0.00    2.20    0.20    0.00   95.90

Device            r/s     rkB/s   rrqm/s  %rrqm r_await rareq-sz     w/s     wkB/s   wrqm/s  %wrqm w_await wareq-sz     d/s     dkB/s   drqm/s  %drqm d_await dareq-sz     f/s f_await  aqu-sz  %util
dm-0             0.00      0.00     0.00   0.00    0.00     0.00   28.80    232.00     0.00   0.00    0.25     8.06    0.00      0.00     0.00   0.00    0.00     0.00    0.00    0.00    0.01   8.72
sda              0.00      0.00     0.00   0.00    0.00     0.00   26.20    232.00     2.60   9.03    0.28     8.85    0.00      0.00     0.00   0.00    0.00     0.00    0.00    0.00    0.01   8.72


avg-cpu:  %user   %nice %system %iowait  %steal   %idle
           2.40    0.00    2.51    0.20    0.00   94.89

Device            r/s     rkB/s   rrqm/s  %rrqm r_await rareq-sz     w/s     wkB/s   wrqm/s  %wrqm w_await wareq-sz     d/s     dkB/s   drqm/s  %drqm d_await dareq-sz     f/s f_await  aqu-sz  %util
dm-0             0.00      0.00     0.00   0.00    0.00     0.00   28.40    230.40     0.00   0.00    0.90     8.11    0.00      0.00     0.00   0.00    0.00     0.00    0.00    0.00    0.03   9.68
sda              0.00      0.00     0.00   0.00    0.00     0.00   25.60    230.40     2.80   9.86    0.25     9.00    0.00      0.00     0.00   0.00    0.00     0.00    0.00    0.00    0.01   9.60


avg-cpu:  %user   %nice %system %iowait  %steal   %idle
           1.21    0.00    2.02    0.30    0.00   96.47

Device            r/s     rkB/s   rrqm/s  %rrqm r_await rareq-sz     w/s     wkB/s   wrqm/s  %wrqm w_await wareq-sz     d/s     dkB/s   drqm/s  %drqm d_await dareq-sz     f/s f_await  aqu-sz  %util
dm-0             0.00      0.00     0.00   0.00    0.00     0.00   43.20    916.00     0.00   0.00    0.33    21.20    0.00      0.00     0.00   0.00    0.00     0.00    0.00    0.00    0.01   9.92
sda              0.00      0.00     0.00   0.00    0.00     0.00   33.00    916.00    10.60  24.31    0.32    27.76    0.00      0.00     0.00   0.00    0.00     0.00    0.00    0.00    0.01   9.92


avg-cpu:  %user   %nice %system %iowait  %steal   %idle
           1.72    0.00    1.82    0.30    0.00   96.16

Device            r/s     rkB/s   rrqm/s  %rrqm r_await rareq-sz     w/s     wkB/s   wrqm/s  %wrqm w_await wareq-sz     d/s     dkB/s   drqm/s  %drqm d_await dareq-sz     f/s f_await  aqu-sz  %util
dm-0             0.00      0.00     0.00   0.00    0.00     0.00   33.00    572.00     0.00   0.00    0.56    17.33    0.00      0.00     0.00   0.00    0.00     0.00    0.00    0.00    0.02   9.92
sda              0.00      0.00     0.00   0.00    0.00     0.00   29.80    572.00     3.20   9.70    0.34    19.19    0.00      0.00     0.00   0.00    0.00     0.00    0.00    0.00    0.01   9.92


avg-cpu:  %user   %nice %system %iowait  %steal   %idle
           1.71    0.00    1.71    0.30    0.00   96.28

Device            r/s     rkB/s   rrqm/s  %rrqm r_await rareq-sz     w/s     wkB/s   wrqm/s  %wrqm w_await wareq-sz     d/s     dkB/s   drqm/s  %drqm d_await dareq-sz     f/s f_await  aqu-sz  %util
dm-0             0.00      0.00     0.00   0.00    0.00     0.00   36.20    394.40     0.00   0.00    0.18    10.90    0.00      0.00     0.00   0.00    0.00     0.00    0.00    0.00    0.01   9.04
sda              0.00      0.00     0.00   0.00    0.00     0.00   33.00    394.40     3.20   8.84    0.33    11.95    0.00      0.00     0.00   0.00    0.00     0.00    0.00    0.00    0.01   8.96


avg-cpu:  %user   %nice %system %iowait  %steal   %idle
           2.52    0.00    2.52    0.20    0.00   94.76

Device            r/s     rkB/s   rrqm/s  %rrqm r_await rareq-sz     w/s     wkB/s   wrqm/s  %wrqm w_await wareq-sz     d/s     dkB/s   drqm/s  %drqm d_await dareq-sz     f/s f_await  aqu-sz  %util
dm-0             0.00      0.00     0.00   0.00    0.00     0.00   33.00    403.20     0.00   0.00    0.24    12.22    0.00      0.00     0.00   0.00    0.00     0.00    0.00    0.00    0.01   8.96
sda              0.00      0.00     0.00   0.00    0.00     0.00   29.60    403.20     3.40  10.30    0.32    13.62    0.00      0.00     0.00   0.00    0.00     0.00    0.00    0.00    0.01   8.96


avg-cpu:  %user   %nice %system %iowait  %steal   %idle
           2.01    0.00    2.42    0.30    0.00   95.27

Device            r/s     rkB/s   rrqm/s  %rrqm r_await rareq-sz     w/s     wkB/s   wrqm/s  %wrqm w_await wareq-sz     d/s     dkB/s   drqm/s  %drqm d_await dareq-sz     f/s f_await  aqu-sz  %util
dm-0             0.00      0.00     0.00   0.00    0.00     0.00   32.40    335.20     0.00   0.00    0.69    10.35    0.00      0.00     0.00   0.00    0.00     0.00    0.00    0.00    0.02  10.00
sda              0.00      0.00     0.00   0.00    0.00     0.00   29.60    335.20     2.80   8.64    0.34    11.32    0.00      0.00     0.00   0.00    0.00     0.00    0.00    0.00    0.01  10.00


avg-cpu:  %user   %nice %system %iowait  %steal   %idle
           2.11    0.00    3.41    0.30    0.00   94.18

Device            r/s     rkB/s   rrqm/s  %rrqm r_await rareq-sz     w/s     wkB/s   wrqm/s  %wrqm w_await wareq-sz     d/s     dkB/s   drqm/s  %drqm d_await dareq-sz     f/s f_await  aqu-sz  %util
dm-0             0.00      0.00     0.00   0.00    0.00     0.00   29.80    368.00     0.00   0.00    0.13    12.35    0.00      0.00     0.00   0.00    0.00     0.00    0.00    0.00    0.00   8.72
sda              0.00      0.00     0.00   0.00    0.00     0.00   27.80    368.00     2.00   6.71    0.36    13.24    0.00      0.00     0.00   0.00    0.00     0.00    0.00    0.00    0.01   8.72


avg-cpu:  %user   %nice %system %iowait  %steal   %idle
           2.30    0.00    2.90    0.30    0.00   94.49

Device            r/s     rkB/s   rrqm/s  %rrqm r_await rareq-sz     w/s     wkB/s   wrqm/s  %wrqm w_await wareq-sz     d/s     dkB/s   drqm/s  %drqm d_await dareq-sz     f/s f_await  aqu-sz  %util
dm-0             0.00      0.00     0.00   0.00    0.00     0.00   34.40    393.60     0.00   0.00    0.37    11.44    0.00      0.00     0.00   0.00    0.00     0.00    0.00    0.00    0.01   9.52
sda              0.00      0.00     0.00   0.00    0.00     0.00   30.60    393.60     3.80  11.05    0.33    12.86    0.00      0.00     0.00   0.00    0.00     0.00    0.00    0.00    0.01   9.52


avg-cpu:  %user   %nice %system %iowait  %steal   %idle
           3.01    0.00    3.01    0.30    0.00   93.69

Device            r/s     rkB/s   rrqm/s  %rrqm r_await rareq-sz     w/s     wkB/s   wrqm/s  %wrqm w_await wareq-sz     d/s     dkB/s   drqm/s  %drqm d_await dareq-sz     f/s f_await  aqu-sz  %util
dm-0             0.00      0.00     0.00   0.00    0.00     0.00   43.60    375.20     0.00   0.00    0.13     8.61    0.00      0.00     0.00   0.00    0.00     0.00    0.00    0.00    0.01   8.96
sda              0.00      0.00     0.00   0.00    0.00     0.00   38.80    375.20     4.80  11.01    0.40     9.67    0.00      0.00     0.00   0.00    0.00     0.00    0.00    0.00    0.02   8.96


avg-cpu:  %user   %nice %system %iowait  %steal   %idle
           1.90    0.00    2.30    0.30    0.00   95.50

Device            r/s     rkB/s   rrqm/s  %rrqm r_await rareq-sz     w/s     wkB/s   wrqm/s  %wrqm w_await wareq-sz     d/s     dkB/s   drqm/s  %drqm d_await dareq-sz     f/s f_await  aqu-sz  %util
dm-0             0.00      0.00     0.00   0.00    0.00     0.00   35.40    384.80     0.00   0.00    0.20    10.87    0.00      0.00     0.00   0.00    0.00     0.00    0.00    0.00    0.01   9.36
sda              0.00      0.00     0.00   0.00    0.00     0.00   32.00    384.80     3.40   9.60    0.34    12.03    0.00      0.00     0.00   0.00    0.00     0.00    0.00    0.00    0.01   9.36


avg-cpu:  %user   %nice %system %iowait  %steal   %idle
           2.43    0.00    2.23    0.30    0.00   95.04

Device            r/s     rkB/s   rrqm/s  %rrqm r_await rareq-sz     w/s     wkB/s   wrqm/s  %wrqm w_await wareq-sz     d/s     dkB/s   drqm/s  %drqm d_await dareq-sz     f/s f_await  aqu-sz  %util
dm-0             0.00      0.00     0.00   0.00    0.00     0.00   28.00    296.00     0.00   0.00    0.29    10.57    0.00      0.00     0.00   0.00    0.00     0.00    0.00    0.00    0.01   8.96
sda              0.00      0.00     0.00   0.00    0.00     0.00   26.00    296.00     2.00   7.14    0.32    11.38    0.00      0.00     0.00   0.00    0.00     0.00    0.00    0.00    0.01   8.96


avg-cpu:  %user   %nice %system %iowait  %steal   %idle
           1.62    0.00    1.82    0.20    0.00   96.36

Device            r/s     rkB/s   rrqm/s  %rrqm r_await rareq-sz     w/s     wkB/s   wrqm/s  %wrqm w_await wareq-sz     d/s     dkB/s   drqm/s  %drqm d_await dareq-sz     f/s f_await  aqu-sz  %util
dm-0             0.00      0.00     0.00   0.00    0.00     0.00   31.60    364.00     0.00   0.00    0.15    11.52    0.00      0.00     0.00   0.00    0.00     0.00    0.00    0.00    0.00   8.88
sda              0.00      0.00     0.00   0.00    0.00     0.00   28.80    364.00     2.80   8.86    0.33    12.64    0.00      0.00     0.00   0.00    0.00     0.00    0.00    0.00    0.01   8.88


avg-cpu:  %user   %nice %system %iowait  %steal   %idle
           2.23    0.00    1.93    0.41    0.00   95.44

Device            r/s     rkB/s   rrqm/s  %rrqm r_await rareq-sz     w/s     wkB/s   wrqm/s  %wrqm w_await wareq-sz     d/s     dkB/s   drqm/s  %drqm d_await dareq-sz     f/s f_await  aqu-sz  %util
dm-0             0.00      0.00     0.00   0.00    0.00     0.00   30.20    306.40     0.00   0.00    0.16    10.15    0.00      0.00     0.00   0.00    0.00     0.00    0.00    0.00    0.00   8.56
sda              0.00      0.00     0.00   0.00    0.00     0.00   26.60    306.40     3.60  11.92    0.38    11.52    0.00      0.00     0.00   0.00    0.00     0.00    0.00    0.00    0.01   8.56


avg-cpu:  %user   %nice %system %iowait  %steal   %idle
           1.32    0.00    1.22    0.30    0.00   97.16

Device            r/s     rkB/s   rrqm/s  %rrqm r_await rareq-sz     w/s     wkB/s   wrqm/s  %wrqm w_await wareq-sz     d/s     dkB/s   drqm/s  %drqm d_await dareq-sz     f/s f_await  aqu-sz  %util
dm-0             0.00      0.00     0.00   0.00    0.00     0.00   31.60    372.00     0.00   0.00    0.18    11.77    0.00      0.00     0.00   0.00    0.00     0.00    0.00    0.00    0.01   8.88
sda              0.00      0.00     0.00   0.00    0.00     0.00   28.40    372.00     3.20  10.13    0.35    13.10    0.00      0.00     0.00   0.00    0.00     0.00    0.00    0.00    0.01   8.88


avg-cpu:  %user   %nice %system %iowait  %steal   %idle
           1.73    0.00    2.34    0.20    0.00   95.74

Device            r/s     rkB/s   rrqm/s  %rrqm r_await rareq-sz     w/s     wkB/s   wrqm/s  %wrqm w_await wareq-sz     d/s     dkB/s   drqm/s  %drqm d_await dareq-sz     f/s f_await  aqu-sz  %util
dm-0             0.00      0.00     0.00   0.00    0.00     0.00   28.40    295.20     0.00   0.00    0.06    10.39    0.00      0.00     0.00   0.00    0.00     0.00    0.00    0.00    0.00   8.40
sda              0.00      0.00     0.00   0.00    0.00     0.00   26.00    295.20     2.40   8.45    0.28    11.35    0.00      0.00     0.00   0.00    0.00     0.00    0.00    0.00    0.01   8.40


avg-cpu:  %user   %nice %system %iowait  %steal   %idle
           1.21    0.00    1.92    0.20    0.00   96.66

Device            r/s     rkB/s   rrqm/s  %rrqm r_await rareq-sz     w/s     wkB/s   wrqm/s  %wrqm w_await wareq-sz     d/s     dkB/s   drqm/s  %drqm d_await dareq-sz     f/s f_await  aqu-sz  %util
dm-0             0.00      0.00     0.00   0.00    0.00     0.00   31.20    358.40     0.00   0.00    0.13    11.49    0.00      0.00     0.00   0.00    0.00     0.00    0.00    0.00    0.00   8.80
sda              0.00      0.00     0.00   0.00    0.00     0.00   28.20    358.40     3.00   9.62    0.32    12.71    0.00      0.00     0.00   0.00    0.00     0.00    0.00    0.00    0.01   8.80


avg-cpu:  %user   %nice %system %iowait  %steal   %idle
           1.51    0.00    2.22    0.30    0.00   95.96

Device            r/s     rkB/s   rrqm/s  %rrqm r_await rareq-sz     w/s     wkB/s   wrqm/s  %wrqm w_await wareq-sz     d/s     dkB/s   drqm/s  %drqm d_await dareq-sz     f/s f_await  aqu-sz  %util
dm-0             0.00      0.00     0.00   0.00    0.00     0.00   30.00    360.80     0.00   0.00    0.19    12.03    0.00      0.00     0.00   0.00    0.00     0.00    0.00    0.00    0.01   8.88
sda              0.00      0.00     0.00   0.00    0.00     0.00   27.00    360.80     3.00  10.00    0.27    13.36    0.00      0.00     0.00   0.00    0.00     0.00    0.00    0.00    0.01   8.88


avg-cpu:  %user   %nice %system %iowait  %steal   %idle
           1.22    0.00    1.72    0.20    0.00   96.86

Device            r/s     rkB/s   rrqm/s  %rrqm r_await rareq-sz     w/s     wkB/s   wrqm/s  %wrqm w_await wareq-sz     d/s     dkB/s   drqm/s  %drqm d_await dareq-sz     f/s f_await  aqu-sz  %util
dm-0             0.00      0.00     0.00   0.00    0.00     0.00   32.80    318.40     0.00   0.00    0.20     9.71    0.00      0.00     0.00   0.00    0.00     0.00    0.00    0.00    0.01   8.88
sda              0.00      0.00     0.00   0.00    0.00     0.00   28.60    318.40     4.20  12.80    0.27    11.13    0.00      0.00     0.00   0.00    0.00     0.00    0.00    0.00    0.01   8.88


avg-cpu:  %user   %nice %system %iowait  %steal   %idle
           2.22    0.00    2.32    0.30    0.00   95.16

Device            r/s     rkB/s   rrqm/s  %rrqm r_await rareq-sz     w/s     wkB/s   wrqm/s  %wrqm w_await wareq-sz     d/s     dkB/s   drqm/s  %drqm d_await dareq-sz     f/s f_await  aqu-sz  %util
dm-0             0.00      0.00     0.00   0.00    0.00     0.00   28.00    348.80     0.00   0.00    0.23    12.46    0.00      0.00     0.00   0.00    0.00     0.00    0.00    0.00    0.01   8.96
sda              0.00      0.00     0.00   0.00    0.00     0.00   26.00    348.80     2.00   7.14    0.31    13.42    0.00      0.00     0.00   0.00    0.00     0.00    0.00    0.00    0.01   8.96


avg-cpu:  %user   %nice %system %iowait  %steal   %idle
           1.51    0.00    1.82    0.20    0.00   96.47

Device            r/s     rkB/s   rrqm/s  %rrqm r_await rareq-sz     w/s     wkB/s   wrqm/s  %wrqm w_await wareq-sz     d/s     dkB/s   drqm/s  %drqm d_await dareq-sz     f/s f_await  aqu-sz  %util
dm-0             0.00      0.00     0.00   0.00    0.00     0.00   34.00    306.40     0.00   0.00    0.12     9.01    0.00      0.00     0.00   0.00    0.00     0.00    0.00    0.00    0.00   8.48
sda              0.00      0.00     0.00   0.00    0.00     0.00   29.60    306.40     4.40  12.94    0.32    10.35    0.00      0.00     0.00   0.00    0.00     0.00    0.00    0.00    0.01   8.56


avg-cpu:  %user   %nice %system %iowait  %steal   %idle
           1.91    0.00    2.71    0.30    0.00   95.08

Device            r/s     rkB/s   rrqm/s  %rrqm r_await rareq-sz     w/s     wkB/s   wrqm/s  %wrqm w_await wareq-sz     d/s     dkB/s   drqm/s  %drqm d_await dareq-sz     f/s f_await  aqu-sz  %util
dm-0             0.00      0.00     0.00   0.00    0.00     0.00   29.40    355.20     0.00   0.00    0.38    12.08    0.00      0.00     0.00   0.00    0.00     0.00    0.00    0.00    0.01   9.36
sda              0.00      0.00     0.00   0.00    0.00     0.00   27.20    355.20     2.20   7.48    0.32    13.06    0.00      0.00     0.00   0.00    0.00     0.00    0.00    0.00    0.01   9.36


avg-cpu:  %user   %nice %system %iowait  %steal   %idle
           1.41    0.00    1.00    0.10    0.00   97.49

Device            r/s     rkB/s   rrqm/s  %rrqm r_await rareq-sz     w/s     wkB/s   wrqm/s  %wrqm w_await wareq-sz     d/s     dkB/s   drqm/s  %drqm d_await dareq-sz     f/s f_await  aqu-sz  %util
dm-0             0.00      0.00     0.00   0.00    0.00     0.00   13.00    137.60     0.00   0.00    0.25    10.58    0.00      0.00     0.00   0.00    0.00     0.00    0.00    0.00    0.00   2.72
sda              0.00      0.00     0.00   0.00    0.00     0.00   10.00    137.60     3.00  23.08    0.34    13.76    0.00      0.00     0.00   0.00    0.00     0.00    0.00    0.00    0.00   2.72


avg-cpu:  %user   %nice %system %iowait  %steal   %idle
           1.20    0.00    1.30    0.00    0.00   97.49

Device            r/s     rkB/s   rrqm/s  %rrqm r_await rareq-sz     w/s     wkB/s   wrqm/s  %wrqm w_await wareq-sz     d/s     dkB/s   drqm/s  %drqm d_await dareq-sz     f/s f_await  aqu-sz  %util
dm-0             0.00      0.00     0.00   0.00    0.00     0.00    4.60    120.00     0.00   0.00    0.35    26.09    0.00      0.00     0.00   0.00    0.00     0.00    0.00    0.00    0.00   0.64
sda              0.00      0.00     0.00   0.00    0.00     0.00    2.20    120.00     2.40  52.17    0.45    54.55    0.00      0.00     0.00   0.00    0.00     0.00    0.00    0.00    0.00   0.64


avg-cpu:  %user   %nice %system %iowait  %steal   %idle
           0.50    0.00    0.50    0.00    0.00   99.00

Device            r/s     rkB/s   rrqm/s  %rrqm r_await rareq-sz     w/s     wkB/s   wrqm/s  %wrqm w_await wareq-sz     d/s     dkB/s   drqm/s  %drqm d_await dareq-sz     f/s f_await  aqu-sz  %util
dm-0             0.00      0.00     0.00   0.00    0.00     0.00    7.80    119.20     0.00   0.00    0.51    15.28    0.00      0.00     0.00   0.00    0.00     0.00    0.00    0.00    0.00   0.40
sda              0.00      0.00     0.00   0.00    0.00     0.00    5.60    119.20     2.20  28.21    0.36    21.29    0.00      0.00     0.00   0.00    0.00     0.00    0.00    0.00    0.00   0.40


avg-cpu:  %user   %nice %system %iowait  %steal   %idle
           1.50    0.00    1.20    0.10    0.00   97.19

Device            r/s     rkB/s   rrqm/s  %rrqm r_await rareq-sz     w/s     wkB/s   wrqm/s  %wrqm w_await wareq-sz     d/s     dkB/s   drqm/s  %drqm d_await dareq-sz     f/s f_await  aqu-sz  %util
dm-0             0.00      0.00     0.00   0.00    0.00     0.00   10.40     94.40     0.00   0.00    0.08     9.08    0.00      0.00     0.00   0.00    0.00     0.00    0.00    0.00    0.00   0.40
sda              0.00      0.00     0.00   0.00    0.00     0.00    5.80     94.40     4.60  44.23    0.38    16.28    0.00      0.00     0.00   0.00    0.00     0.00    0.00    0.00    0.00   0.40


avg-cpu:  %user   %nice %system %iowait  %steal   %idle
           0.90    0.00    0.60    0.00    0.00   98.50

Device            r/s     rkB/s   rrqm/s  %rrqm r_await rareq-sz     w/s     wkB/s   wrqm/s  %wrqm w_await wareq-sz     d/s     dkB/s   drqm/s  %drqm d_await dareq-sz     f/s f_await  aqu-sz  %util
dm-0             0.20     25.60     0.00   0.00    0.00   128.00    7.60     30.40     0.00   0.00    0.00     4.00    0.00      0.00     0.00   0.00    0.00     0.00    0.00    0.00    0.00   0.32
sda              0.20     25.60     0.00   0.00    1.00   128.00    3.40     30.40     4.20  55.26    0.53     8.94    0.00      0.00     0.00   0.00    0.00     0.00    0.00    0.00    0.00   0.32


avg-cpu:  %user   %nice %system %iowait  %steal   %idle
           1.40    0.00    1.00    0.00    0.00   97.60

Device            r/s     rkB/s   rrqm/s  %rrqm r_await rareq-sz     w/s     wkB/s   wrqm/s  %wrqm w_await wareq-sz     d/s     dkB/s   drqm/s  %drqm d_await dareq-sz     f/s f_await  aqu-sz  %util
dm-0             0.00      0.00     0.00   0.00    0.00     0.00    4.20     17.60     0.00   0.00    0.19     4.19    0.00      0.00     0.00   0.00    0.00     0.00    0.00    0.00    0.00   0.32
sda              0.00      0.00     0.00   0.00    0.00     0.00    1.40      7.20     2.60  65.00    0.43     5.14    0.00      0.00     0.00   0.00    0.00     0.00    0.00    0.00    0.00   0.32


avg-cpu:  %user   %nice %system %iowait  %steal   %idle
           0.70    0.00    0.90    0.00    0.00   98.40

Device            r/s     rkB/s   rrqm/s  %rrqm r_await rareq-sz     w/s     wkB/s   wrqm/s  %wrqm w_await wareq-sz     d/s     dkB/s   drqm/s  %drqm d_await dareq-sz     f/s f_await  aqu-sz  %util
dm-0             0.00      0.00     0.00   0.00    0.00     0.00    7.40     31.20     0.00   0.00    1.41     4.22    0.00      0.00     0.00   0.00    0.00     0.00    0.00    0.00    0.01   0.24
sda              0.00      0.00     0.00   0.00    0.00     0.00    7.40     41.60     0.20   2.63    0.32     5.62    0.00      0.00     0.00   0.00    0.00     0.00    0.00    0.00    0.00   0.24


avg-cpu:  %user   %nice %system %iowait  %steal   %idle
           1.60    0.00    1.10    0.00    0.00   97.29

Device            r/s     rkB/s   rrqm/s  %rrqm r_await rareq-sz     w/s     wkB/s   wrqm/s  %wrqm w_await wareq-sz     d/s     dkB/s   drqm/s  %drqm d_await dareq-sz     f/s f_await  aqu-sz  %util
dm-0             0.00      0.00     0.00   0.00    0.00     0.00    2.00      8.00     0.00   0.00    0.00     4.00    0.00      0.00     0.00   0.00    0.00     0.00    0.00    0.00    0.00   0.08
sda              0.00      0.00     0.00   0.00    0.00     0.00    0.40      8.00     1.60  80.00    0.00    20.00    0.00      0.00     0.00   0.00    0.00     0.00    0.00    0.00    0.00   0.08


avg-cpu:  %user   %nice %system %iowait  %steal   %idle
           0.80    0.00    0.60    0.00    0.00   98.60

Device            r/s     rkB/s   rrqm/s  %rrqm r_await rareq-sz     w/s     wkB/s   wrqm/s  %wrqm w_await wareq-sz     d/s     dkB/s   drqm/s  %drqm d_await dareq-sz     f/s f_await  aqu-sz  %util
dm-0             0.00      0.00     0.00   0.00    0.00     0.00    3.80     15.20     0.00   0.00    0.00     4.00    0.00      0.00     0.00   0.00    0.00     0.00    0.00    0.00    0.00   0.16
sda              0.00      0.00     0.00   0.00    0.00     0.00    1.60     15.20     2.20  57.89    0.50     9.50    0.00      0.00     0.00   0.00    0.00     0.00    0.00    0.00    0.00   0.16


